#
# A fatal error has been detected by the Java Runtime Environment:
#
#  EXCEPTION_ACCESS_VIOLATION (0xc0000005) at pc=0x00007fff519af74a, pid=26688, tid=20980
#
# JRE version: OpenJDK Runtime Environment AdoptOpenJDK (14.0.2+12) (build 14.0.2+12)
# Java VM: OpenJDK 64-Bit Server VM AdoptOpenJDK (14.0.2+12, mixed mode, sharing, tiered, compressed oops, g1 gc, windows-amd64)
# Problematic frame:
# C  [awt.dll+0x8f74a]
#
# No core dump will be written. Minidumps are not enabled by default on client versions of Windows
#
# If you would like to submit a bug report, please visit:
#   https://github.com/AdoptOpenJDK/openjdk-support/issues
# The crash happened outside the Java Virtual Machine in native code.
# See problematic frame for where to report the bug.
#

---------------  S U M M A R Y ------------

Command Line: -Dfile.encoding=UTF-8 -XX:+ShowCodeDetailsInExceptionMessages Client

Host: AMD Ryzen 7 3700X 8-Core Processor             , 16 cores, 15G,  Windows 10 , 64 bit Build 19041 (10.0.19041.1023)
Time: Mon Jul 19 05:26:32 2021 ìåãû (ïWèÄéû) elapsed time: 1 seconds (0d 0h 0m 1s)

---------------  T H R E A D  ---------------

Current thread (0x00000160eb918000):  JavaThread "main" [_thread_in_native, id=20980, stack(0x0000002cfc500000,0x0000002cfc600000)]

Stack: [0x0000002cfc500000,0x0000002cfc600000],  sp=0x0000002cfc5fefe0,  free space=1019k
Native frames: (J=compiled Java code, j=interpreted, Vv=VM code, C=native code)
C  [awt.dll+0x8f74a]

Java frames: (J=compiled Java code, j=interpreted, Vv=VM code)
j  sun.awt.windows.WComponentPeer._setFont(Ljava/awt/Font;)V+0 java.desktop@14.0.2
j  sun.awt.windows.WComponentPeer.setFont(Ljava/awt/Font;)V+7 java.desktop@14.0.2
j  sun.awt.windows.WWindowPeer.initialize()V+42 java.desktop@14.0.2
j  sun.awt.windows.WFramePeer.initialize()V+1 java.desktop@14.0.2
j  sun.awt.windows.WComponentPeer.<init>(Ljava/awt/Component;)V+83 java.desktop@14.0.2
j  sun.awt.windows.WCanvasPeer.<init>(Ljava/awt/Component;)V+2 java.desktop@14.0.2
j  sun.awt.windows.WPanelPeer.<init>(Ljava/awt/Component;)V+2 java.desktop@14.0.2
j  sun.awt.windows.WWindowPeer.<init>(Ljava/awt/Window;)V+2 java.desktop@14.0.2
j  sun.awt.windows.WFramePeer.<init>(Ljava/awt/Frame;)V+2 java.desktop@14.0.2
j  sun.awt.windows.WToolkit.createFrame(Ljava/awt/Frame;)Ljava/awt/peer/FramePeer;+5 java.desktop@14.0.2
j  java.awt.Frame.addNotify()V+20 java.desktop@14.0.2
j  java.awt.Window.pack()V+28 java.desktop@14.0.2
j  Client.<init>()V+1744
j  Client.main([Ljava/lang/String;)V+4
v  ~StubRoutines::call_stub

siginfo: EXCEPTION_ACCESS_VIOLATION (0xc0000005), reading address 0x0000000000000058


Register to memory mapping:

RIP=0x00007fff519af74a awt.dll
RAX=0x00007fff51a2b660 awt.dll
RBX=0x00000160eb918310 points into unknown readable memory: 20 dc e7 28 ff 7f 00 00
RCX=0x000001609a7bc610 points into unknown readable memory: 60 b6 a2 51 ff 7f 00 00
RDX=0x0 is NULL
RSP=0x0000002cfc5fefe0 is pointing into the stack for thread: 0x00000160eb918000
RBP=0x0 is NULL
RSI=0x00000160996bd840 is a global jni handle
RDI=0x00000160996bd848 is a global jni handle
R8 =0x0000000000000042 is an unknown value
R9 =0x0000000800b56ba0 is a pointer to class: 
java.awt.Font {0x0000000800b56ba8}
R10=0x0000000000008000 is an unknown value
R11=0x0000002cfc5fefe0 is pointing into the stack for thread: 0x00000160eb918000
R12=0x0 is NULL
R13={method} {0x00000160ff693f38} '_setFont' '(Ljava/awt/Font;)V' in 'sun/awt/windows/WComponentPeer'
R14=0x000001609a7bc610 points into unknown readable memory: 60 b6 a2 51 ff 7f 00 00
R15=0x000001609a8d0f90 points into unknown readable memory: 40 d8 6b 99 60 01 00 00


Registers:
RAX=0x00007fff51a2b660, RBX=0x00000160eb918310, RCX=0x000001609a7bc610, RDX=0x0000000000000000
RSP=0x0000002cfc5fefe0, RBP=0x0000000000000000, RSI=0x00000160996bd840, RDI=0x00000160996bd848
R8 =0x0000000000000042, R9 =0x0000000800b56ba0, R10=0x0000000000008000, R11=0x0000002cfc5fefe0
R12=0x0000000000000000, R13=0x00000160ff693f30, R14=0x000001609a7bc610, R15=0x000001609a8d0f90
RIP=0x00007fff519af74a, EFLAGS=0x0000000000010202

Top of Stack: (sp=0x0000002cfc5fefe0)
0x0000002cfc5fefe0:   000001609a8d0f90 000001609a7bc610
0x0000002cfc5feff0:   000001609a8d0f90 000001609a7bc610
0x0000002cfc5ff000:   00000160996bd848 00007fff519b4655
0x0000002cfc5ff010:   00000160eb918310 00000160eb918310
0x0000002cfc5ff020:   0000000000000000 00000160996bd840
0x0000002cfc5ff030:   00000160eb918000 0000002cfc5ff180
0x0000002cfc5ff040:   000001609a8d0f90 00007fff519ed59b
0x0000002cfc5ff050:   00007fff51a70018 0000002cfc5ff158
0x0000002cfc5ff060:   00007fff519b4528 0000000000000000
0x0000002cfc5ff070:   fffffffffffffffe fffffffffffffffe
0x0000002cfc5ff080:   00000160996bd840 00007fff519b581c
0x0000002cfc5ff090:   00000160996bd848 0000002cfc5ff178
0x0000002cfc5ff0a0:   0000002cfc5ff178 00007fff51a70018
0x0000002cfc5ff0b0:   fffffffffffffffe 0000000000000003
0x0000002cfc5ff0c0:   000000071046e160 00000160800100b4
0x0000002cfc5ff0d0:   00000160ff693f30 0000000000000003 

Instructions: (pc=0x00007fff519af74a)
0x00007fff519af64a:   00 48 8b d9 e8 d9 dc ff ff 48 8b f8 48 85 c0 75
0x00007fff519af65a:   04 48 8b 7b 48 48 8b cf e8 b3 16 05 00 48 8b d8
0x00007fff519af66a:   48 85 c0 74 60 83 64 24 20 00 0f 57 c0 83 64 24
0x00007fff519af67a:   34 00 b9 11 00 00 00 83 64 24 38 00 f3 0f 7f 44
0x00007fff519af68a:   24 24 ff 15 86 cc 0b 00 4c 8d 44 24 40 ba 5c 00
0x00007fff519af69a:   00 00 48 8b c8 ff 15 2b cf 0b 00 83 f8 5c 75 0d
0x00007fff519af6aa:   48 8d 54 24 40 48 8b cb e8 12 17 05 00 48 8d 54
0x00007fff519af6ba:   24 20 48 8b cb e8 29 17 05 00 48 8b d3 48 8b cf
0x00007fff519af6ca:   e8 d6 16 05 00 48 8b 8c 24 a0 00 00 00 48 33 cc
0x00007fff519af6da:   e8 01 24 05 00 48 8b 9c 24 c8 00 00 00 48 81 c4
0x00007fff519af6ea:   b0 00 00 00 5f c3 40 53 48 83 ec 20 48 8b d9 ff
0x00007fff519af6fa:   15 69 d4 0b 00 48 85 c0 75 0a 48 8b 4b 48 ff 15
0x00007fff519af70a:   52 d4 0b 00 48 83 c4 20 5b c3 4c 63 c2 48 8b 15
0x00007fff519af71a:   2a b8 0b 00 48 ff 25 e3 d2 0b 00 cc cc cc 48 8b
0x00007fff519af72a:   d1 48 8b 0d 1e e8 0b 00 48 89 15 17 e8 0b 00 e9
0x00007fff519af73a:   f6 63 04 00 cc cc 48 89 5c 24 08 57 48 83 ec 20
0x00007fff519af74a:   83 7a 58 00 48 8b da 48 8b f9 7d 08 48 8b ca e8
0x00007fff519af75a:   4a 95 01 00 4c 8b 43 48 45 33 c9 48 8b 4f 48 4d
0x00007fff519af76a:   8b 00 41 8d 51 30 ff 15 5a d5 0b 00 48 8b 4f 48
0x00007fff519af77a:   33 d2 44 8d 42 01 48 8b 5c 24 30 48 83 c4 20 5f
0x00007fff519af78a:   48 ff 25 f7 d3 0b 00 cc cc cc 48 8b c4 48 89 58
0x00007fff519af79a:   08 48 89 68 10 48 89 70 18 48 89 78 20 41 56 48
0x00007fff519af7aa:   83 ec 20 4c 8b f2 48 8b f9 48 8b 0d 3e 06 0c 00
0x00007fff519af7ba:   ba 02 00 01 00 41 8b e8 e8 24 22 05 00 48 8b 97
0x00007fff519af7ca:   c0 00 00 00 33 db 48 8b f0 48 85 d2 74 0d 4c 8b
0x00007fff519af7da:   08 48 8b c8 41 ff 91 b0 00 00 00 4d 85 f6 74 14
0x00007fff519af7ea:   48 8b 06 49 8b d6 48 8b ce ff 90 a8 00 00 00 48
0x00007fff519af7fa:   8b d8 eb 05 bd 01 00 00 00 48 89 9f c0 00 00 00
0x00007fff519af80a:   89 af c8 00 00 00 48 8b 5c 24 30 48 8b 6c 24 38
0x00007fff519af81a:   48 8b 74 24 40 48 8b 7c 24 48 48 83 c4 20 41 5e
0x00007fff519af82a:   c3 cc 48 89 5c 24 08 48 89 6c 24 10 48 89 74 24
0x00007fff519af83a:   18 57 48 83 ec 20 33 db 48 8b f9 48 85 c9 75 09 


Stack slot to memory mapping:
stack at sp + 0 slots: 0x000001609a8d0f90 points into unknown readable memory: 40 d8 6b 99 60 01 00 00
stack at sp + 1 slots: 0x000001609a7bc610 points into unknown readable memory: 60 b6 a2 51 ff 7f 00 00
stack at sp + 2 slots: 0x000001609a8d0f90 points into unknown readable memory: 40 d8 6b 99 60 01 00 00
stack at sp + 3 slots: 0x000001609a7bc610 points into unknown readable memory: 60 b6 a2 51 ff 7f 00 00
stack at sp + 4 slots: 0x00000160996bd848 is a global jni handle
stack at sp + 5 slots: 0x00007fff519b4655 awt.dll
stack at sp + 6 slots: 0x00000160eb918310 points into unknown readable memory: 20 dc e7 28 ff 7f 00 00
stack at sp + 7 slots: 0x00000160eb918310 points into unknown readable memory: 20 dc e7 28 ff 7f 00 00


---------------  P R O C E S S  ---------------

Threads class SMR info:
_java_thread_list=0x000001609951d030, length=22, elements={
0x00000160eb918000, 0x00000160ff53d800, 0x0000016091088800, 0x00000160910a5000,
0x00000160910a8800, 0x00000160910ab000, 0x00000160910ad800, 0x00000160910b5000,
0x00000160910eb000, 0x00000160911f0800, 0x00000160911f3800, 0x0000016091214000,
0x0000016091216800, 0x00000160914dc000, 0x00000160914df800, 0x00000160914e9000,
0x0000016091bed000, 0x0000016091bf4000, 0x00000160996af000, 0x000001609955e800,
0x0000016099f1b000, 0x000001609a585800
}

Java Threads: ( => current thread )
=>0x00000160eb918000 JavaThread "main" [_thread_in_native, id=20980, stack(0x0000002cfc500000,0x0000002cfc600000)]
  0x00000160ff53d800 JavaThread "Reference Handler" daemon [_thread_blocked, id=28476, stack(0x0000002cfcc00000,0x0000002cfcd00000)]
  0x0000016091088800 JavaThread "Finalizer" daemon [_thread_blocked, id=24660, stack(0x0000002cfcd00000,0x0000002cfce00000)]
  0x00000160910a5000 JavaThread "Signal Dispatcher" daemon [_thread_blocked, id=28212, stack(0x0000002cfce00000,0x0000002cfcf00000)]
  0x00000160910a8800 JavaThread "Attach Listener" daemon [_thread_blocked, id=27040, stack(0x0000002cfcf00000,0x0000002cfd000000)]
  0x00000160910ab000 JavaThread "Service Thread" daemon [_thread_blocked, id=2704, stack(0x0000002cfd000000,0x0000002cfd100000)]
  0x00000160910ad800 JavaThread "C2 CompilerThread0" daemon [_thread_blocked, id=21400, stack(0x0000002cfd100000,0x0000002cfd200000)]
  0x00000160910b5000 JavaThread "C1 CompilerThread0" daemon [_thread_blocked, id=12424, stack(0x0000002cfd200000,0x0000002cfd300000)]
  0x00000160910eb000 JavaThread "Sweeper thread" daemon [_thread_blocked, id=2968, stack(0x0000002cfd300000,0x0000002cfd400000)]
  0x00000160911f0800 JavaThread "C1 CompilerThread1" daemon [_thread_blocked, id=27496, stack(0x0000002cfd400000,0x0000002cfd500000)]
  0x00000160911f3800 JavaThread "C1 CompilerThread2" daemon [_thread_blocked, id=25572, stack(0x0000002cfd500000,0x0000002cfd600000)]
  0x0000016091214000 JavaThread "Notification Thread" daemon [_thread_blocked, id=26896, stack(0x0000002cfd600000,0x0000002cfd700000)]
  0x0000016091216800 JavaThread "Common-Cleaner" daemon [_thread_blocked, id=11724, stack(0x0000002cfd800000,0x0000002cfd900000)]
  0x00000160914dc000 JavaThread "Java2D Disposer" daemon [_thread_blocked, id=27768, stack(0x0000002cfd900000,0x0000002cfda00000)]
  0x00000160914df800 JavaThread "AWT-Shutdown" [_thread_blocked, id=8812, stack(0x0000002cfda00000,0x0000002cfdb00000)]
  0x00000160914e9000 JavaThread "AWT-Windows" daemon [_thread_in_native, id=9604, stack(0x0000002cfdb00000,0x0000002cfdc00000)]
  0x0000016091bed000 JavaThread "Image Fetcher 0" daemon [_thread_blocked, id=1380, stack(0x0000002cfe300000,0x0000002cfe400000)]
  0x0000016091bf4000 JavaThread "Image Fetcher 1" daemon [_thread_blocked, id=28376, stack(0x0000002cfe400000,0x0000002cfe500000)]
  0x00000160996af000 JavaThread "C2 CompilerThread1" daemon [_thread_blocked, id=15188, stack(0x0000002cfe500000,0x0000002cfe600000)]
  0x000001609955e800 JavaThread "AWT-EventQueue-0" [_thread_blocked, id=26088, stack(0x0000002cfe600000,0x0000002cfe700000)]
  0x0000016099f1b000 JavaThread "C2 CompilerThread2" daemon [_thread_blocked, id=10060, stack(0x0000002cfe900000,0x0000002cfea00000)]
  0x000001609a585800 JavaThread "C2 CompilerThread3" daemon [_thread_blocked, id=28464, stack(0x0000002cfea00000,0x0000002cfeb00000)]

Other Threads:
  0x00000160ff53c000 VMThread "VM Thread" [stack: 0x0000002cfcb00000,0x0000002cfcc00000] [id=28312]
  0x0000016091215800 WatcherThread [stack: 0x0000002cfd700000,0x0000002cfd800000] [id=28344]
  0x00000160eb984800 GCTaskThread "GC Thread#0" [stack: 0x0000002cfc600000,0x0000002cfc700000] [id=27804]
  0x000001609121a000 GCTaskThread "GC Thread#1" [stack: 0x0000002cfde00000,0x0000002cfdf00000] [id=23300]
  0x0000016091217000 GCTaskThread "GC Thread#2" [stack: 0x0000002cfdf00000,0x0000002cfe000000] [id=24884]
  0x0000016091218000 GCTaskThread "GC Thread#3" [stack: 0x0000002cfe000000,0x0000002cfe100000] [id=15688]
  0x0000016091218800 GCTaskThread "GC Thread#4" [stack: 0x0000002cfe100000,0x0000002cfe200000] [id=22632]
  0x0000016091bf8000 GCTaskThread "GC Thread#5" [stack: 0x0000002cfe200000,0x0000002cfe300000] [id=25796]
  0x00000160eb9a6800 ConcurrentGCThread "G1 Main Marker" [stack: 0x0000002cfc700000,0x0000002cfc800000] [id=25188]
  0x00000160eb9a9000 ConcurrentGCThread "G1 Conc#0" [stack: 0x0000002cfc800000,0x0000002cfc900000] [id=1856]
  0x00000160991a0000 ConcurrentGCThread "G1 Conc#1" [stack: 0x0000002cfe700000,0x0000002cfe800000] [id=12140]
  0x000001609956a800 ConcurrentGCThread "G1 Conc#2" [stack: 0x0000002cfe800000,0x0000002cfe900000] [id=25336]
  0x00000160ff42b800 ConcurrentGCThread "G1 Refine#0" [stack: 0x0000002cfc900000,0x0000002cfca00000] [id=26416]
  0x00000160ff42d000 ConcurrentGCThread "G1 Young RemSet Sampling" [stack: 0x0000002cfca00000,0x0000002cfcb00000] [id=26444]

Threads with active compile tasks:

VM state:not at safepoint (normal execution)

VM Mutex/Monitor currently owned by a thread: None

Heap address: 0x0000000700a00000, size: 4086 MB, Compressed Oops mode: Zero based, Oop shift amount: 3
Narrow klass base: 0x0000000800000000, Narrow klass shift: 3
Compressed class space size: 1073741824 Address: 0x0000000800b30000

Heap:
 garbage-first heap   total 262144K, used 139355K [0x0000000700a00000, 0x0000000800000000)
  region size 1024K, 19 young (19456K), 4 survivors (4096K)
 Metaspace       used 11596K, capacity 11863K, committed 12032K, reserved 1060864K
  class space    used 1302K, capacity 1442K, committed 1536K, reserved 1048576K
Heap Regions: E=young(eden), S=young(survivor), O=old, HS=humongous(starts), HC=humongous(continues), CS=collection set, F=free, OA=open archive, CA=closed archive, TAMS=top-at-mark-start (previous, next)
|   0|0x0000000700a00000, 0x0000000700b00000, 0x0000000700b00000|100%|HS|  |TAMS 0x0000000700b00000, 0x0000000700a00000| Complete 
|   1|0x0000000700b00000, 0x0000000700c00000, 0x0000000700c00000|100%|HC|  |TAMS 0x0000000700c00000, 0x0000000700b00000| Complete 
|   2|0x0000000700c00000, 0x0000000700d00000, 0x0000000700d00000|100%|HC|  |TAMS 0x0000000700d00000, 0x0000000700c00000| Complete 
|   3|0x0000000700d00000, 0x0000000700e00000, 0x0000000700e00000|100%|HC|  |TAMS 0x0000000700e00000, 0x0000000700d00000| Complete 
|   4|0x0000000700e00000, 0x0000000700f00000, 0x0000000700f00000|100%|HC|  |TAMS 0x0000000700f00000, 0x0000000700e00000| Complete 
|   5|0x0000000700f00000, 0x0000000701000000, 0x0000000701000000|100%|HS|  |TAMS 0x0000000701000000, 0x0000000700f00000| Complete 
|   6|0x0000000701000000, 0x0000000701100000, 0x0000000701100000|100%|HC|  |TAMS 0x0000000701100000, 0x0000000701000000| Complete 
|   7|0x0000000701100000, 0x0000000701200000, 0x0000000701200000|100%|HC|  |TAMS 0x0000000701200000, 0x0000000701100000| Complete 
|   8|0x0000000701200000, 0x0000000701300000, 0x0000000701300000|100%|HC|  |TAMS 0x0000000701300000, 0x0000000701200000| Complete 
|   9|0x0000000701300000, 0x0000000701400000, 0x0000000701400000|100%|HC|  |TAMS 0x0000000701400000, 0x0000000701300000| Complete 
|  10|0x0000000701400000, 0x0000000701500000, 0x0000000701500000|100%|HS|  |TAMS 0x0000000701500000, 0x0000000701400000| Complete 
|  11|0x0000000701500000, 0x0000000701600000, 0x0000000701600000|100%|HC|  |TAMS 0x0000000701600000, 0x0000000701500000| Complete 
|  12|0x0000000701600000, 0x0000000701700000, 0x0000000701700000|100%|HC|  |TAMS 0x0000000701700000, 0x0000000701600000| Complete 
|  13|0x0000000701700000, 0x0000000701800000, 0x0000000701800000|100%|HC|  |TAMS 0x0000000701800000, 0x0000000701700000| Complete 
|  14|0x0000000701800000, 0x0000000701900000, 0x0000000701900000|100%|HC|  |TAMS 0x0000000701900000, 0x0000000701800000| Complete 
|  15|0x0000000701900000, 0x0000000701a00000, 0x0000000701a00000|100%|HS|  |TAMS 0x0000000701a00000, 0x0000000701900000| Complete 
|  16|0x0000000701a00000, 0x0000000701b00000, 0x0000000701b00000|100%|HC|  |TAMS 0x0000000701b00000, 0x0000000701a00000| Complete 
|  17|0x0000000701b00000, 0x0000000701c00000, 0x0000000701c00000|100%|HC|  |TAMS 0x0000000701c00000, 0x0000000701b00000| Complete 
|  18|0x0000000701c00000, 0x0000000701d00000, 0x0000000701d00000|100%|HC|  |TAMS 0x0000000701d00000, 0x0000000701c00000| Complete 
|  19|0x0000000701d00000, 0x0000000701e00000, 0x0000000701e00000|100%|HC|  |TAMS 0x0000000701e00000, 0x0000000701d00000| Complete 
|  20|0x0000000701e00000, 0x0000000701f00000, 0x0000000701f00000|100%|HS|  |TAMS 0x0000000701f00000, 0x0000000701e00000| Complete 
|  21|0x0000000701f00000, 0x0000000702000000, 0x0000000702000000|100%|HC|  |TAMS 0x0000000702000000, 0x0000000701f00000| Complete 
|  22|0x0000000702000000, 0x0000000702100000, 0x0000000702100000|100%|HC|  |TAMS 0x0000000702100000, 0x0000000702000000| Complete 
|  23|0x0000000702100000, 0x0000000702200000, 0x0000000702200000|100%|HC|  |TAMS 0x0000000702200000, 0x0000000702100000| Complete 
|  24|0x0000000702200000, 0x0000000702300000, 0x0000000702300000|100%|HC|  |TAMS 0x0000000702300000, 0x0000000702200000| Complete 
|  25|0x0000000702300000, 0x0000000702400000, 0x0000000702400000|100%|HS|  |TAMS 0x0000000702400000, 0x0000000702300000| Complete 
|  26|0x0000000702400000, 0x0000000702500000, 0x0000000702500000|100%|HC|  |TAMS 0x0000000702500000, 0x0000000702400000| Complete 
|  27|0x0000000702500000, 0x0000000702600000, 0x0000000702600000|100%|HC|  |TAMS 0x0000000702600000, 0x0000000702500000| Complete 
|  28|0x0000000702600000, 0x0000000702700000, 0x0000000702700000|100%|HC|  |TAMS 0x0000000702700000, 0x0000000702600000| Complete 
|  29|0x0000000702700000, 0x0000000702800000, 0x0000000702800000|100%|HC|  |TAMS 0x0000000702800000, 0x0000000702700000| Complete 
|  30|0x0000000702800000, 0x0000000702900000, 0x0000000702900000|100%|HS|  |TAMS 0x0000000702900000, 0x0000000702800000| Complete 
|  31|0x0000000702900000, 0x0000000702a00000, 0x0000000702a00000|100%|HC|  |TAMS 0x0000000702a00000, 0x0000000702900000| Complete 
|  32|0x0000000702a00000, 0x0000000702b00000, 0x0000000702b00000|100%|HC|  |TAMS 0x0000000702b00000, 0x0000000702a00000| Complete 
|  33|0x0000000702b00000, 0x0000000702c00000, 0x0000000702c00000|100%|HC|  |TAMS 0x0000000702c00000, 0x0000000702b00000| Complete 
|  34|0x0000000702c00000, 0x0000000702d00000, 0x0000000702d00000|100%|HC|  |TAMS 0x0000000702d00000, 0x0000000702c00000| Complete 
|  35|0x0000000702d00000, 0x0000000702e00000, 0x0000000702e00000|100%|HS|  |TAMS 0x0000000702e00000, 0x0000000702d00000| Complete 
|  36|0x0000000702e00000, 0x0000000702f00000, 0x0000000702f00000|100%|HC|  |TAMS 0x0000000702f00000, 0x0000000702e00000| Complete 
|  37|0x0000000702f00000, 0x0000000703000000, 0x0000000703000000|100%|HC|  |TAMS 0x0000000703000000, 0x0000000702f00000| Complete 
|  38|0x0000000703000000, 0x0000000703100000, 0x0000000703100000|100%|HC|  |TAMS 0x0000000703100000, 0x0000000703000000| Complete 
|  39|0x0000000703100000, 0x0000000703200000, 0x0000000703200000|100%|HC|  |TAMS 0x0000000703200000, 0x0000000703100000| Complete 
|  40|0x0000000703200000, 0x0000000703300000, 0x0000000703300000|100%|HS|  |TAMS 0x0000000703300000, 0x0000000703200000| Complete 
|  41|0x0000000703300000, 0x0000000703400000, 0x0000000703400000|100%|HC|  |TAMS 0x0000000703400000, 0x0000000703300000| Complete 
|  42|0x0000000703400000, 0x0000000703500000, 0x0000000703500000|100%|HC|  |TAMS 0x0000000703500000, 0x0000000703400000| Complete 
|  43|0x0000000703500000, 0x0000000703600000, 0x0000000703600000|100%|HC|  |TAMS 0x0000000703600000, 0x0000000703500000| Complete 
|  44|0x0000000703600000, 0x0000000703700000, 0x0000000703700000|100%|HC|  |TAMS 0x0000000703700000, 0x0000000703600000| Complete 
|  45|0x0000000703700000, 0x0000000703800000, 0x0000000703800000|100%|HS|  |TAMS 0x0000000703800000, 0x0000000703700000| Complete 
|  46|0x0000000703800000, 0x0000000703900000, 0x0000000703900000|100%|HC|  |TAMS 0x0000000703900000, 0x0000000703800000| Complete 
|  47|0x0000000703900000, 0x0000000703a00000, 0x0000000703a00000|100%|HC|  |TAMS 0x0000000703a00000, 0x0000000703900000| Complete 
|  48|0x0000000703a00000, 0x0000000703b00000, 0x0000000703b00000|100%|HC|  |TAMS 0x0000000703b00000, 0x0000000703a00000| Complete 
|  49|0x0000000703b00000, 0x0000000703c00000, 0x0000000703c00000|100%|HC|  |TAMS 0x0000000703c00000, 0x0000000703b00000| Complete 
|  50|0x0000000703c00000, 0x0000000703d00000, 0x0000000703d00000|100%|HS|  |TAMS 0x0000000703d00000, 0x0000000703c00000| Complete 
|  51|0x0000000703d00000, 0x0000000703e00000, 0x0000000703e00000|100%|HC|  |TAMS 0x0000000703e00000, 0x0000000703d00000| Complete 
|  52|0x0000000703e00000, 0x0000000703f00000, 0x0000000703f00000|100%|HC|  |TAMS 0x0000000703f00000, 0x0000000703e00000| Complete 
|  53|0x0000000703f00000, 0x0000000704000000, 0x0000000704000000|100%|HC|  |TAMS 0x0000000704000000, 0x0000000703f00000| Complete 
|  54|0x0000000704000000, 0x0000000704100000, 0x0000000704100000|100%|HC|  |TAMS 0x0000000704100000, 0x0000000704000000| Complete 
|  55|0x0000000704100000, 0x0000000704200000, 0x0000000704200000|100%|HS|  |TAMS 0x0000000704200000, 0x0000000704100000| Complete 
|  56|0x0000000704200000, 0x0000000704300000, 0x0000000704300000|100%|HC|  |TAMS 0x0000000704300000, 0x0000000704200000| Complete 
|  57|0x0000000704300000, 0x0000000704400000, 0x0000000704400000|100%|HC|  |TAMS 0x0000000704400000, 0x0000000704300000| Complete 
|  58|0x0000000704400000, 0x0000000704500000, 0x0000000704500000|100%|HC|  |TAMS 0x0000000704500000, 0x0000000704400000| Complete 
|  59|0x0000000704500000, 0x0000000704600000, 0x0000000704600000|100%|HC|  |TAMS 0x0000000704600000, 0x0000000704500000| Complete 
|  60|0x0000000704600000, 0x0000000704700000, 0x0000000704700000|100%|HS|  |TAMS 0x0000000704700000, 0x0000000704600000| Complete 
|  61|0x0000000704700000, 0x0000000704800000, 0x0000000704800000|100%|HC|  |TAMS 0x0000000704800000, 0x0000000704700000| Complete 
|  62|0x0000000704800000, 0x0000000704900000, 0x0000000704900000|100%|HC|  |TAMS 0x0000000704900000, 0x0000000704800000| Complete 
|  63|0x0000000704900000, 0x0000000704a00000, 0x0000000704a00000|100%|HC|  |TAMS 0x0000000704a00000, 0x0000000704900000| Complete 
|  64|0x0000000704a00000, 0x0000000704b00000, 0x0000000704b00000|100%|HC|  |TAMS 0x0000000704b00000, 0x0000000704a00000| Complete 
|  65|0x0000000704b00000, 0x0000000704c00000, 0x0000000704c00000|100%|HS|  |TAMS 0x0000000704c00000, 0x0000000704b00000| Complete 
|  66|0x0000000704c00000, 0x0000000704d00000, 0x0000000704d00000|100%|HC|  |TAMS 0x0000000704d00000, 0x0000000704c00000| Complete 
|  67|0x0000000704d00000, 0x0000000704e00000, 0x0000000704e00000|100%|HC|  |TAMS 0x0000000704e00000, 0x0000000704d00000| Complete 
|  68|0x0000000704e00000, 0x0000000704f00000, 0x0000000704f00000|100%|HC|  |TAMS 0x0000000704f00000, 0x0000000704e00000| Complete 
|  69|0x0000000704f00000, 0x0000000705000000, 0x0000000705000000|100%|HC|  |TAMS 0x0000000705000000, 0x0000000704f00000| Complete 
|  70|0x0000000705000000, 0x0000000705100000, 0x0000000705100000|100%|HS|  |TAMS 0x0000000705100000, 0x0000000705000000| Complete 
|  71|0x0000000705100000, 0x0000000705200000, 0x0000000705200000|100%|HC|  |TAMS 0x0000000705200000, 0x0000000705100000| Complete 
|  72|0x0000000705200000, 0x0000000705300000, 0x0000000705300000|100%|HC|  |TAMS 0x0000000705300000, 0x0000000705200000| Complete 
|  73|0x0000000705300000, 0x0000000705400000, 0x0000000705400000|100%|HC|  |TAMS 0x0000000705400000, 0x0000000705300000| Complete 
|  74|0x0000000705400000, 0x0000000705500000, 0x0000000705500000|100%|HC|  |TAMS 0x0000000705500000, 0x0000000705400000| Complete 
|  75|0x0000000705500000, 0x0000000705600000, 0x0000000705600000|100%|HS|  |TAMS 0x0000000705600000, 0x0000000705500000| Complete 
|  76|0x0000000705600000, 0x0000000705700000, 0x0000000705700000|100%|HC|  |TAMS 0x0000000705700000, 0x0000000705600000| Complete 
|  77|0x0000000705700000, 0x0000000705800000, 0x0000000705800000|100%|HC|  |TAMS 0x0000000705800000, 0x0000000705700000| Complete 
|  78|0x0000000705800000, 0x0000000705900000, 0x0000000705900000|100%|HC|  |TAMS 0x0000000705900000, 0x0000000705800000| Complete 
|  79|0x0000000705900000, 0x0000000705a00000, 0x0000000705a00000|100%|HC|  |TAMS 0x0000000705a00000, 0x0000000705900000| Complete 
|  80|0x0000000705a00000, 0x0000000705b00000, 0x0000000705b00000|100%|HS|  |TAMS 0x0000000705b00000, 0x0000000705a00000| Complete 
|  81|0x0000000705b00000, 0x0000000705c00000, 0x0000000705c00000|100%|HC|  |TAMS 0x0000000705c00000, 0x0000000705b00000| Complete 
|  82|0x0000000705c00000, 0x0000000705d00000, 0x0000000705d00000|100%|HC|  |TAMS 0x0000000705d00000, 0x0000000705c00000| Complete 
|  83|0x0000000705d00000, 0x0000000705e00000, 0x0000000705e00000|100%|HC|  |TAMS 0x0000000705e00000, 0x0000000705d00000| Complete 
|  84|0x0000000705e00000, 0x0000000705f00000, 0x0000000705f00000|100%|HC|  |TAMS 0x0000000705f00000, 0x0000000705e00000| Complete 
|  85|0x0000000705f00000, 0x0000000706000000, 0x0000000706000000|100%|HS|  |TAMS 0x0000000706000000, 0x0000000705f00000| Complete 
|  86|0x0000000706000000, 0x0000000706100000, 0x0000000706100000|100%|HC|  |TAMS 0x0000000706100000, 0x0000000706000000| Complete 
|  87|0x0000000706100000, 0x0000000706200000, 0x0000000706200000|100%|HC|  |TAMS 0x0000000706200000, 0x0000000706100000| Complete 
|  88|0x0000000706200000, 0x0000000706300000, 0x0000000706300000|100%|HC|  |TAMS 0x0000000706300000, 0x0000000706200000| Complete 
|  89|0x0000000706300000, 0x0000000706400000, 0x0000000706400000|100%|HC|  |TAMS 0x0000000706400000, 0x0000000706300000| Complete 
|  90|0x0000000706400000, 0x0000000706500000, 0x0000000706500000|100%|HS|  |TAMS 0x0000000706500000, 0x0000000706400000| Complete 
|  91|0x0000000706500000, 0x0000000706600000, 0x0000000706600000|100%|HC|  |TAMS 0x0000000706600000, 0x0000000706500000| Complete 
|  92|0x0000000706600000, 0x0000000706700000, 0x0000000706700000|100%|HC|  |TAMS 0x0000000706700000, 0x0000000706600000| Complete 
|  93|0x0000000706700000, 0x0000000706800000, 0x0000000706800000|100%|HC|  |TAMS 0x0000000706800000, 0x0000000706700000| Complete 
|  94|0x0000000706800000, 0x0000000706900000, 0x0000000706900000|100%|HC|  |TAMS 0x0000000706900000, 0x0000000706800000| Complete 
|  95|0x0000000706900000, 0x0000000706a00000, 0x0000000706a00000|100%|HC|  |TAMS 0x0000000706a00000, 0x0000000706900000| Complete 
|  96|0x0000000706a00000, 0x0000000706b00000, 0x0000000706b00000|100%|HC|  |TAMS 0x0000000706b00000, 0x0000000706a00000| Complete 
|  97|0x0000000706b00000, 0x0000000706c00000, 0x0000000706c00000|100%|HC|  |TAMS 0x0000000706c00000, 0x0000000706b00000| Complete 
|  98|0x0000000706c00000, 0x0000000706d00000, 0x0000000706d00000|100%|HC|  |TAMS 0x0000000706d00000, 0x0000000706c00000| Complete 
|  99|0x0000000706d00000, 0x0000000706e00000, 0x0000000706e00000|100%|HC|  |TAMS 0x0000000706e00000, 0x0000000706d00000| Complete 
| 100|0x0000000706e00000, 0x0000000706f00000, 0x0000000706f00000|100%|HC|  |TAMS 0x0000000706f00000, 0x0000000706e00000| Complete 
| 101|0x0000000706f00000, 0x0000000707000000, 0x0000000707000000|100%|HS|  |TAMS 0x0000000707000000, 0x0000000706f00000| Complete 
| 102|0x0000000707000000, 0x0000000707100000, 0x0000000707100000|100%|HC|  |TAMS 0x0000000707100000, 0x0000000707000000| Complete 
| 103|0x0000000707100000, 0x0000000707200000, 0x0000000707200000|100%|HC|  |TAMS 0x0000000707200000, 0x0000000707100000| Complete 
| 104|0x0000000707200000, 0x0000000707300000, 0x0000000707300000|100%|HC|  |TAMS 0x0000000707300000, 0x0000000707200000| Complete 
| 105|0x0000000707300000, 0x0000000707400000, 0x0000000707400000|100%|HC|  |TAMS 0x0000000707400000, 0x0000000707300000| Complete 
| 106|0x0000000707400000, 0x0000000707500000, 0x0000000707500000|100%|HC|  |TAMS 0x0000000707500000, 0x0000000707400000| Complete 
| 107|0x0000000707500000, 0x0000000707600000, 0x0000000707600000|100%|HC|  |TAMS 0x0000000707600000, 0x0000000707500000| Complete 
| 108|0x0000000707600000, 0x0000000707700000, 0x0000000707700000|100%|HC|  |TAMS 0x0000000707700000, 0x0000000707600000| Complete 
| 109|0x0000000707700000, 0x0000000707800000, 0x0000000707800000|100%|HC|  |TAMS 0x0000000707800000, 0x0000000707700000| Complete 
| 110|0x0000000707800000, 0x0000000707900000, 0x0000000707900000|100%|HC|  |TAMS 0x0000000707900000, 0x0000000707800000| Complete 
| 111|0x0000000707900000, 0x0000000707a00000, 0x0000000707a00000|100%|HC|  |TAMS 0x0000000707a00000, 0x0000000707900000| Complete 
| 112|0x0000000707a00000, 0x0000000707b00000, 0x0000000707b00000|100%|HS|  |TAMS 0x0000000707b00000, 0x0000000707a00000| Complete 
| 113|0x0000000707b00000, 0x0000000707c00000, 0x0000000707c00000|100%|HC|  |TAMS 0x0000000707c00000, 0x0000000707b00000| Complete 
| 114|0x0000000707c00000, 0x0000000707d00000, 0x0000000707d00000|100%|HC|  |TAMS 0x0000000707d00000, 0x0000000707c00000| Complete 
| 115|0x0000000707d00000, 0x0000000707e00000, 0x0000000707e00000|100%|HS|  |TAMS 0x0000000707e00000, 0x0000000707d00000| Complete 
| 116|0x0000000707e00000, 0x0000000707f00000, 0x0000000707f00000|100%|HS|  |TAMS 0x0000000707e00000, 0x0000000707e00000| Complete 
| 117|0x0000000707f00000, 0x0000000708000000, 0x0000000708000000|100%|HS|  |TAMS 0x0000000708000000, 0x0000000707f00000| Complete 
| 118|0x0000000708000000, 0x0000000708100000, 0x0000000708100000|100%|HC|  |TAMS 0x0000000708100000, 0x0000000708000000| Complete 
| 119|0x0000000708100000, 0x0000000708100000, 0x0000000708200000|  0%| F|  |TAMS 0x0000000708100000, 0x0000000708100000| Untracked 
| 120|0x0000000708200000, 0x0000000708200000, 0x0000000708300000|  0%| F|  |TAMS 0x0000000708200000, 0x0000000708200000| Untracked 
| 121|0x0000000708300000, 0x0000000708300000, 0x0000000708400000|  0%| F|  |TAMS 0x0000000708300000, 0x0000000708300000| Untracked 
| 122|0x0000000708400000, 0x0000000708400000, 0x0000000708500000|  0%| F|  |TAMS 0x0000000708400000, 0x0000000708400000| Untracked 
| 123|0x0000000708500000, 0x0000000708500000, 0x0000000708600000|  0%| F|  |TAMS 0x0000000708500000, 0x0000000708500000| Untracked 
| 124|0x0000000708600000, 0x0000000708600000, 0x0000000708700000|  0%| F|  |TAMS 0x0000000708600000, 0x0000000708600000| Untracked 
| 125|0x0000000708700000, 0x0000000708700000, 0x0000000708800000|  0%| F|  |TAMS 0x0000000708700000, 0x0000000708700000| Untracked 
| 126|0x0000000708800000, 0x0000000708800000, 0x0000000708900000|  0%| F|  |TAMS 0x0000000708800000, 0x0000000708800000| Untracked 
| 127|0x0000000708900000, 0x0000000708900000, 0x0000000708a00000|  0%| F|  |TAMS 0x0000000708900000, 0x0000000708900000| Untracked 
| 128|0x0000000708a00000, 0x0000000708a00000, 0x0000000708b00000|  0%| F|  |TAMS 0x0000000708a00000, 0x0000000708a00000| Untracked 
| 129|0x0000000708b00000, 0x0000000708b00000, 0x0000000708c00000|  0%| F|  |TAMS 0x0000000708b00000, 0x0000000708b00000| Untracked 
| 130|0x0000000708c00000, 0x0000000708c00000, 0x0000000708d00000|  0%| F|  |TAMS 0x0000000708c00000, 0x0000000708c00000| Untracked 
| 131|0x0000000708d00000, 0x0000000708d00000, 0x0000000708e00000|  0%| F|  |TAMS 0x0000000708d00000, 0x0000000708d00000| Untracked 
| 132|0x0000000708e00000, 0x0000000708e00000, 0x0000000708f00000|  0%| F|  |TAMS 0x0000000708e00000, 0x0000000708e00000| Untracked 
| 133|0x0000000708f00000, 0x0000000708f00000, 0x0000000709000000|  0%| F|  |TAMS 0x0000000708f00000, 0x0000000708f00000| Untracked 
| 134|0x0000000709000000, 0x0000000709000000, 0x0000000709100000|  0%| F|  |TAMS 0x0000000709000000, 0x0000000709000000| Untracked 
| 135|0x0000000709100000, 0x0000000709100000, 0x0000000709200000|  0%| F|  |TAMS 0x0000000709100000, 0x0000000709100000| Untracked 
| 136|0x0000000709200000, 0x0000000709200000, 0x0000000709300000|  0%| F|  |TAMS 0x0000000709200000, 0x0000000709200000| Untracked 
| 137|0x0000000709300000, 0x0000000709300000, 0x0000000709400000|  0%| F|  |TAMS 0x0000000709300000, 0x0000000709300000| Untracked 
| 138|0x0000000709400000, 0x0000000709400000, 0x0000000709500000|  0%| F|  |TAMS 0x0000000709400000, 0x0000000709400000| Untracked 
| 139|0x0000000709500000, 0x0000000709500000, 0x0000000709600000|  0%| F|  |TAMS 0x0000000709500000, 0x0000000709500000| Untracked 
| 140|0x0000000709600000, 0x0000000709600000, 0x0000000709700000|  0%| F|  |TAMS 0x0000000709600000, 0x0000000709600000| Untracked 
| 141|0x0000000709700000, 0x0000000709700000, 0x0000000709800000|  0%| F|  |TAMS 0x0000000709700000, 0x0000000709700000| Untracked 
| 142|0x0000000709800000, 0x0000000709800000, 0x0000000709900000|  0%| F|  |TAMS 0x0000000709800000, 0x0000000709800000| Untracked 
| 143|0x0000000709900000, 0x0000000709900000, 0x0000000709a00000|  0%| F|  |TAMS 0x0000000709900000, 0x0000000709900000| Untracked 
| 144|0x0000000709a00000, 0x0000000709a00000, 0x0000000709b00000|  0%| F|  |TAMS 0x0000000709a00000, 0x0000000709a00000| Untracked 
| 145|0x0000000709b00000, 0x0000000709b00000, 0x0000000709c00000|  0%| F|  |TAMS 0x0000000709b00000, 0x0000000709b00000| Untracked 
| 146|0x0000000709c00000, 0x0000000709c00000, 0x0000000709d00000|  0%| F|  |TAMS 0x0000000709c00000, 0x0000000709c00000| Untracked 
| 147|0x0000000709d00000, 0x0000000709d00000, 0x0000000709e00000|  0%| F|  |TAMS 0x0000000709d00000, 0x0000000709d00000| Untracked 
| 148|0x0000000709e00000, 0x0000000709e00000, 0x0000000709f00000|  0%| F|  |TAMS 0x0000000709e00000, 0x0000000709e00000| Untracked 
| 149|0x0000000709f00000, 0x0000000709f00000, 0x000000070a000000|  0%| F|  |TAMS 0x0000000709f00000, 0x0000000709f00000| Untracked 
| 150|0x000000070a000000, 0x000000070a000000, 0x000000070a100000|  0%| F|  |TAMS 0x000000070a000000, 0x000000070a000000| Untracked 
| 151|0x000000070a100000, 0x000000070a100000, 0x000000070a200000|  0%| F|  |TAMS 0x000000070a100000, 0x000000070a100000| Untracked 
| 152|0x000000070a200000, 0x000000070a200000, 0x000000070a300000|  0%| F|  |TAMS 0x000000070a200000, 0x000000070a200000| Untracked 
| 153|0x000000070a300000, 0x000000070a300000, 0x000000070a400000|  0%| F|  |TAMS 0x000000070a300000, 0x000000070a300000| Untracked 
| 154|0x000000070a400000, 0x000000070a400000, 0x000000070a500000|  0%| F|  |TAMS 0x000000070a400000, 0x000000070a400000| Untracked 
| 155|0x000000070a500000, 0x000000070a500000, 0x000000070a600000|  0%| F|  |TAMS 0x000000070a500000, 0x000000070a500000| Untracked 
| 156|0x000000070a600000, 0x000000070a600000, 0x000000070a700000|  0%| F|  |TAMS 0x000000070a600000, 0x000000070a600000| Untracked 
| 157|0x000000070a700000, 0x000000070a700000, 0x000000070a800000|  0%| F|  |TAMS 0x000000070a700000, 0x000000070a700000| Untracked 
| 158|0x000000070a800000, 0x000000070a800000, 0x000000070a900000|  0%| F|  |TAMS 0x000000070a800000, 0x000000070a800000| Untracked 
| 159|0x000000070a900000, 0x000000070a900000, 0x000000070aa00000|  0%| F|  |TAMS 0x000000070a900000, 0x000000070a900000| Untracked 
| 160|0x000000070aa00000, 0x000000070aa00000, 0x000000070ab00000|  0%| F|  |TAMS 0x000000070aa00000, 0x000000070aa00000| Untracked 
| 161|0x000000070ab00000, 0x000000070ab00000, 0x000000070ac00000|  0%| F|  |TAMS 0x000000070ab00000, 0x000000070ab00000| Untracked 
| 162|0x000000070ac00000, 0x000000070ac00000, 0x000000070ad00000|  0%| F|  |TAMS 0x000000070ac00000, 0x000000070ac00000| Untracked 
| 163|0x000000070ad00000, 0x000000070ad00000, 0x000000070ae00000|  0%| F|  |TAMS 0x000000070ad00000, 0x000000070ad00000| Untracked 
| 164|0x000000070ae00000, 0x000000070ae00000, 0x000000070af00000|  0%| F|  |TAMS 0x000000070ae00000, 0x000000070ae00000| Untracked 
| 165|0x000000070af00000, 0x000000070af00000, 0x000000070b000000|  0%| F|  |TAMS 0x000000070af00000, 0x000000070af00000| Untracked 
| 166|0x000000070b000000, 0x000000070b000000, 0x000000070b100000|  0%| F|  |TAMS 0x000000070b000000, 0x000000070b000000| Untracked 
| 167|0x000000070b100000, 0x000000070b100000, 0x000000070b200000|  0%| F|  |TAMS 0x000000070b100000, 0x000000070b100000| Untracked 
| 168|0x000000070b200000, 0x000000070b200000, 0x000000070b300000|  0%| F|  |TAMS 0x000000070b200000, 0x000000070b200000| Untracked 
| 169|0x000000070b300000, 0x000000070b300000, 0x000000070b400000|  0%| F|  |TAMS 0x000000070b300000, 0x000000070b300000| Untracked 
| 170|0x000000070b400000, 0x000000070b400000, 0x000000070b500000|  0%| F|  |TAMS 0x000000070b400000, 0x000000070b400000| Untracked 
| 171|0x000000070b500000, 0x000000070b500000, 0x000000070b600000|  0%| F|  |TAMS 0x000000070b500000, 0x000000070b500000| Untracked 
| 172|0x000000070b600000, 0x000000070b600000, 0x000000070b700000|  0%| F|  |TAMS 0x000000070b600000, 0x000000070b600000| Untracked 
| 173|0x000000070b700000, 0x000000070b700000, 0x000000070b800000|  0%| F|  |TAMS 0x000000070b700000, 0x000000070b700000| Untracked 
| 174|0x000000070b800000, 0x000000070b800000, 0x000000070b900000|  0%| F|  |TAMS 0x000000070b800000, 0x000000070b800000| Untracked 
| 175|0x000000070b900000, 0x000000070b900000, 0x000000070ba00000|  0%| F|  |TAMS 0x000000070b900000, 0x000000070b900000| Untracked 
| 176|0x000000070ba00000, 0x000000070ba00000, 0x000000070bb00000|  0%| F|  |TAMS 0x000000070ba00000, 0x000000070ba00000| Untracked 
| 177|0x000000070bb00000, 0x000000070bb00000, 0x000000070bc00000|  0%| F|  |TAMS 0x000000070bb00000, 0x000000070bb00000| Untracked 
| 178|0x000000070bc00000, 0x000000070bc00000, 0x000000070bd00000|  0%| F|  |TAMS 0x000000070bc00000, 0x000000070bc00000| Untracked 
| 179|0x000000070bd00000, 0x000000070bd00000, 0x000000070be00000|  0%| F|  |TAMS 0x000000070bd00000, 0x000000070bd00000| Untracked 
| 180|0x000000070be00000, 0x000000070be00000, 0x000000070bf00000|  0%| F|  |TAMS 0x000000070be00000, 0x000000070be00000| Untracked 
| 181|0x000000070bf00000, 0x000000070bf00000, 0x000000070c000000|  0%| F|  |TAMS 0x000000070bf00000, 0x000000070bf00000| Untracked 
| 182|0x000000070c000000, 0x000000070c000000, 0x000000070c100000|  0%| F|  |TAMS 0x000000070c000000, 0x000000070c000000| Untracked 
| 183|0x000000070c100000, 0x000000070c100000, 0x000000070c200000|  0%| F|  |TAMS 0x000000070c100000, 0x000000070c100000| Untracked 
| 184|0x000000070c200000, 0x000000070c200000, 0x000000070c300000|  0%| F|  |TAMS 0x000000070c200000, 0x000000070c200000| Untracked 
| 185|0x000000070c300000, 0x000000070c300000, 0x000000070c400000|  0%| F|  |TAMS 0x000000070c300000, 0x000000070c300000| Untracked 
| 186|0x000000070c400000, 0x000000070c400000, 0x000000070c500000|  0%| F|  |TAMS 0x000000070c400000, 0x000000070c400000| Untracked 
| 187|0x000000070c500000, 0x000000070c500000, 0x000000070c600000|  0%| F|  |TAMS 0x000000070c500000, 0x000000070c500000| Untracked 
| 188|0x000000070c600000, 0x000000070c600000, 0x000000070c700000|  0%| F|  |TAMS 0x000000070c600000, 0x000000070c600000| Untracked 
| 189|0x000000070c700000, 0x000000070c700000, 0x000000070c800000|  0%| F|  |TAMS 0x000000070c700000, 0x000000070c700000| Untracked 
| 190|0x000000070c800000, 0x000000070c800000, 0x000000070c900000|  0%| F|  |TAMS 0x000000070c800000, 0x000000070c800000| Untracked 
| 191|0x000000070c900000, 0x000000070c900000, 0x000000070ca00000|  0%| F|  |TAMS 0x000000070c900000, 0x000000070c900000| Untracked 
| 192|0x000000070ca00000, 0x000000070ca00000, 0x000000070cb00000|  0%| F|  |TAMS 0x000000070ca00000, 0x000000070ca00000| Untracked 
| 193|0x000000070cb00000, 0x000000070cb00000, 0x000000070cc00000|  0%| F|  |TAMS 0x000000070cb00000, 0x000000070cb00000| Untracked 
| 194|0x000000070cc00000, 0x000000070cc00000, 0x000000070cd00000|  0%| F|  |TAMS 0x000000070cc00000, 0x000000070cc00000| Untracked 
| 195|0x000000070cd00000, 0x000000070cd00000, 0x000000070ce00000|  0%| F|  |TAMS 0x000000070cd00000, 0x000000070cd00000| Untracked 
| 196|0x000000070ce00000, 0x000000070ce00000, 0x000000070cf00000|  0%| F|  |TAMS 0x000000070ce00000, 0x000000070ce00000| Untracked 
| 197|0x000000070cf00000, 0x000000070cf00000, 0x000000070d000000|  0%| F|  |TAMS 0x000000070cf00000, 0x000000070cf00000| Untracked 
| 198|0x000000070d000000, 0x000000070d000000, 0x000000070d100000|  0%| F|  |TAMS 0x000000070d000000, 0x000000070d000000| Untracked 
| 199|0x000000070d100000, 0x000000070d100000, 0x000000070d200000|  0%| F|  |TAMS 0x000000070d100000, 0x000000070d100000| Untracked 
| 200|0x000000070d200000, 0x000000070d200000, 0x000000070d300000|  0%| F|  |TAMS 0x000000070d200000, 0x000000070d200000| Untracked 
| 201|0x000000070d300000, 0x000000070d300000, 0x000000070d400000|  0%| F|  |TAMS 0x000000070d300000, 0x000000070d300000| Untracked 
| 202|0x000000070d400000, 0x000000070d400000, 0x000000070d500000|  0%| F|  |TAMS 0x000000070d400000, 0x000000070d400000| Untracked 
| 203|0x000000070d500000, 0x000000070d500000, 0x000000070d600000|  0%| F|  |TAMS 0x000000070d500000, 0x000000070d500000| Untracked 
| 204|0x000000070d600000, 0x000000070d600000, 0x000000070d700000|  0%| F|  |TAMS 0x000000070d600000, 0x000000070d600000| Untracked 
| 205|0x000000070d700000, 0x000000070d700000, 0x000000070d800000|  0%| F|  |TAMS 0x000000070d700000, 0x000000070d700000| Untracked 
| 206|0x000000070d800000, 0x000000070d800000, 0x000000070d900000|  0%| F|  |TAMS 0x000000070d800000, 0x000000070d800000| Untracked 
| 207|0x000000070d900000, 0x000000070d900000, 0x000000070da00000|  0%| F|  |TAMS 0x000000070d900000, 0x000000070d900000| Untracked 
| 208|0x000000070da00000, 0x000000070da00000, 0x000000070db00000|  0%| F|  |TAMS 0x000000070da00000, 0x000000070da00000| Untracked 
| 209|0x000000070db00000, 0x000000070db00000, 0x000000070dc00000|  0%| F|  |TAMS 0x000000070db00000, 0x000000070db00000| Untracked 
| 210|0x000000070dc00000, 0x000000070dc00000, 0x000000070dd00000|  0%| F|  |TAMS 0x000000070dc00000, 0x000000070dc00000| Untracked 
| 211|0x000000070dd00000, 0x000000070dd00000, 0x000000070de00000|  0%| F|  |TAMS 0x000000070dd00000, 0x000000070dd00000| Untracked 
| 212|0x000000070de00000, 0x000000070de00000, 0x000000070df00000|  0%| F|  |TAMS 0x000000070de00000, 0x000000070de00000| Untracked 
| 213|0x000000070df00000, 0x000000070df00000, 0x000000070e000000|  0%| F|  |TAMS 0x000000070df00000, 0x000000070df00000| Untracked 
| 214|0x000000070e000000, 0x000000070e000000, 0x000000070e100000|  0%| F|  |TAMS 0x000000070e000000, 0x000000070e000000| Untracked 
| 215|0x000000070e100000, 0x000000070e100000, 0x000000070e200000|  0%| F|  |TAMS 0x000000070e100000, 0x000000070e100000| Untracked 
| 216|0x000000070e200000, 0x000000070e200000, 0x000000070e300000|  0%| F|  |TAMS 0x000000070e200000, 0x000000070e200000| Untracked 
| 217|0x000000070e300000, 0x000000070e300000, 0x000000070e400000|  0%| F|  |TAMS 0x000000070e300000, 0x000000070e300000| Untracked 
| 218|0x000000070e400000, 0x000000070e400000, 0x000000070e500000|  0%| F|  |TAMS 0x000000070e400000, 0x000000070e400000| Untracked 
| 219|0x000000070e500000, 0x000000070e500000, 0x000000070e600000|  0%| F|  |TAMS 0x000000070e500000, 0x000000070e500000| Untracked 
| 220|0x000000070e600000, 0x000000070e600000, 0x000000070e700000|  0%| F|  |TAMS 0x000000070e600000, 0x000000070e600000| Untracked 
| 221|0x000000070e700000, 0x000000070e700000, 0x000000070e800000|  0%| F|  |TAMS 0x000000070e700000, 0x000000070e700000| Untracked 
| 222|0x000000070e800000, 0x000000070e800000, 0x000000070e900000|  0%| F|  |TAMS 0x000000070e800000, 0x000000070e800000| Untracked 
| 223|0x000000070e900000, 0x000000070e900000, 0x000000070ea00000|  0%| F|  |TAMS 0x000000070e900000, 0x000000070e900000| Untracked 
| 224|0x000000070ea00000, 0x000000070ea00000, 0x000000070eb00000|  0%| F|  |TAMS 0x000000070ea00000, 0x000000070ea00000| Untracked 
| 225|0x000000070eb00000, 0x000000070eb00000, 0x000000070ec00000|  0%| F|  |TAMS 0x000000070eb00000, 0x000000070eb00000| Untracked 
| 226|0x000000070ec00000, 0x000000070ec00000, 0x000000070ed00000|  0%| F|  |TAMS 0x000000070ec00000, 0x000000070ec00000| Untracked 
| 227|0x000000070ed00000, 0x000000070ed00000, 0x000000070ee00000|  0%| F|  |TAMS 0x000000070ed00000, 0x000000070ed00000| Untracked 
| 228|0x000000070ee00000, 0x000000070ee00000, 0x000000070ef00000|  0%| F|  |TAMS 0x000000070ee00000, 0x000000070ee00000| Untracked 
| 229|0x000000070ef00000, 0x000000070ef00000, 0x000000070f000000|  0%| F|  |TAMS 0x000000070ef00000, 0x000000070ef00000| Untracked 
| 230|0x000000070f000000, 0x000000070f000000, 0x000000070f100000|  0%| F|  |TAMS 0x000000070f000000, 0x000000070f000000| Untracked 
| 231|0x000000070f100000, 0x000000070f100000, 0x000000070f200000|  0%| F|  |TAMS 0x000000070f100000, 0x000000070f100000| Untracked 
| 232|0x000000070f200000, 0x000000070f200000, 0x000000070f300000|  0%| F|  |TAMS 0x000000070f200000, 0x000000070f200000| Untracked 
| 233|0x000000070f300000, 0x000000070f300000, 0x000000070f400000|  0%| F|  |TAMS 0x000000070f300000, 0x000000070f300000| Untracked 
| 234|0x000000070f400000, 0x000000070f400000, 0x000000070f500000|  0%| F|  |TAMS 0x000000070f400000, 0x000000070f400000| Untracked 
| 235|0x000000070f500000, 0x000000070f500000, 0x000000070f600000|  0%| F|  |TAMS 0x000000070f500000, 0x000000070f500000| Untracked 
| 236|0x000000070f600000, 0x000000070f600000, 0x000000070f700000|  0%| F|  |TAMS 0x000000070f600000, 0x000000070f600000| Untracked 
| 237|0x000000070f700000, 0x000000070f800000, 0x000000070f800000|100%| E|  |TAMS 0x000000070f700000, 0x000000070f700000| Complete 
| 238|0x000000070f800000, 0x000000070f900000, 0x000000070f900000|100%| E|CS|TAMS 0x000000070f800000, 0x000000070f800000| Complete 
| 239|0x000000070f900000, 0x000000070fa00000, 0x000000070fa00000|100%| E|CS|TAMS 0x000000070f900000, 0x000000070f900000| Complete 
| 240|0x000000070fa00000, 0x000000070fb00000, 0x000000070fb00000|100%| E|CS|TAMS 0x000000070fa00000, 0x000000070fa00000| Complete 
| 241|0x000000070fb00000, 0x000000070fc00000, 0x000000070fc00000|100%| E|CS|TAMS 0x000000070fb00000, 0x000000070fb00000| Complete 
| 242|0x000000070fc00000, 0x000000070fd00000, 0x000000070fd00000|100%| E|CS|TAMS 0x000000070fc00000, 0x000000070fc00000| Complete 
| 243|0x000000070fd00000, 0x000000070fe00000, 0x000000070fe00000|100%| E|CS|TAMS 0x000000070fd00000, 0x000000070fd00000| Complete 
| 244|0x000000070fe00000, 0x000000070ff00000, 0x000000070ff00000|100%| E|CS|TAMS 0x000000070fe00000, 0x000000070fe00000| Complete 
| 245|0x000000070ff00000, 0x0000000710000000, 0x0000000710000000|100%| E|CS|TAMS 0x000000070ff00000, 0x000000070ff00000| Complete 
| 246|0x0000000710000000, 0x0000000710100000, 0x0000000710100000|100%| E|CS|TAMS 0x0000000710000000, 0x0000000710000000| Complete 
| 247|0x0000000710100000, 0x0000000710116ce8, 0x0000000710200000|  8%| S|CS|TAMS 0x0000000710100000, 0x0000000710100000| Complete 
| 248|0x0000000710200000, 0x0000000710300000, 0x0000000710300000|100%| S|CS|TAMS 0x0000000710200000, 0x0000000710200000| Complete 
| 249|0x0000000710300000, 0x0000000710400000, 0x0000000710400000|100%| S|CS|TAMS 0x0000000710300000, 0x0000000710300000| Complete 
| 250|0x0000000710400000, 0x0000000710500000, 0x0000000710500000|100%| S|CS|TAMS 0x0000000710400000, 0x0000000710400000| Complete 
| 251|0x0000000710500000, 0x0000000710600000, 0x0000000710600000|100%| E|CS|TAMS 0x0000000710500000, 0x0000000710500000| Complete 
| 252|0x0000000710600000, 0x0000000710700000, 0x0000000710700000|100%| E|CS|TAMS 0x0000000710600000, 0x0000000710600000| Complete 
| 253|0x0000000710700000, 0x0000000710800000, 0x0000000710800000|100%| E|CS|TAMS 0x0000000710700000, 0x0000000710700000| Complete 
| 254|0x0000000710800000, 0x0000000710900000, 0x0000000710900000|100%| E|CS|TAMS 0x0000000710800000, 0x0000000710800000| Complete 
| 255|0x0000000710900000, 0x0000000710a00000, 0x0000000710a00000|100%| E|CS|TAMS 0x0000000710900000, 0x0000000710900000| Complete 

Card table byte_map: [0x00000160f5420000,0x00000160f5c20000] _byte_map_base: 0x00000160f1c1b000

Marking Bits (Prev, Next): (CMBitMap*) 0x00000160eb985728, (CMBitMap*) 0x00000160eb9856e8
 Prev Bits: [0x00000160fa400000, 0x00000160fe3d8000)
 Next Bits: [0x00000160f6420000, 0x00000160fa3f8000)

Polling page: 0x00000160e98d0000

Metaspace:

Usage:
  Non-class:     10.18 MB capacity,    10.05 MB ( 99%) used,   103.20 KB ( <1%) free+waste,    23.75 KB ( <1%) overhead. 
      Class:      1.41 MB capacity,     1.27 MB ( 90%) used,   125.67 KB (  9%) free+waste,    13.69 KB ( <1%) overhead. 
       Both:     11.58 MB capacity,    11.32 MB ( 98%) used,   228.87 KB (  2%) free+waste,    37.44 KB ( <1%) overhead. 

Virtual space:
  Non-class space:       12.00 MB reserved,      10.25 MB ( 85%) committed 
      Class space:        1.00 GB reserved,       1.50 MB ( <1%) committed 
             Both:        1.01 GB reserved,      11.75 MB (  1%) committed 

Chunk freelists:
   Non-Class:  11.00 KB
       Class:  0 bytes
        Both:  11.00 KB

MaxMetaspaceSize: 17179869184.00 GB
CompressedClassSpaceSize: 1.00 GB

CodeHeap 'non-profiled nmethods': size=119168Kb used=760Kb max_used=760Kb free=118407Kb
 bounds [0x0000016087ba0000, 0x0000016087e10000, 0x000001608f000000]
CodeHeap 'profiled nmethods': size=119104Kb used=3831Kb max_used=3831Kb free=115272Kb
 bounds [0x0000016080750000, 0x0000016080b10000, 0x0000016087ba0000]
CodeHeap 'non-nmethods': size=7488Kb used=2431Kb max_used=2468Kb free=5056Kb
 bounds [0x0000016080000000, 0x0000016080280000, 0x0000016080750000]
 total_blobs=2528 nmethods=1932 adapters=505
 compilation: enabled
              stopped_count=0, restarted_count=0
 full_count=0

Compilation events (20 events):
Event: 1.658 Thread 0x00000160911f3800 1919       3       java.lang.invoke.InvokerBytecodeGenerator::refKindOpcode (112 bytes)
Event: 1.658 Thread 0x00000160911f3800 nmethod 1919 0x0000016080afe990 code [0x0000016080afebe0, 0x0000016080aff658]
Event: 1.659 Thread 0x00000160911f0800 nmethod 1917 0x0000016080aff990 code [0x0000016080affc80, 0x0000016080b00b48]
Event: 1.659 Thread 0x00000160910b5000 nmethod 1914 0x0000016080b01110 code [0x0000016080b015c0, 0x0000016080b03938]
Event: 1.660 Thread 0x00000160911f0800 1920       3       sun.invoke.util.VerifyAccess::isMemberAccessible (338 bytes)
Event: 1.662 Thread 0x00000160911f0800 nmethod 1920 0x0000016080b04290 code [0x0000016080b04780, 0x0000016080b06be8]
Event: 1.663 Thread 0x00000160911f3800 1923       3       java.util.Arrays::copyOf (19 bytes)
Event: 1.663 Thread 0x00000160911f3800 nmethod 1923 0x0000016080b07690 code [0x0000016080b07840, 0x0000016080b07b28]
Event: 1.664 Thread 0x00000160911f3800 1924       3       java.lang.invoke.InvokerBytecodeGenerator::emitReferenceCast (192 bytes)
Event: 1.664 Thread 0x00000160911f0800 1925       3       java.lang.invoke.ClassSpecializer$SpeciesData::transformHelper (56 bytes)
Event: 1.664 Thread 0x00000160911f3800 nmethod 1924 0x0000016080b07c90 code [0x0000016080b07f60, 0x0000016080b08f08]
Event: 1.664 Thread 0x00000160911f0800 nmethod 1925 0x0000016080b09390 code [0x0000016080b095a0, 0x0000016080b09f78]
Event: 1.664 Thread 0x00000160911f3800 1927       3       java.lang.invoke.LambdaForm$Name::internArguments (59 bytes)
Event: 1.664 Thread 0x00000160911f0800 1928       3       java.lang.invoke.LambdaFormBuffer::changeName (149 bytes)
Event: 1.664 Thread 0x00000160911f3800 nmethod 1927 0x0000016080b0a210 code [0x0000016080b0a400, 0x0000016080b0ab48]
Event: 1.665 Thread 0x00000160911f0800 nmethod 1928 0x0000016080b0ad10 code [0x0000016080b0aee0, 0x0000016080b0b468]
Event: 1.665 Thread 0x00000160911f0800 1929       3       jdk.internal.org.objectweb.asm.MethodWriter::visitFieldInsn (258 bytes)
Event: 1.665 Thread 0x00000160910b5000 1930       3       jdk.internal.org.objectweb.asm.SymbolTable::addConstantFieldref (10 bytes)
Event: 1.665 Thread 0x00000160911f3800 1931       3       jdk.internal.org.objectweb.asm.Frame::push (63 bytes)
Event: 1.665 Thread 0x00000160910b5000 nmethod 1930 0x0000016080b0b610 code [0x0000016080b0b7c0, 0x0000016080b0b928]

GC Heap History (14 events):
Event: 0.419 GC heap before
{Heap before GC invocations=0 (full 0):
 garbage-first heap   total 262144K, used 49152K [0x0000000700a00000, 0x0000000800000000)
  region size 1024K, 23 young (23552K), 0 survivors (0K)
 Metaspace       used 5223K, capacity 5388K, committed 5632K, reserved 1056768K
  class space    used 572K, capacity 675K, committed 768K, reserved 1048576K
}
Event: 0.421 GC heap after
{Heap after GC invocations=1 (full 0):
 garbage-first heap   total 262144K, used 27167K [0x0000000700a00000, 0x0000000800000000)
  region size 1024K, 2 young (2048K), 2 survivors (2048K)
 Metaspace       used 5223K, capacity 5388K, committed 5632K, reserved 1056768K
  class space    used 572K, capacity 675K, committed 768K, reserved 1048576K
}
Event: 0.570 GC heap before
{Heap before GC invocations=1 (full 0):
 garbage-first heap   total 262144K, used 102943K [0x0000000700a00000, 0x0000000800000000)
  region size 1024K, 36 young (36864K), 2 survivors (2048K)
 Metaspace       used 5232K, capacity 5452K, committed 5632K, reserved 1056768K
  class space    used 573K, capacity 675K, committed 768K, reserved 1048576K
}
Event: 0.572 GC heap after
{Heap after GC invocations=2 (full 0):
 garbage-first heap   total 262144K, used 68220K [0x0000000700a00000, 0x0000000800000000)
  region size 1024K, 2 young (2048K), 2 survivors (2048K)
 Metaspace       used 5232K, capacity 5452K, committed 5632K, reserved 1056768K
  class space    used 573K, capacity 675K, committed 768K, reserved 1048576K
}
Event: 1.010 GC heap before
{Heap before GC invocations=2 (full 0):
 garbage-first heap   total 262144K, used 168572K [0x0000000700a00000, 0x0000000800000000)
  region size 1024K, 51 young (52224K), 2 survivors (2048K)
 Metaspace       used 10330K, capacity 10540K, committed 10880K, reserved 1058816K
  class space    used 1190K, capacity 1298K, committed 1408K, reserved 1048576K
}
Event: 1.014 GC heap after
{Heap after GC invocations=3 (full 0):
 garbage-first heap   total 262144K, used 120673K [0x0000000700a00000, 0x0000000800000000)
  region size 1024K, 3 young (3072K), 3 survivors (3072K)
 Metaspace       used 10330K, capacity 10540K, committed 10880K, reserved 1058816K
  class space    used 1190K, capacity 1298K, committed 1408K, reserved 1048576K
}
Event: 1.087 GC heap before
{Heap before GC invocations=4 (full 0):
 garbage-first heap   total 262144K, used 123745K [0x0000000700a00000, 0x0000000800000000)
  region size 1024K, 5 young (5120K), 3 survivors (3072K)
 Metaspace       used 10331K, capacity 10540K, committed 10880K, reserved 1058816K
  class space    used 1190K, capacity 1298K, committed 1408K, reserved 1048576K
}
Event: 1.089 GC heap after
{Heap after GC invocations=5 (full 0):
 garbage-first heap   total 262144K, used 122786K [0x0000000700a00000, 0x0000000800000000)
  region size 1024K, 3 young (3072K), 3 survivors (3072K)
 Metaspace       used 10331K, capacity 10540K, committed 10880K, reserved 1058816K
  class space    used 1190K, capacity 1298K, committed 1408K, reserved 1048576K
}
Event: 1.099 GC heap before
{Heap before GC invocations=6 (full 0):
 garbage-first heap   total 262144K, used 124834K [0x0000000700a00000, 0x0000000800000000)
  region size 1024K, 4 young (4096K), 3 survivors (3072K)
 Metaspace       used 10604K, capacity 10828K, committed 11136K, reserved 1058816K
  class space    used 1219K, capacity 1330K, committed 1408K, reserved 1048576K
}
Event: 1.101 GC heap after
{Heap after GC invocations=7 (full 0):
 garbage-first heap   total 262144K, used 121856K [0x0000000700a00000, 0x0000000800000000)
  region size 1024K, 3 young (3072K), 3 survivors (3072K)
 Metaspace       used 10604K, capacity 10828K, committed 11136K, reserved 1058816K
  class space    used 1219K, capacity 1330K, committed 1408K, reserved 1048576K
}
Event: 1.109 GC heap before
{Heap before GC invocations=8 (full 0):
 garbage-first heap   total 262144K, used 124928K [0x0000000700a00000, 0x0000000800000000)
  region size 1024K, 4 young (4096K), 3 survivors (3072K)
 Metaspace       used 10605K, capacity 10828K, committed 11136K, reserved 1058816K
  class space    used 1219K, capacity 1330K, committed 1408K, reserved 1048576K
}
Event: 1.112 GC heap after
{Heap after GC invocations=9 (full 0):
 garbage-first heap   total 262144K, used 122880K [0x0000000700a00000, 0x0000000800000000)
  region size 1024K, 3 young (3072K), 3 survivors (3072K)
 Metaspace       used 10605K, capacity 10828K, committed 11136K, reserved 1058816K
  class space    used 1219K, capacity 1330K, committed 1408K, reserved 1048576K
}
Event: 1.167 GC heap before
{Heap before GC invocations=10 (full 0):
 garbage-first heap   total 262144K, used 124928K [0x0000000700a00000, 0x0000000800000000)
  region size 1024K, 5 young (5120K), 3 survivors (3072K)
 Metaspace       used 10605K, capacity 10828K, committed 11136K, reserved 1058816K
  class space    used 1219K, capacity 1330K, committed 1408K, reserved 1048576K
}
Event: 1.170 GC heap after
{Heap after GC invocations=11 (full 0):
 garbage-first heap   total 262144K, used 123995K [0x0000000700a00000, 0x0000000800000000)
  region size 1024K, 4 young (4096K), 4 survivors (4096K)
 Metaspace       used 10605K, capacity 10828K, committed 11136K, reserved 1058816K
  class space    used 1219K, capacity 1330K, committed 1408K, reserved 1048576K
}

Deoptimization events (20 events):
Event: 1.623 Thread 0x00000160eb918000 Uncommon trap: trap_request=0xffffffc6 fr.pc=0x0000016087c2a880 relative=0x0000000000000740
Event: 1.623 Thread 0x00000160eb918000 Uncommon trap: reason=bimorphic_or_optimized_type_check action=maybe_recompile pc=0x0000016087c2a880 method=java.util.concurrent.ConcurrentHashMap.get(Ljava/lang/Object;)Ljava/lang/Object; @ 149 c2
Event: 1.623 Thread 0x00000160eb918000 DEOPT PACKING pc=0x0000016087c2a880 sp=0x0000002cfc5fe1d0
Event: 1.623 Thread 0x00000160eb918000 DEOPT UNPACKING pc=0x000001608004912f sp=0x0000002cfc5fe160 mode 2
Event: 1.652 Thread 0x00000160914e9000 Uncommon trap: trap_request=0xffffffde fr.pc=0x0000016087c343d8 relative=0x0000000000000bd8
Event: 1.652 Thread 0x00000160914e9000 Uncommon trap: reason=class_check action=maybe_recompile pc=0x0000016087c343d8 method=java.util.HashMap.putVal(ILjava/lang/Object;Ljava/lang/Object;ZZ)Ljava/lang/Object; @ 203 c2
Event: 1.652 Thread 0x00000160914e9000 DEOPT PACKING pc=0x0000016087c343d8 sp=0x0000002cfdbfdc30
Event: 1.652 Thread 0x00000160914e9000 DEOPT UNPACKING pc=0x000001608004912f sp=0x0000002cfdbfdbd0 mode 2
Event: 1.652 Thread 0x00000160914e9000 Uncommon trap: trap_request=0xffffffde fr.pc=0x0000016087c3431c relative=0x0000000000000b1c
Event: 1.652 Thread 0x00000160914e9000 Uncommon trap: reason=class_check action=maybe_recompile pc=0x0000016087c3431c method=java.util.HashMap.putVal(ILjava/lang/Object;Ljava/lang/Object;ZZ)Ljava/lang/Object; @ 91 c2
Event: 1.652 Thread 0x00000160914e9000 DEOPT PACKING pc=0x0000016087c3431c sp=0x0000002cfdbfdc30
Event: 1.652 Thread 0x00000160914e9000 DEOPT UNPACKING pc=0x000001608004912f sp=0x0000002cfdbfdbd0 mode 2
Event: 1.652 Thread 0x00000160914e9000 Uncommon trap: trap_request=0xffffffde fr.pc=0x0000016087c343d8 relative=0x0000000000000bd8
Event: 1.652 Thread 0x00000160914e9000 Uncommon trap: reason=class_check action=maybe_recompile pc=0x0000016087c343d8 method=java.util.HashMap.putVal(ILjava/lang/Object;Ljava/lang/Object;ZZ)Ljava/lang/Object; @ 203 c2
Event: 1.652 Thread 0x00000160914e9000 DEOPT PACKING pc=0x0000016087c343d8 sp=0x0000002cfdbfdc30
Event: 1.652 Thread 0x00000160914e9000 DEOPT UNPACKING pc=0x000001608004912f sp=0x0000002cfdbfdbd0 mode 2
Event: 1.652 Thread 0x00000160914e9000 Uncommon trap: trap_request=0xffffffde fr.pc=0x0000016087c343d8 relative=0x0000000000000bd8
Event: 1.652 Thread 0x00000160914e9000 Uncommon trap: reason=class_check action=maybe_recompile pc=0x0000016087c343d8 method=java.util.HashMap.putVal(ILjava/lang/Object;Ljava/lang/Object;ZZ)Ljava/lang/Object; @ 203 c2
Event: 1.652 Thread 0x00000160914e9000 DEOPT PACKING pc=0x0000016087c343d8 sp=0x0000002cfdbfdc30
Event: 1.652 Thread 0x00000160914e9000 DEOPT UNPACKING pc=0x000001608004912f sp=0x0000002cfdbfdbd0 mode 2

Classes unloaded (0 events):
No events

Classes redefined (0 events):
No events

Internal exceptions (15 events):
Event: 0.059 Thread 0x00000160eb918000 Exception <a 'java/lang/ClassNotFoundException'{0x000000071083d478}: sun/awt/resources/spi/awtProvider> (0x000000071083d478) 
thrown [./src/hotspot/share/classfile/systemDictionary.cpp, line 226]
Event: 0.075 Thread 0x00000160eb918000 Exception <a 'java/io/FileNotFoundException'{0x000000071071bdc8}> (0x000000071071bdc8) 
thrown [./src/hotspot/share/prims/jni.cpp, line 599]
Event: 0.079 Thread 0x00000160eb918000 Exception <a 'java/io/FileNotFoundException'{0x00000007107423a0}> (0x00000007107423a0) 
thrown [./src/hotspot/share/prims/jni.cpp, line 599]
Event: 0.113 Thread 0x00000160914e9000 Exception <a 'java/lang/NoSuchMethodError'{0x00000007107f0f98}: 'void java.lang.invoke.DirectMethodHandle$Holder.invokeSpecial(java.lang.Object, java.lang.Object)'> (0x00000007107f0f98) 
thrown [./src/hotspot/share/interpreter/linkResolver.cpp, line 766]
Event: 0.273 Thread 0x00000160eb918000 Exception <a 'java/lang/NoSuchMethodError'{0x0000000710619aa8}: 'java.lang.Object java.lang.invoke.DirectMethodHandle$Holder.invokeStatic(java.lang.Object, int, java.lang.Object, java.lang.Object, java.lang.Object, java.lang.Object)'> (0x0000000710619aa8) 
thrown [./src/hotspot/share/interpreter/linkResolver.cpp, line 766]
Event: 0.273 Thread 0x00000160eb918000 Exception <a 'java/lang/NoSuchMethodError'{0x00000007106203c8}: 'java.lang.Object java.lang.invoke.DirectMethodHandle$Holder.invokeStatic(java.lang.Object, int, java.lang.Object, java.lang.Object, java.lang.Object)'> (0x00000007106203c8) 
thrown [./src/hotspot/share/interpreter/linkResolver.cpp, line 766]
Event: 0.274 Thread 0x00000160eb918000 Exception <a 'java/lang/NoSuchMethodError'{0x0000000710623c18}: 'java.lang.Object java.lang.invoke.DirectMethodHandle$Holder.invokeSpecial(java.lang.Object, java.lang.Object, int, java.lang.Object, java.lang.Object, java.lang.Object)'> (0x0000000710623c18) 
thrown [./src/hotspot/share/interpreter/linkResolver.cpp, line 766]
Event: 0.275 Thread 0x00000160eb918000 Exception <a 'java/lang/NoSuchMethodError'{0x0000000710639fc0}: 'java.lang.Object java.lang.invoke.DirectMethodHandle$Holder.invokeStatic(java.lang.Object, int, java.lang.Object)'> (0x0000000710639fc0) 
thrown [./src/hotspot/share/interpreter/linkResolver.cpp, line 766]
Event: 0.287 Thread 0x00000160eb918000 Exception <a 'java/lang/ClassNotFoundException'{0x00000007106dd938}: com/sun/swing/internal/plaf/metal/resources/spi/metalProvider> (0x00000007106dd938) 
thrown [./src/hotspot/share/classfile/systemDictionary.cpp, line 226]
Event: 0.287 Thread 0x00000160eb918000 Exception <a 'java/lang/ClassNotFoundException'{0x00000007106e2398}: com/sun/swing/internal/plaf/basic/resources/spi/basicProvider> (0x00000007106e2398) 
thrown [./src/hotspot/share/classfile/systemDictionary.cpp, line 226]
Event: 0.881 Thread 0x00000160eb918000 Exception <a 'java/io/FileNotFoundException'{0x000000070d938720}> (0x000000070d938720) 
thrown [./src/hotspot/share/prims/jni.cpp, line 599]
Event: 1.109 Thread 0x00000160eb918000 Implicit null exception at 0x0000016087c10b31 to 0x0000016087c11234
Event: 1.526 Thread 0x00000160910a8800 Implicit null exception at 0x0000016087c26935 to 0x0000016087c26a74
Event: 1.660 Thread 0x00000160eb918000 Exception <a 'java/lang/NoSuchMethodError'{0x000000070f7652b8}: 'void java.lang.invoke.DirectMethodHandle$Holder.invokeStaticInit(java.lang.Object)'> (0x000000070f7652b8) 
thrown [./src/hotspot/share/interpreter/linkResolver.cpp, line 766]
Event: 1.665 Thread 0x00000160eb918000 Exception <a 'java/lang/NoSuchMethodError'{0x000000070f78fa88}: 'java.lang.Object java.lang.invoke.Invokers$Holder.linkToTargetMethod(java.lang.Object, int, java.lang.Object)'> (0x000000070f78fa88) 
thrown [./src/hotspot/share/interpreter/linkResolver.cpp, line 766]

Events (20 events):
Event: 1.661 loading class sun/awt/NativeLibLoader$1
Event: 1.661 loading class sun/awt/NativeLibLoader$1 done
Event: 1.662 loading class sun/awt/FontConfiguration$2
Event: 1.662 loading class sun/awt/FontConfiguration$2 done
Event: 1.662 loading class sun/awt/windows/WDefaultFontCharset
Event: 1.662 loading class sun/awt/AWTCharset
Event: 1.662 loading class sun/awt/AWTCharset done
Event: 1.662 loading class sun/awt/windows/WDefaultFontCharset done
Event: 1.662 loading class sun/awt/windows/WDefaultFontCharset$Encoder
Event: 1.662 loading class sun/awt/AWTCharset$Encoder
Event: 1.662 loading class sun/awt/AWTCharset$Encoder done
Event: 1.662 loading class sun/awt/windows/WDefaultFontCharset$Encoder done
Event: 1.663 loading class sun/awt/windows/WingDings
Event: 1.663 loading class sun/awt/windows/WingDings done
Event: 1.663 loading class sun/awt/windows/WingDings$Encoder
Event: 1.663 loading class sun/awt/windows/WingDings$Encoder done
Event: 1.663 loading class sun/awt/Symbol
Event: 1.663 loading class sun/awt/Symbol done
Event: 1.663 loading class sun/awt/Symbol$Encoder
Event: 1.663 loading class sun/awt/Symbol$Encoder done


Dynamic libraries:
0x00007ff602020000 - 0x00007ff60202d000 	C:\Eclipse\pleiades\java\14\bin\javaw.exe
0x00007fff989f0000 - 0x00007fff98be5000 	C:\WINDOWS\SYSTEM32\ntdll.dll
0x00007fff97080000 - 0x00007fff9713d000 	C:\WINDOWS\System32\KERNEL32.DLL
0x00007fff96470000 - 0x00007fff96739000 	C:\WINDOWS\System32\KERNELBASE.dll
0x00007fff96290000 - 0x00007fff96390000 	C:\WINDOWS\System32\ucrtbase.dll
0x00007fff7e130000 - 0x00007fff7e148000 	C:\Eclipse\pleiades\java\14\bin\jli.dll
0x00007fff7c400000 - 0x00007fff7c415000 	C:\Eclipse\pleiades\java\14\bin\VCRUNTIME140.dll
0x00007fff96db0000 - 0x00007fff96f50000 	C:\WINDOWS\System32\USER32.dll
0x00007fff96740000 - 0x00007fff96762000 	C:\WINDOWS\System32\win32u.dll
0x00007fff7cf00000 - 0x00007fff7d19a000 	C:\WINDOWS\WinSxS\amd64_microsoft.windows.common-controls_6595b64144ccf1df_6.0.19041.1110_none_60b5254171f9507e\COMCTL32.dll
0x00007fff96d80000 - 0x00007fff96daa000 	C:\WINDOWS\System32\GDI32.dll
0x00007fff98350000 - 0x00007fff983ee000 	C:\WINDOWS\System32\msvcrt.dll
0x00007fff96900000 - 0x00007fff96a0b000 	C:\WINDOWS\System32\gdi32full.dll
0x00007fff967d0000 - 0x00007fff9686d000 	C:\WINDOWS\System32\msvcp_win.dll
0x00007fff98260000 - 0x00007fff98290000 	C:\WINDOWS\System32\IMM32.DLL
0x00007fff53a50000 - 0x00007fff53aeb000 	C:\Eclipse\pleiades\java\14\bin\msvcp140.dll
0x00007fff28450000 - 0x00007fff28fe4000 	C:\Eclipse\pleiades\java\14\bin\server\jvm.dll
0x00007fff98900000 - 0x00007fff989ac000 	C:\WINDOWS\System32\ADVAPI32.dll
0x00007fff977d0000 - 0x00007fff9786b000 	C:\WINDOWS\System32\sechost.dll
0x00007fff96f50000 - 0x00007fff9707a000 	C:\WINDOWS\System32\RPCRT4.dll
0x00007fff97270000 - 0x00007fff97278000 	C:\WINDOWS\System32\PSAPI.DLL
0x00007fff8a550000 - 0x00007fff8a577000 	C:\WINDOWS\SYSTEM32\WINMM.dll
0x00007fff8e980000 - 0x00007fff8e98a000 	C:\WINDOWS\SYSTEM32\VERSION.dll
0x00007fff7dd10000 - 0x00007fff7dd19000 	C:\WINDOWS\SYSTEM32\WSOCK32.dll
0x00007fff97870000 - 0x00007fff978db000 	C:\WINDOWS\System32\WS2_32.dll
0x00007fff94080000 - 0x00007fff94092000 	C:\WINDOWS\SYSTEM32\kernel.appcore.dll
0x00007fff7f7a0000 - 0x00007fff7f7aa000 	C:\Eclipse\pleiades\java\14\bin\jimage.dll
0x00007fff8d6f0000 - 0x00007fff8d8d4000 	C:\WINDOWS\SYSTEM32\DBGHELP.DLL
0x00007fff8d6c0000 - 0x00007fff8d6ec000 	C:\WINDOWS\SYSTEM32\dbgcore.DLL
0x00007fff96870000 - 0x00007fff968f3000 	C:\WINDOWS\System32\bcryptPrimitives.dll
0x00007fff7c300000 - 0x00007fff7c325000 	C:\Eclipse\pleiades\java\14\bin\java.dll
0x00007fff7c2e0000 - 0x00007fff7c2f6000 	C:\Eclipse\pleiades\java\14\bin\zip.dll
0x00007fff97aa0000 - 0x00007fff981df000 	C:\WINDOWS\System32\SHELL32.dll
0x00007fff94280000 - 0x00007fff94a11000 	C:\WINDOWS\SYSTEM32\windows.storage.dll
0x00007fff983f0000 - 0x00007fff98745000 	C:\WINDOWS\System32\combase.dll
0x00007fff95ba0000 - 0x00007fff95bcc000 	C:\WINDOWS\SYSTEM32\Wldp.dll
0x00007fff96ba0000 - 0x00007fff96c4e000 	C:\WINDOWS\System32\SHCORE.dll
0x00007fff98290000 - 0x00007fff982e5000 	C:\WINDOWS\System32\shlwapi.dll
0x00007fff96070000 - 0x00007fff9608f000 	C:\WINDOWS\SYSTEM32\profapi.dll
0x00007fff51920000 - 0x00007fff51ab8000 	C:\Eclipse\pleiades\java\14\bin\awt.dll
0x00007fff978e0000 - 0x00007fff979ad000 	C:\WINDOWS\System32\OLEAUT32.dll
0x00007fff939e0000 - 0x00007fff93a70000 	C:\WINDOWS\SYSTEM32\apphelp.dll
0x00007fff93d90000 - 0x00007fff93dbf000 	C:\WINDOWS\system32\DWMAPI.DLL
0x00007fff93ba0000 - 0x00007fff93c3e000 	C:\WINDOWS\system32\uxtheme.dll
0x00007fff6dec0000 - 0x00007fff6dfe5000 	C:\WINDOWS\system32\opengl32.dll
0x00007fff7f9e0000 - 0x00007fff7fa0c000 	C:\WINDOWS\SYSTEM32\GLU32.dll
0x00007fff96c50000 - 0x00007fff96d65000 	C:\WINDOWS\System32\MSCTF.dll
0x00007fff97140000 - 0x00007fff9726a000 	C:\WINDOWS\System32\ole32.dll
0x00007fff8c110000 - 0x00007fff8c2de000 	C:\WINDOWS\system32\d3d9.dll
0x00007fff8bfb0000 - 0x00007fff8c0b5000 	C:\WINDOWS\System32\DriverStore\FileRepository\nv_dispi.inf_amd64_5be8de9f3373beaf\nvldumdx.dll
0x00007fff95d20000 - 0x00007fff95d32000 	C:\WINDOWS\SYSTEM32\msasn1.dll
0x00007fff8e840000 - 0x00007fff8e871000 	C:\WINDOWS\SYSTEM32\cryptnet.dll
0x00007fff96130000 - 0x00007fff9628f000 	C:\WINDOWS\System32\CRYPT32.dll
0x00007fff95b00000 - 0x00007fff95b0c000 	C:\WINDOWS\SYSTEM32\cryptbase.dll
0x00007fff96770000 - 0x00007fff967d0000 	C:\WINDOWS\System32\WINTRUST.DLL
0x00007fff97280000 - 0x00007fff9729d000 	C:\WINDOWS\System32\imagehlp.dll
0x00007fff95ae0000 - 0x00007fff95af8000 	C:\WINDOWS\SYSTEM32\CRYPTSP.dll
0x00007fff95230000 - 0x00007fff95264000 	C:\WINDOWS\system32\rsaenh.dll
0x00007fff96390000 - 0x00007fff963b7000 	C:\WINDOWS\System32\bcrypt.dll
0x00007fff2c400000 - 0x00007fff2e04a000 	C:\WINDOWS\System32\DriverStore\FileRepository\nv_dispi.inf_amd64_5be8de9f3373beaf\nvd3dumx.dll
0x00007fff5f950000 - 0x00007fff5fc0e000 	C:\WINDOWS\system32\nvspcap64.dll
0x00007fff94e60000 - 0x00007fff94e93000 	C:\WINDOWS\SYSTEM32\ntmarta.dll
0x00007fff94a30000 - 0x00007fff94a53000 	C:\WINDOWS\SYSTEM32\gpapi.dll
0x00007fff90e20000 - 0x00007fff90e5b000 	C:\WINDOWS\SYSTEM32\dxcore.dll
0x00007fff96a10000 - 0x00007fff96a5e000 	C:\WINDOWS\System32\cfgmgr32.dll
0x00007fff716d0000 - 0x00007fff716fd000 	C:\Eclipse\pleiades\java\14\bin\javajpeg.dll
0x00007fff660e0000 - 0x00007fff66162000 	C:\Eclipse\pleiades\java\14\bin\freetype.dll
0x00007fff539a0000 - 0x00007fff53a46000 	C:\Eclipse\pleiades\java\14\bin\fontmanager.dll
0x00007fff7c2c0000 - 0x00007fff7c2d9000 	C:\Eclipse\pleiades\java\14\bin\net.dll
0x00007fff8e370000 - 0x00007fff8e47a000 	C:\WINDOWS\SYSTEM32\WINHTTP.dll
0x00007fff95900000 - 0x00007fff9596a000 	C:\WINDOWS\system32\mswsock.dll
0x00007fff7c2a0000 - 0x00007fff7c2b2000 	C:\Eclipse\pleiades\java\14\bin\nio.dll

dbghelp: loaded successfully - version: 4.0.5 - missing functions: none
symbol engine: initialized successfully - sym options: 0x614 - pdb path: .;C:\Eclipse\pleiades\java\14\bin;C:\WINDOWS\SYSTEM32;C:\WINDOWS\WinSxS\amd64_microsoft.windows.common-controls_6595b64144ccf1df_6.0.19041.1110_none_60b5254171f9507e;C:\Eclipse\pleiades\java\14\bin\server;C:\WINDOWS\System32\DriverStore\FileRepository\nv_dispi.inf_amd64_5be8de9f3373beaf

VM Arguments:
jvm_args: -Dfile.encoding=UTF-8 -XX:+ShowCodeDetailsInExceptionMessages 
java_command: Client
java_class_path (initial): C:\Users\iRori\git\PL2ver2\bin
Launcher Type: SUN_STANDARD

[Global flags]
     intx CICompilerCount                          = 12                                        {product} {ergonomic}
     uint ConcGCThreads                            = 3                                         {product} {ergonomic}
     uint G1ConcRefinementThreads                  = 13                                        {product} {ergonomic}
   size_t G1HeapRegionSize                         = 1048576                                   {product} {ergonomic}
    uintx GCDrainStackTargetSize                   = 64                                        {product} {ergonomic}
   size_t InitialHeapSize                          = 268435456                                 {product} {ergonomic}
   size_t MarkStackSize                            = 4194304                                   {product} {ergonomic}
   size_t MaxHeapSize                              = 4284481536                                {product} {ergonomic}
   size_t MaxNewSize                               = 2570059776                                {product} {ergonomic}
   size_t MinHeapDeltaBytes                        = 1048576                                   {product} {ergonomic}
   size_t MinHeapSize                              = 8388608                                   {product} {ergonomic}
    uintx NonNMethodCodeHeapSize                   = 7602480                                {pd product} {ergonomic}
    uintx NonProfiledCodeHeapSize                  = 122027880                              {pd product} {ergonomic}
    uintx ProfiledCodeHeapSize                     = 122027880                              {pd product} {ergonomic}
    uintx ReservedCodeCacheSize                    = 251658240                              {pd product} {ergonomic}
     bool SegmentedCodeCache                       = true                                      {product} {ergonomic}
     bool ShowCodeDetailsInExceptionMessages       = true                                   {manageable} {command line}
   size_t SoftMaxHeapSize                          = 4284481536                             {manageable} {ergonomic}
     bool UseCompressedClassPointers               = true                                 {lp64_product} {ergonomic}
     bool UseCompressedOops                        = true                                 {lp64_product} {ergonomic}
     bool UseG1GC                                  = true                                      {product} {ergonomic}
     bool UseLargePagesIndividualAllocation        = false                                  {pd product} {ergonomic}

Logging:
Log output configuration:
 #0: stdout all=warning uptime,level,tags
 #1: stderr all=off uptime,level,tags

Environment Variables:
JAVA_HOME=C:\Program Files\Java\jdk-11.0.8
PATH=C:/Eclipse/pleiades/eclipse//dropins/EclipseCPP/eclipse/plugins/org.eclipse.justj.openjdk.hotspot.jre.full.win32.x86_64_14.0.2.v20200815-0932/jre/bin/server;C:/Eclipse/pleiades/eclipse//dropins/EclipseCPP/eclipse/plugins/org.eclipse.justj.openjdk.hotspot.jre.full.win32.x86_64_14.0.2.v20200815-0932/jre/bin;C:\Program Files\Common Files\Oracle\Java\javapath;C:\Program Files (x86)\Common Files\Oracle\Java\javapath;C:\Windows\system32;C:\Windows;C:\Windows\System32\Wbem;C:\Windows\System32\WindowsPowerShell\v1.0\;C:\Windows\System32\OpenSSH\;C:\Program Files (x86)\NVIDIA Corporation\PhysX\Common;C:\Program Files\NVIDIA Corporation\NVIDIA NvDLISR;C:\MinGW\bin;C:\Program Files\dotnet\;C:\Program Files\Microsoft SQL Server\130\Tools\Binn\;C:\Program Files\Microsoft SQL Server\Client SDK\ODBC\170\Tools\Binn\;C:\Program Files (x86)\GnuWin32\bin;C:\Program Files (x86)\QuickTime\QTSystem\;C:\WINDOWS\system32;C:\WINDOWS;C:\WINDOWS\System32\Wbem;C:\WINDOWS\System32\WindowsPowerShell\v1.0\;C:\WINDOWS\System32\OpenSSH\;C:\Users\iRori\AppData\Local\Microsoft\WindowsApps;C:\Program Files\Java\jdk-11.0.8\bin;C:\Users\iRori\AppData\Local\atom\bin;C:\Users\iRori\AppData\Local\Microsoft\WindowsApps;;C:\Users\iRori\AppData\Local\Programs\Microsoft VS Code\bin;C:\Eclipse\pleiades\eclipse;
USERNAME=iRori
OS=Windows_NT
PROCESSOR_IDENTIFIER=AMD64 Family 23 Model 113 Stepping 0, AuthenticAMD



---------------  S Y S T E M  ---------------

OS: Windows 10 , 64 bit Build 19041 (10.0.19041.1023)
OS uptime: 0 days 13:28 hours

CPU:total 16 (initial active 16) (16 cores per cpu, 2 threads per core) family 23 model 113 stepping 0, cmov, cx8, fxsr, mmx, sse, sse2, sse3, ssse3, sse4.1, sse4.2, popcnt, avx, avx2, aes, clmul, mmxext, 3dnowpref, lzcnt, sse4a, ht, tsc, tscinvbit, tscinv, bmi1, bmi2, adx, sha, fma

Memory: 4k page, system-wide physical 16337M (8355M free)
TotalPageFile size 33745M (AvailPageFile size 17713M)
current process WorkingSet (physical memory assigned to process): 253M, peak: 257M
current process commit charge ("private bytes"): 409M, peak: 413M

vm_info: OpenJDK 64-Bit Server VM (14.0.2+12) for windows-amd64 JRE (14.0.2+12), built on Jul 15 2020 11:30:16 by "" with MS VC++ 15.9 (VS2017)

END.
