#
# There is insufficient memory for the Java Runtime Environment to continue.
# Native memory allocation (malloc) failed to allocate 54064 bytes for Chunk::new
# Possible reasons:
#   The system is out of physical RAM or swap space
#   The process is running with CompressedOops enabled, and the Java Heap may be blocking the growth of the native heap
# Possible solutions:
#   Reduce memory load on the system
#   Increase physical memory or swap space
#   Check if swap backing store is full
#   Decrease Java heap size (-Xmx/-Xms)
#   Decrease number of Java threads
#   Decrease Java thread stack sizes (-Xss)
#   Set larger code cache with -XX:ReservedCodeCacheSize=
#   JVM is running with Unscaled Compressed Oops mode in which the Java heap is
#     placed in the first 4GB address space. The Java Heap base address is the
#     maximum limit for the native heap growth. Please use -XX:HeapBaseMinAddress
#     to set the Java Heap base and to place the Java Heap above 4GB virtual address.
# This output file may be truncated or incomplete.
#
#  Out of Memory Error (arena.cpp:195), pid=16488, tid=18100
#
# JRE version: OpenJDK Runtime Environment AdoptOpenJDK-16.0.1+9 (16.0.1+9) (build 16.0.1+9)
# Java VM: OpenJDK 64-Bit Server VM AdoptOpenJDK-16.0.1+9 (16.0.1+9, mixed mode, sharing, tiered, compressed oops, compressed class ptrs, g1 gc, windows-amd64)
# No core dump will be written. Minidumps are not enabled by default on client versions of Windows
#

---------------  S U M M A R Y ------------

Command Line: -Dfile.encoding=UTF-8 -XX:+ShowCodeDetailsInExceptionMessages EchoServer

Host: Intel(R) Core(TM) i5-8350U CPU @ 1.70GHz, 8 cores, 7G,  Windows 10 , 64 bit Build 19041 (10.0.19041.1023)
Time: Fri Jul 30 05:25:20 2021  Windows 10 , 64 bit Build 19041 (10.0.19041.1023) elapsed time: 40.369127 seconds (0d 0h 0m 40s)

---------------  T H R E A D  ---------------

Current thread (0x0000028d987c9d90):  JavaThread "C2 CompilerThread2" daemon [_thread_in_native, id=18100, stack(0x00000099ff700000,0x00000099ff800000)]


Current CompileTask:
C2:  40369  301       4       sun.nio.ch.NioSocketImpl$1::read (11 bytes)

Stack: [0x00000099ff700000,0x00000099ff800000]
Native frames: (J=compiled Java code, j=interpreted, Vv=VM code, C=native code)
V  [jvm.dll+0x67978a]
V  [jvm.dll+0x82bd79]
V  [jvm.dll+0x82d503]
V  [jvm.dll+0x82db63]
V  [jvm.dll+0x24eeb5]
V  [jvm.dll+0xb73ba]
V  [jvm.dll+0xb7a9c]
V  [jvm.dll+0x125647]
V  [jvm.dll+0x604cf2]
V  [jvm.dll+0x6094d4]
V  [jvm.dll+0x220308]
V  [jvm.dll+0x21f8b0]
V  [jvm.dll+0x1ac55b]
V  [jvm.dll+0x22fa28]
V  [jvm.dll+0x22da6c]
V  [jvm.dll+0x7e11e2]
V  [jvm.dll+0x7dad1a]
V  [jvm.dll+0x6785b6]
C  [ucrtbase.dll+0x21bb2]
C  [KERNEL32.DLL+0x17034]
C  [ntdll.dll+0x52651]


---------------  P R O C E S S  ---------------

Threads class SMR info:
_java_thread_list=0x0000028d9847c430, length=14, elements={
0x0000028df7be8cf0, 0x0000028dff5411d0, 0x0000028dff541fa0, 0x0000028dff552b10,
0x0000028dff553620, 0x0000028dff556040, 0x0000028dff55de70, 0x0000028dff55eb60,
0x0000028dff567570, 0x0000028dff57e6c0, 0x0000028d984c81b0, 0x0000028d984cb9e0,
0x0000028d987c9780, 0x0000028d987c9d90
}

Java Threads: ( => current thread )
  0x0000028df7be8cf0 JavaThread "main" [_thread_in_native, id=18468, stack(0x00000099fe300000,0x00000099fe400000)]
  0x0000028dff5411d0 JavaThread "Reference Handler" daemon [_thread_blocked, id=1452, stack(0x00000099fea00000,0x00000099feb00000)]
  0x0000028dff541fa0 JavaThread "Finalizer" daemon [_thread_blocked, id=5016, stack(0x00000099feb00000,0x00000099fec00000)]
  0x0000028dff552b10 JavaThread "Signal Dispatcher" daemon [_thread_blocked, id=4496, stack(0x00000099fec00000,0x00000099fed00000)]
  0x0000028dff553620 JavaThread "Attach Listener" daemon [_thread_blocked, id=7560, stack(0x00000099fed00000,0x00000099fee00000)]
  0x0000028dff556040 JavaThread "Service Thread" daemon [_thread_blocked, id=9780, stack(0x00000099fee00000,0x00000099fef00000)]
  0x0000028dff55de70 JavaThread "Monitor Deflation Thread" daemon [_thread_blocked, id=276, stack(0x00000099fef00000,0x00000099ff000000)]
  0x0000028dff55eb60 JavaThread "C2 CompilerThread0" daemon [_thread_in_native, id=17784, stack(0x00000099ff000000,0x00000099ff100000)]
  0x0000028dff567570 JavaThread "C1 CompilerThread0" daemon [_thread_blocked, id=14944, stack(0x00000099ff100000,0x00000099ff200000)]
  0x0000028dff57e6c0 JavaThread "Sweeper thread" daemon [_thread_blocked, id=12568, stack(0x00000099ff200000,0x00000099ff300000)]
  0x0000028d984c81b0 JavaThread "Notification Thread" daemon [_thread_blocked, id=4436, stack(0x00000099ff300000,0x00000099ff400000)]
  0x0000028d984cb9e0 JavaThread "Common-Cleaner" daemon [_thread_blocked, id=11556, stack(0x00000099ff500000,0x00000099ff600000)]
  0x0000028d987c9780 JavaThread "C2 CompilerThread1" daemon [_thread_in_native, id=15732, stack(0x00000099ff600000,0x00000099ff700000)]
=>0x0000028d987c9d90 JavaThread "C2 CompilerThread2" daemon [_thread_in_native, id=18100, stack(0x00000099ff700000,0x00000099ff800000)]

Other Threads:
  0x0000028dff53d670 VMThread "VM Thread" [stack: 0x00000099fe900000,0x00000099fea00000] [id=20376]
  0x0000028d984cb6f0 WatcherThread [stack: 0x00000099ff400000,0x00000099ff500000] [id=3884]
  0x0000028df7c28630 GCTaskThread "GC Thread#0" [stack: 0x00000099fe400000,0x00000099fe500000] [id=5472]
  0x0000028df7c39ba0 ConcurrentGCThread "G1 Main Marker" [stack: 0x00000099fe500000,0x00000099fe600000] [id=8872]
  0x0000028df7c3a5a0 ConcurrentGCThread "G1 Conc#0" [stack: 0x00000099fe600000,0x00000099fe700000] [id=10512]
  0x0000028df7cc86a0 ConcurrentGCThread "G1 Refine#0" [stack: 0x00000099fe700000,0x00000099fe800000] [id=15600]
  0x0000028df7cc9f40 ConcurrentGCThread "G1 Service" [stack: 0x00000099fe800000,0x00000099fe900000] [id=21680]

Threads with active compile tasks:
C2 CompilerThread0    40444  302   !   4       sun.nio.ch.NioSocketImpl::read (96 bytes)
C2 CompilerThread1    40444  300       4       java.net.Socket$SocketInputStream::read (11 bytes)
C2 CompilerThread2    40444  301       4       sun.nio.ch.NioSocketImpl$1::read (11 bytes)

VM state: not at safepoint (normal execution)

VM Mutex/Monitor currently owned by a thread: None

Heap address: 0x0000000081400000, size: 2028 MB, Compressed Oops mode: 32-bit

CDS archive(s) mapped at: [0x0000000800000000-0x0000000800bf0000-0x0000000800bf0000), size 12517376, SharedBaseAddress: 0x0000000800000000, ArchiveRelocationMode: 0.
Compressed class space mapped at: 0x0000000800c00000-0x0000000840c00000, reserved size: 1073741824
Narrow klass base: 0x0000000800000000, Narrow klass shift: 3, Narrow klass range: 0x100000000

GC Precious Log:
 CPUs: 8 total, 8 available
 Memory: 8108M
 Large Page Support: Disabled
 NUMA Support: Disabled
 Compressed Oops: Enabled (32-bit)
 Heap Region Size: 1M
 Heap Min Capacity: 8M
 Heap Initial Capacity: 128M
 Heap Max Capacity: 2028M
 Pre-touch: Disabled
 Parallel Workers: 8
 Concurrent Workers: 2
 Concurrent Refinement Workers: 8
 Periodic GC: Disabled

Heap:
 garbage-first heap   total 131072K, used 19456K [0x0000000081400000, 0x0000000100000000)
  region size 1024K, 3 young (3072K), 0 survivors (0K)
 Metaspace       used 1613K, committed 1728K, reserved 1056768K
  class space    used 131K, committed 192K, reserved 1048576K

Heap Regions: E=young(eden), S=young(survivor), O=old, HS=humongous(starts), HC=humongous(continues), CS=collection set, F=free, OA=open archive, CA=closed archive, TAMS=top-at-mark-start (previous, next)
|   0|0x0000000081400000, 0x0000000081500000, 0x0000000081500000|100%|HS|  |TAMS 0x0000000081400000, 0x0000000081400000| Complete 
|   1|0x0000000081500000, 0x0000000081600000, 0x0000000081600000|100%|HC|  |TAMS 0x0000000081500000, 0x0000000081500000| Complete 
|   2|0x0000000081600000, 0x0000000081700000, 0x0000000081700000|100%|HC|  |TAMS 0x0000000081600000, 0x0000000081600000| Complete 
|   3|0x0000000081700000, 0x0000000081800000, 0x0000000081800000|100%|HC|  |TAMS 0x0000000081700000, 0x0000000081700000| Complete 
|   4|0x0000000081800000, 0x0000000081900000, 0x0000000081900000|100%|HC|  |TAMS 0x0000000081800000, 0x0000000081800000| Complete 
|   5|0x0000000081900000, 0x0000000081a00000, 0x0000000081a00000|100%|HC|  |TAMS 0x0000000081900000, 0x0000000081900000| Complete 
|   6|0x0000000081a00000, 0x0000000081b00000, 0x0000000081b00000|100%|HC|  |TAMS 0x0000000081a00000, 0x0000000081a00000| Complete 
|   7|0x0000000081b00000, 0x0000000081c00000, 0x0000000081c00000|100%|HC|  |TAMS 0x0000000081b00000, 0x0000000081b00000| Complete 
|   8|0x0000000081c00000, 0x0000000081d00000, 0x0000000081d00000|100%|HC|  |TAMS 0x0000000081c00000, 0x0000000081c00000| Complete 
|   9|0x0000000081d00000, 0x0000000081e00000, 0x0000000081e00000|100%|HC|  |TAMS 0x0000000081d00000, 0x0000000081d00000| Complete 
|  10|0x0000000081e00000, 0x0000000081f00000, 0x0000000081f00000|100%|HC|  |TAMS 0x0000000081e00000, 0x0000000081e00000| Complete 
|  11|0x0000000081f00000, 0x0000000082000000, 0x0000000082000000|100%|HC|  |TAMS 0x0000000081f00000, 0x0000000081f00000| Complete 
|  12|0x0000000082000000, 0x0000000082100000, 0x0000000082100000|100%|HC|  |TAMS 0x0000000082000000, 0x0000000082000000| Complete 
|  13|0x0000000082100000, 0x0000000082200000, 0x0000000082200000|100%|HC|  |TAMS 0x0000000082100000, 0x0000000082100000| Complete 
|  14|0x0000000082200000, 0x0000000082300000, 0x0000000082300000|100%|HC|  |TAMS 0x0000000082200000, 0x0000000082200000| Complete 
|  15|0x0000000082300000, 0x0000000082400000, 0x0000000082400000|100%|HC|  |TAMS 0x0000000082300000, 0x0000000082300000| Complete 
|  16|0x0000000082400000, 0x0000000082500000, 0x0000000082500000|100%|HC|  |TAMS 0x0000000082400000, 0x0000000082400000| Complete 
|  17|0x0000000082500000, 0x0000000082500000, 0x0000000082600000|  0%| F|  |TAMS 0x0000000082500000, 0x0000000082500000| Untracked 
|  18|0x0000000082600000, 0x0000000082600000, 0x0000000082700000|  0%| F|  |TAMS 0x0000000082600000, 0x0000000082600000| Untracked 
|  19|0x0000000082700000, 0x0000000082700000, 0x0000000082800000|  0%| F|  |TAMS 0x0000000082700000, 0x0000000082700000| Untracked 
|  20|0x0000000082800000, 0x0000000082800000, 0x0000000082900000|  0%| F|  |TAMS 0x0000000082800000, 0x0000000082800000| Untracked 
|  21|0x0000000082900000, 0x0000000082900000, 0x0000000082a00000|  0%| F|  |TAMS 0x0000000082900000, 0x0000000082900000| Untracked 
|  22|0x0000000082a00000, 0x0000000082a00000, 0x0000000082b00000|  0%| F|  |TAMS 0x0000000082a00000, 0x0000000082a00000| Untracked 
|  23|0x0000000082b00000, 0x0000000082b00000, 0x0000000082c00000|  0%| F|  |TAMS 0x0000000082b00000, 0x0000000082b00000| Untracked 
|  24|0x0000000082c00000, 0x0000000082c00000, 0x0000000082d00000|  0%| F|  |TAMS 0x0000000082c00000, 0x0000000082c00000| Untracked 
|  25|0x0000000082d00000, 0x0000000082d00000, 0x0000000082e00000|  0%| F|  |TAMS 0x0000000082d00000, 0x0000000082d00000| Untracked 
|  26|0x0000000082e00000, 0x0000000082e00000, 0x0000000082f00000|  0%| F|  |TAMS 0x0000000082e00000, 0x0000000082e00000| Untracked 
|  27|0x0000000082f00000, 0x0000000082f00000, 0x0000000083000000|  0%| F|  |TAMS 0x0000000082f00000, 0x0000000082f00000| Untracked 
|  28|0x0000000083000000, 0x0000000083000000, 0x0000000083100000|  0%| F|  |TAMS 0x0000000083000000, 0x0000000083000000| Untracked 
|  29|0x0000000083100000, 0x0000000083100000, 0x0000000083200000|  0%| F|  |TAMS 0x0000000083100000, 0x0000000083100000| Untracked 
|  30|0x0000000083200000, 0x0000000083200000, 0x0000000083300000|  0%| F|  |TAMS 0x0000000083200000, 0x0000000083200000| Untracked 
|  31|0x0000000083300000, 0x0000000083300000, 0x0000000083400000|  0%| F|  |TAMS 0x0000000083300000, 0x0000000083300000| Untracked 
|  32|0x0000000083400000, 0x0000000083400000, 0x0000000083500000|  0%| F|  |TAMS 0x0000000083400000, 0x0000000083400000| Untracked 
|  33|0x0000000083500000, 0x0000000083500000, 0x0000000083600000|  0%| F|  |TAMS 0x0000000083500000, 0x0000000083500000| Untracked 
|  34|0x0000000083600000, 0x0000000083600000, 0x0000000083700000|  0%| F|  |TAMS 0x0000000083600000, 0x0000000083600000| Untracked 
|  35|0x0000000083700000, 0x0000000083700000, 0x0000000083800000|  0%| F|  |TAMS 0x0000000083700000, 0x0000000083700000| Untracked 
|  36|0x0000000083800000, 0x0000000083800000, 0x0000000083900000|  0%| F|  |TAMS 0x0000000083800000, 0x0000000083800000| Untracked 
|  37|0x0000000083900000, 0x0000000083900000, 0x0000000083a00000|  0%| F|  |TAMS 0x0000000083900000, 0x0000000083900000| Untracked 
|  38|0x0000000083a00000, 0x0000000083a00000, 0x0000000083b00000|  0%| F|  |TAMS 0x0000000083a00000, 0x0000000083a00000| Untracked 
|  39|0x0000000083b00000, 0x0000000083b00000, 0x0000000083c00000|  0%| F|  |TAMS 0x0000000083b00000, 0x0000000083b00000| Untracked 
|  40|0x0000000083c00000, 0x0000000083c00000, 0x0000000083d00000|  0%| F|  |TAMS 0x0000000083c00000, 0x0000000083c00000| Untracked 
|  41|0x0000000083d00000, 0x0000000083d00000, 0x0000000083e00000|  0%| F|  |TAMS 0x0000000083d00000, 0x0000000083d00000| Untracked 
|  42|0x0000000083e00000, 0x0000000083e00000, 0x0000000083f00000|  0%| F|  |TAMS 0x0000000083e00000, 0x0000000083e00000| Untracked 
|  43|0x0000000083f00000, 0x0000000083f00000, 0x0000000084000000|  0%| F|  |TAMS 0x0000000083f00000, 0x0000000083f00000| Untracked 
|  44|0x0000000084000000, 0x0000000084000000, 0x0000000084100000|  0%| F|  |TAMS 0x0000000084000000, 0x0000000084000000| Untracked 
|  45|0x0000000084100000, 0x0000000084100000, 0x0000000084200000|  0%| F|  |TAMS 0x0000000084100000, 0x0000000084100000| Untracked 
|  46|0x0000000084200000, 0x0000000084200000, 0x0000000084300000|  0%| F|  |TAMS 0x0000000084200000, 0x0000000084200000| Untracked 
|  47|0x0000000084300000, 0x0000000084300000, 0x0000000084400000|  0%| F|  |TAMS 0x0000000084300000, 0x0000000084300000| Untracked 
|  48|0x0000000084400000, 0x0000000084400000, 0x0000000084500000|  0%| F|  |TAMS 0x0000000084400000, 0x0000000084400000| Untracked 
|  49|0x0000000084500000, 0x0000000084500000, 0x0000000084600000|  0%| F|  |TAMS 0x0000000084500000, 0x0000000084500000| Untracked 
|  50|0x0000000084600000, 0x0000000084600000, 0x0000000084700000|  0%| F|  |TAMS 0x0000000084600000, 0x0000000084600000| Untracked 
|  51|0x0000000084700000, 0x0000000084700000, 0x0000000084800000|  0%| F|  |TAMS 0x0000000084700000, 0x0000000084700000| Untracked 
|  52|0x0000000084800000, 0x0000000084800000, 0x0000000084900000|  0%| F|  |TAMS 0x0000000084800000, 0x0000000084800000| Untracked 
|  53|0x0000000084900000, 0x0000000084900000, 0x0000000084a00000|  0%| F|  |TAMS 0x0000000084900000, 0x0000000084900000| Untracked 
|  54|0x0000000084a00000, 0x0000000084a00000, 0x0000000084b00000|  0%| F|  |TAMS 0x0000000084a00000, 0x0000000084a00000| Untracked 
|  55|0x0000000084b00000, 0x0000000084b00000, 0x0000000084c00000|  0%| F|  |TAMS 0x0000000084b00000, 0x0000000084b00000| Untracked 
|  56|0x0000000084c00000, 0x0000000084c00000, 0x0000000084d00000|  0%| F|  |TAMS 0x0000000084c00000, 0x0000000084c00000| Untracked 
|  57|0x0000000084d00000, 0x0000000084d00000, 0x0000000084e00000|  0%| F|  |TAMS 0x0000000084d00000, 0x0000000084d00000| Untracked 
|  58|0x0000000084e00000, 0x0000000084e00000, 0x0000000084f00000|  0%| F|  |TAMS 0x0000000084e00000, 0x0000000084e00000| Untracked 
|  59|0x0000000084f00000, 0x0000000084f00000, 0x0000000085000000|  0%| F|  |TAMS 0x0000000084f00000, 0x0000000084f00000| Untracked 
|  60|0x0000000085000000, 0x0000000085000000, 0x0000000085100000|  0%| F|  |TAMS 0x0000000085000000, 0x0000000085000000| Untracked 
|  61|0x0000000085100000, 0x0000000085100000, 0x0000000085200000|  0%| F|  |TAMS 0x0000000085100000, 0x0000000085100000| Untracked 
|  62|0x0000000085200000, 0x0000000085200000, 0x0000000085300000|  0%| F|  |TAMS 0x0000000085200000, 0x0000000085200000| Untracked 
|  63|0x0000000085300000, 0x0000000085300000, 0x0000000085400000|  0%| F|  |TAMS 0x0000000085300000, 0x0000000085300000| Untracked 
|  64|0x0000000085400000, 0x0000000085400000, 0x0000000085500000|  0%| F|  |TAMS 0x0000000085400000, 0x0000000085400000| Untracked 
|  65|0x0000000085500000, 0x0000000085500000, 0x0000000085600000|  0%| F|  |TAMS 0x0000000085500000, 0x0000000085500000| Untracked 
|  66|0x0000000085600000, 0x0000000085600000, 0x0000000085700000|  0%| F|  |TAMS 0x0000000085600000, 0x0000000085600000| Untracked 
|  67|0x0000000085700000, 0x0000000085700000, 0x0000000085800000|  0%| F|  |TAMS 0x0000000085700000, 0x0000000085700000| Untracked 
|  68|0x0000000085800000, 0x0000000085800000, 0x0000000085900000|  0%| F|  |TAMS 0x0000000085800000, 0x0000000085800000| Untracked 
|  69|0x0000000085900000, 0x0000000085900000, 0x0000000085a00000|  0%| F|  |TAMS 0x0000000085900000, 0x0000000085900000| Untracked 
|  70|0x0000000085a00000, 0x0000000085a00000, 0x0000000085b00000|  0%| F|  |TAMS 0x0000000085a00000, 0x0000000085a00000| Untracked 
|  71|0x0000000085b00000, 0x0000000085b00000, 0x0000000085c00000|  0%| F|  |TAMS 0x0000000085b00000, 0x0000000085b00000| Untracked 
|  72|0x0000000085c00000, 0x0000000085c00000, 0x0000000085d00000|  0%| F|  |TAMS 0x0000000085c00000, 0x0000000085c00000| Untracked 
|  73|0x0000000085d00000, 0x0000000085d00000, 0x0000000085e00000|  0%| F|  |TAMS 0x0000000085d00000, 0x0000000085d00000| Untracked 
|  74|0x0000000085e00000, 0x0000000085e00000, 0x0000000085f00000|  0%| F|  |TAMS 0x0000000085e00000, 0x0000000085e00000| Untracked 
|  75|0x0000000085f00000, 0x0000000085f00000, 0x0000000086000000|  0%| F|  |TAMS 0x0000000085f00000, 0x0000000085f00000| Untracked 
|  76|0x0000000086000000, 0x0000000086000000, 0x0000000086100000|  0%| F|  |TAMS 0x0000000086000000, 0x0000000086000000| Untracked 
|  77|0x0000000086100000, 0x0000000086100000, 0x0000000086200000|  0%| F|  |TAMS 0x0000000086100000, 0x0000000086100000| Untracked 
|  78|0x0000000086200000, 0x0000000086200000, 0x0000000086300000|  0%| F|  |TAMS 0x0000000086200000, 0x0000000086200000| Untracked 
|  79|0x0000000086300000, 0x0000000086300000, 0x0000000086400000|  0%| F|  |TAMS 0x0000000086300000, 0x0000000086300000| Untracked 
|  80|0x0000000086400000, 0x0000000086400000, 0x0000000086500000|  0%| F|  |TAMS 0x0000000086400000, 0x0000000086400000| Untracked 
|  81|0x0000000086500000, 0x0000000086500000, 0x0000000086600000|  0%| F|  |TAMS 0x0000000086500000, 0x0000000086500000| Untracked 
|  82|0x0000000086600000, 0x0000000086600000, 0x0000000086700000|  0%| F|  |TAMS 0x0000000086600000, 0x0000000086600000| Untracked 
|  83|0x0000000086700000, 0x0000000086700000, 0x0000000086800000|  0%| F|  |TAMS 0x0000000086700000, 0x0000000086700000| Untracked 
|  84|0x0000000086800000, 0x0000000086800000, 0x0000000086900000|  0%| F|  |TAMS 0x0000000086800000, 0x0000000086800000| Untracked 
|  85|0x0000000086900000, 0x0000000086900000, 0x0000000086a00000|  0%| F|  |TAMS 0x0000000086900000, 0x0000000086900000| Untracked 
|  86|0x0000000086a00000, 0x0000000086a00000, 0x0000000086b00000|  0%| F|  |TAMS 0x0000000086a00000, 0x0000000086a00000| Untracked 
|  87|0x0000000086b00000, 0x0000000086b00000, 0x0000000086c00000|  0%| F|  |TAMS 0x0000000086b00000, 0x0000000086b00000| Untracked 
|  88|0x0000000086c00000, 0x0000000086c00000, 0x0000000086d00000|  0%| F|  |TAMS 0x0000000086c00000, 0x0000000086c00000| Untracked 
|  89|0x0000000086d00000, 0x0000000086d00000, 0x0000000086e00000|  0%| F|  |TAMS 0x0000000086d00000, 0x0000000086d00000| Untracked 
|  90|0x0000000086e00000, 0x0000000086e00000, 0x0000000086f00000|  0%| F|  |TAMS 0x0000000086e00000, 0x0000000086e00000| Untracked 
|  91|0x0000000086f00000, 0x0000000086f00000, 0x0000000087000000|  0%| F|  |TAMS 0x0000000086f00000, 0x0000000086f00000| Untracked 
|  92|0x0000000087000000, 0x0000000087000000, 0x0000000087100000|  0%| F|  |TAMS 0x0000000087000000, 0x0000000087000000| Untracked 
|  93|0x0000000087100000, 0x0000000087100000, 0x0000000087200000|  0%| F|  |TAMS 0x0000000087100000, 0x0000000087100000| Untracked 
|  94|0x0000000087200000, 0x0000000087200000, 0x0000000087300000|  0%| F|  |TAMS 0x0000000087200000, 0x0000000087200000| Untracked 
|  95|0x0000000087300000, 0x0000000087300000, 0x0000000087400000|  0%| F|  |TAMS 0x0000000087300000, 0x0000000087300000| Untracked 
|  96|0x0000000087400000, 0x0000000087400000, 0x0000000087500000|  0%| F|  |TAMS 0x0000000087400000, 0x0000000087400000| Untracked 
|  97|0x0000000087500000, 0x0000000087500000, 0x0000000087600000|  0%| F|  |TAMS 0x0000000087500000, 0x0000000087500000| Untracked 
|  98|0x0000000087600000, 0x0000000087600000, 0x0000000087700000|  0%| F|  |TAMS 0x0000000087600000, 0x0000000087600000| Untracked 
|  99|0x0000000087700000, 0x0000000087700000, 0x0000000087800000|  0%| F|  |TAMS 0x0000000087700000, 0x0000000087700000| Untracked 
| 100|0x0000000087800000, 0x0000000087800000, 0x0000000087900000|  0%| F|  |TAMS 0x0000000087800000, 0x0000000087800000| Untracked 
| 101|0x0000000087900000, 0x0000000087900000, 0x0000000087a00000|  0%| F|  |TAMS 0x0000000087900000, 0x0000000087900000| Untracked 
| 102|0x0000000087a00000, 0x0000000087a00000, 0x0000000087b00000|  0%| F|  |TAMS 0x0000000087a00000, 0x0000000087a00000| Untracked 
| 103|0x0000000087b00000, 0x0000000087b00000, 0x0000000087c00000|  0%| F|  |TAMS 0x0000000087b00000, 0x0000000087b00000| Untracked 
| 104|0x0000000087c00000, 0x0000000087c00000, 0x0000000087d00000|  0%| F|  |TAMS 0x0000000087c00000, 0x0000000087c00000| Untracked 
| 105|0x0000000087d00000, 0x0000000087d00000, 0x0000000087e00000|  0%| F|  |TAMS 0x0000000087d00000, 0x0000000087d00000| Untracked 
| 106|0x0000000087e00000, 0x0000000087e00000, 0x0000000087f00000|  0%| F|  |TAMS 0x0000000087e00000, 0x0000000087e00000| Untracked 
| 107|0x0000000087f00000, 0x0000000087f00000, 0x0000000088000000|  0%| F|  |TAMS 0x0000000087f00000, 0x0000000087f00000| Untracked 
| 108|0x0000000088000000, 0x0000000088000000, 0x0000000088100000|  0%| F|  |TAMS 0x0000000088000000, 0x0000000088000000| Untracked 
| 109|0x0000000088100000, 0x0000000088100000, 0x0000000088200000|  0%| F|  |TAMS 0x0000000088100000, 0x0000000088100000| Untracked 
| 110|0x0000000088200000, 0x0000000088200000, 0x0000000088300000|  0%| F|  |TAMS 0x0000000088200000, 0x0000000088200000| Untracked 
| 111|0x0000000088300000, 0x0000000088300000, 0x0000000088400000|  0%| F|  |TAMS 0x0000000088300000, 0x0000000088300000| Untracked 
| 112|0x0000000088400000, 0x0000000088400000, 0x0000000088500000|  0%| F|  |TAMS 0x0000000088400000, 0x0000000088400000| Untracked 
| 113|0x0000000088500000, 0x0000000088500000, 0x0000000088600000|  0%| F|  |TAMS 0x0000000088500000, 0x0000000088500000| Untracked 
| 114|0x0000000088600000, 0x0000000088600000, 0x0000000088700000|  0%| F|  |TAMS 0x0000000088600000, 0x0000000088600000| Untracked 
| 115|0x0000000088700000, 0x0000000088700000, 0x0000000088800000|  0%| F|  |TAMS 0x0000000088700000, 0x0000000088700000| Untracked 
| 116|0x0000000088800000, 0x0000000088800000, 0x0000000088900000|  0%| F|  |TAMS 0x0000000088800000, 0x0000000088800000| Untracked 
| 117|0x0000000088900000, 0x0000000088900000, 0x0000000088a00000|  0%| F|  |TAMS 0x0000000088900000, 0x0000000088900000| Untracked 
| 118|0x0000000088a00000, 0x0000000088a00000, 0x0000000088b00000|  0%| F|  |TAMS 0x0000000088a00000, 0x0000000088a00000| Untracked 
| 119|0x0000000088b00000, 0x0000000088b00000, 0x0000000088c00000|  0%| F|  |TAMS 0x0000000088b00000, 0x0000000088b00000| Untracked 
| 120|0x0000000088c00000, 0x0000000088c00000, 0x0000000088d00000|  0%| F|  |TAMS 0x0000000088c00000, 0x0000000088c00000| Untracked 
| 121|0x0000000088d00000, 0x0000000088d00000, 0x0000000088e00000|  0%| F|  |TAMS 0x0000000088d00000, 0x0000000088d00000| Untracked 
| 122|0x0000000088e00000, 0x0000000088e00000, 0x0000000088f00000|  0%| F|  |TAMS 0x0000000088e00000, 0x0000000088e00000| Untracked 
| 123|0x0000000088f00000, 0x0000000088f00000, 0x0000000089000000|  0%| F|  |TAMS 0x0000000088f00000, 0x0000000088f00000| Untracked 
| 124|0x0000000089000000, 0x0000000089000000, 0x0000000089100000|  0%| F|  |TAMS 0x0000000089000000, 0x0000000089000000| Untracked 
| 125|0x0000000089100000, 0x00000000891ec0f8, 0x0000000089200000| 92%| E|  |TAMS 0x0000000089100000, 0x0000000089100000| Complete 
| 126|0x0000000089200000, 0x0000000089300000, 0x0000000089300000|100%| E|CS|TAMS 0x0000000089200000, 0x0000000089200000| Complete 
| 127|0x0000000089300000, 0x0000000089400000, 0x0000000089400000|100%| E|CS|TAMS 0x0000000089300000, 0x0000000089300000| Complete 

Card table byte_map: [0x0000028df8400000,0x0000028df8800000] _byte_map_base: 0x0000028df7ff6000

Marking Bits (Prev, Next): (CMBitMap*) 0x0000028df7c28c30, (CMBitMap*) 0x0000028df7c28c70
 Prev Bits: [0x0000028df8c00000, 0x0000028dfabb0000)
 Next Bits: [0x0000028dfabb0000, 0x0000028dfcb60000)

Polling page: 0x0000028df5c10000

Metaspace:

Usage:
  Non-class:      1.45 MB used.
      Class:    131.40 KB used.
       Both:      1.58 MB used.

Virtual space:
  Non-class space:        8.00 MB reserved,       1.50 MB ( 19%) committed,  1 nodes.
      Class space:        1.00 GB reserved,     192.00 KB ( <1%) committed,  1 nodes.
              Both:        1.01 GB reserved,       1.69 MB ( <1%) committed. 

Chunk freelists:
   Non-Class:  3.95 MB
       Class:  3.74 MB
        Both:  7.69 MB

MaxMetaspaceSize: 17179869184.00 GB
CompressedClassSpaceSize: 1.00 GB
 - commit_granule_bytes: 65536.
 - commit_granule_words: 8192.
 - virtual_space_node_default_size: 1048576.
 - enlarge_chunks_in_place: 1.
 - new_chunks_are_fully_committed: 0.
 - uncommit_free_chunks: 1.
 - use_allocation_guard: 0.
 - handle_deallocations: 1.


Internal statistics:

num_allocs_failed_limit: 0.
num_arena_births: 22.
num_arena_deaths: 0.
num_vsnodes_births: 2.
num_vsnodes_deaths: 0.
num_space_committed: 27.
num_space_uncommitted: 0.
num_chunks_returned_to_freelist: 0.
num_chunks_taken_from_freelist: 30.
num_chunk_merges: 0.
num_chunk_splits: 18.
num_chunks_enlarged: 6.
num_purges: 0.

CodeHeap 'non-profiled nmethods': size=120000Kb used=99Kb max_used=99Kb free=119900Kb
 bounds [0x0000028d903a0000, 0x0000028d90610000, 0x0000028d978d0000]
CodeHeap 'profiled nmethods': size=120000Kb used=428Kb max_used=428Kb free=119571Kb
 bounds [0x0000028d88e70000, 0x0000028d890e0000, 0x0000028d903a0000]
CodeHeap 'non-nmethods': size=5760Kb used=1138Kb max_used=1163Kb free=4621Kb
 bounds [0x0000028d888d0000, 0x0000028d88b40000, 0x0000028d88e70000]
 total_blobs=719 nmethods=301 adapters=331
 compilation: enabled
              stopped_count=0, restarted_count=0
 full_count=0

Compilation events (20 events):
Event: 40.179 Thread 0x0000028dff55eb60 nmethod 293 0x0000028d903b3390 code [0x0000028d903b3520, 0x0000028d903b3638]
Event: 40.213 Thread 0x0000028dff55eb60  294       4       java.nio.Buffer::limit (65 bytes)
Event: 40.215 Thread 0x0000028dff55eb60 nmethod 294 0x0000028d903b3790 code [0x0000028d903b3920, 0x0000028d903b3a18]
Event: 40.215 Thread 0x0000028dff55eb60  295       4       java.nio.MappedByteBuffer::limit (6 bytes)
Event: 40.217 Thread 0x0000028dff55eb60 nmethod 295 0x0000028d903b3b10 code [0x0000028d903b3ca0, 0x0000028d903b3db8]
Event: 40.217 Thread 0x0000028dff55eb60  296   !   4       java.nio.DirectByteBuffer::get (157 bytes)
Event: 40.232 Thread 0x0000028dff55eb60 nmethod 296 0x0000028d903b3f10 code [0x0000028d903b40e0, 0x0000028d903b4590]
Event: 40.232 Thread 0x0000028dff55eb60  297       4       java.io.ObjectInputStream$PeekInputStream::read (115 bytes)
Event: 40.233 Thread 0x0000028dff567570  298   !   3       jdk.internal.misc.ScopedMemoryAccess::copyMemory (31 bytes)
Event: 40.233 Thread 0x0000028dff567570 nmethod 298 0x0000028d88eda390 code [0x0000028d88eda5a0, 0x0000028d88edaaf8]
Event: 40.234 Thread 0x0000028dff567570  299   !   2       jdk.internal.misc.ScopedMemoryAccess::copyMemoryInternal (60 bytes)
Event: 40.234 Thread 0x0000028dff567570 nmethod 299 0x0000028d88edae10 code [0x0000028d88edafe0, 0x0000028d88edb1e8]
Event: 40.321 Thread 0x0000028dff55eb60 nmethod 297 0x0000028d903b4b90 code [0x0000028d903b4e60, 0x0000028d903b6c50]
Event: 40.322 Thread 0x0000028dff55eb60  303       4       java.nio.Buffer::scope (17 bytes)
Event: 40.322 Thread 0x0000028d987c9780  300       4       java.net.Socket$SocketInputStream::read (11 bytes)
Event: 40.322 Thread 0x0000028d987c9d90  301       4       sun.nio.ch.NioSocketImpl$1::read (11 bytes)
Event: 40.323 Thread 0x0000028dff55eb60 nmethod 303 0x0000028d903b8910 code [0x0000028d903b8aa0, 0x0000028d903b8b38]
Event: 40.323 Thread 0x0000028dff55eb60  308       4       java.util.concurrent.locks.AbstractQueuedSynchronizer::signalNext (34 bytes)
Event: 40.324 Thread 0x0000028dff55eb60 nmethod 308 0x0000028d903b8c10 code [0x0000028d903b8d80, 0x0000028d903b8df8]
Event: 40.324 Thread 0x0000028dff55eb60  302   !   4       sun.nio.ch.NioSocketImpl::read (96 bytes)

GC Heap History (0 events):
No events

Deoptimization events (2 events):
Event: 40.161 Thread 0x0000028df7be8cf0 DEOPT PACKING pc=0x0000028d88ecd590 sp=0x00000099fe3ff100
Event: 40.161 Thread 0x0000028df7be8cf0 DEOPT UNPACKING pc=0x0000028d8891dece sp=0x00000099fe3fe610 mode 0

Classes unloaded (0 events):
No events

Classes redefined (0 events):
No events

Internal exceptions (4 events):
Event: 0.107 Thread 0x0000028df7be8cf0 Exception <a 'java/lang/NoSuchMethodError'{0x000000008922a538}: 'java.lang.Object java.lang.invoke.DirectMethodHandle$Holder.invokeStatic(java.lang.Object)'> (0x000000008922a538) 
thrown [e:\jenkins\tmp\workspace\build\src\src\hotspot\share\interpreter\linkResolver.cpp, line 790]
Event: 0.110 Thread 0x0000028df7be8cf0 Exception <a 'java/lang/NoSuchMethodError'{0x000000008922fc70}: 'java.lang.Object java.lang.invoke.DirectMethodHandle$Holder.invokeStaticInit(java.lang.Object)'> (0x000000008922fc70) 
thrown [e:\jenkins\tmp\workspace\build\src\src\hotspot\share\interpreter\linkResolver.cpp, line 790]
Event: 0.134 Thread 0x0000028df7be8cf0 Exception <a 'java/lang/NoSuchMethodError'{0x000000008925a508}: 'void java.lang.invoke.DirectMethodHandle$Holder.invokeStatic(java.lang.Object, java.lang.Object)'> (0x000000008925a508) 
thrown [e:\jenkins\tmp\workspace\build\src\src\hotspot\share\interpreter\linkResolver.cpp, line 790]
Event: 4.452 Thread 0x0000028dff553620 Exception <a 'java/lang/NoSuchMethodError'{0x00000000892d4140}: 'java.lang.Object java.lang.invoke.Invokers$Holder.invoke_MT(java.lang.Object, java.lang.Object, java.lang.Object)'> (0x00000000892d4140) 
thrown [e:\jenkins\tmp\workspace\build\src\src\hotspot\share\interpreter\linkResolver.cpp, line 790]

Events (20 events):
Event: 40.096 loading class java/awt/image/WritableRenderedImage done
Event: 40.096 loading class java/awt/Transparency
Event: 40.096 loading class java/awt/Transparency done
Event: 40.096 loading class java/awt/Image
Event: 40.096 loading class java/awt/Image done
Event: 40.096 loading class java/awt/image/BufferedImage done
Event: 40.098 loading class java/io/ObjectStreamClass$ClassDataSlot
Event: 40.099 loading class java/io/ObjectStreamClass$ClassDataSlot done
Event: 40.099 loading class java/io/ObjectInputStream$FieldValues
Event: 40.103 loading class java/io/ObjectInputStream$GetField
Event: 40.103 loading class java/io/ObjectInputStream$GetField done
Event: 40.103 loading class java/io/ObjectInputStream$FieldValues done
Event: 40.104 loading class java/io/ObjectStreamClass$ExceptionInfo
Event: 40.104 loading class java/io/ObjectStreamClass$ExceptionInfo done
Event: 40.245 loading class jdk/internal/misc/ScopedMemoryAccess$Scope
Event: 40.245 loading class jdk/internal/misc/ScopedMemoryAccess$Scope done
Event: 40.319 loading class java/util/concurrent/locks/AbstractQueuedSynchronizer$Node
Event: 40.319 loading class java/util/concurrent/locks/AbstractQueuedSynchronizer$Node done
Event: 40.322 Thread 0x0000028d987c9780 Thread added: 0x0000028d987c9780
Event: 40.322 Thread 0x0000028d987c9d90 Thread added: 0x0000028d987c9d90


Dynamic libraries:
0x00007ff7438b0000 - 0x00007ff7438be000 	C:\Users\沢藤　光\Downloads\pleiades-2021-06-java-win-64bit-jre_20210629\pleiades\eclipse\jre\bin\javaw.exe
0x00007ff8feb90000 - 0x00007ff8fed85000 	C:\WINDOWS\SYSTEM32\ntdll.dll
0x00007ff8fd260000 - 0x00007ff8fd31d000 	C:\WINDOWS\System32\KERNEL32.DLL
0x00007ff8fc930000 - 0x00007ff8fcbf9000 	C:\WINDOWS\System32\KERNELBASE.dll
0x00007ff8fc550000 - 0x00007ff8fc650000 	C:\WINDOWS\System32\ucrtbase.dll
0x00007ff8f5c10000 - 0x00007ff8f5c29000 	C:\Users\沢藤　光\Downloads\pleiades-2021-06-java-win-64bit-jre_20210629\pleiades\eclipse\jre\bin\VCRUNTIME140.dll
0x00007ff8f5e00000 - 0x00007ff8f5e18000 	C:\Users\沢藤　光\Downloads\pleiades-2021-06-java-win-64bit-jre_20210629\pleiades\eclipse\jre\bin\jli.dll
0x00007ff8fda60000 - 0x00007ff8fdc00000 	C:\WINDOWS\System32\USER32.dll
0x00007ff8fc810000 - 0x00007ff8fc832000 	C:\WINDOWS\System32\win32u.dll
0x00007ff8e35a0000 - 0x00007ff8e383a000 	C:\WINDOWS\WinSxS\amd64_microsoft.windows.common-controls_6595b64144ccf1df_6.0.19041.1110_none_60b5254171f9507e\COMCTL32.dll
0x00007ff8fcc00000 - 0x00007ff8fcc9e000 	C:\WINDOWS\System32\msvcrt.dll
0x00007ff8fe670000 - 0x00007ff8fe69a000 	C:\WINDOWS\System32\GDI32.dll
0x00007ff8fc440000 - 0x00007ff8fc54b000 	C:\WINDOWS\System32\gdi32full.dll
0x00007ff8fc840000 - 0x00007ff8fc8dd000 	C:\WINDOWS\System32\msvcp_win.dll
0x00007ff8fdcf0000 - 0x00007ff8fdd20000 	C:\WINDOWS\System32\IMM32.DLL
0x00007ff8f5c00000 - 0x00007ff8f5c0c000 	C:\Users\沢藤　光\Downloads\pleiades-2021-06-java-win-64bit-jre_20210629\pleiades\eclipse\jre\bin\vcruntime140_1.dll
0x00007ff8cc9e0000 - 0x00007ff8cca71000 	C:\Users\沢藤　光\Downloads\pleiades-2021-06-java-win-64bit-jre_20210629\pleiades\eclipse\jre\bin\msvcp140.dll
0x00007ff89e910000 - 0x00007ff89f548000 	C:\Users\沢藤　光\Downloads\pleiades-2021-06-java-win-64bit-jre_20210629\pleiades\eclipse\jre\bin\server\jvm.dll
0x00007ff8fccb0000 - 0x00007ff8fcd5c000 	C:\WINDOWS\System32\ADVAPI32.dll
0x00007ff8fd320000 - 0x00007ff8fd3bb000 	C:\WINDOWS\System32\sechost.dll
0x00007ff8fd130000 - 0x00007ff8fd25a000 	C:\WINDOWS\System32\RPCRT4.dll
0x00007ff8fcca0000 - 0x00007ff8fcca8000 	C:\WINDOWS\System32\PSAPI.DLL
0x00007ff8f9ba0000 - 0x00007ff8f9ba9000 	C:\WINDOWS\SYSTEM32\WSOCK32.dll
0x00007ff8f39d0000 - 0x00007ff8f39f7000 	C:\WINDOWS\SYSTEM32\WINMM.dll
0x00007ff8f5810000 - 0x00007ff8f581a000 	C:\WINDOWS\SYSTEM32\VERSION.dll
0x00007ff8fdc00000 - 0x00007ff8fdc6b000 	C:\WINDOWS\System32\WS2_32.dll
0x00007ff8fa1e0000 - 0x00007ff8fa1f2000 	C:\WINDOWS\SYSTEM32\kernel.appcore.dll
0x00007ff8f7950000 - 0x00007ff8f795a000 	C:\Users\沢藤　光\Downloads\pleiades-2021-06-java-win-64bit-jre_20210629\pleiades\eclipse\jre\bin\jimage.dll
0x00007ff8eadd0000 - 0x00007ff8eafb4000 	C:\WINDOWS\SYSTEM32\DBGHELP.DLL
0x00007ff8e56f0000 - 0x00007ff8e571c000 	C:\WINDOWS\SYSTEM32\dbgcore.DLL
0x00007ff8fc3b0000 - 0x00007ff8fc433000 	C:\WINDOWS\System32\bcryptPrimitives.dll
0x00007ff8e81b0000 - 0x00007ff8e81d5000 	C:\Users\沢藤　光\Downloads\pleiades-2021-06-java-win-64bit-jre_20210629\pleiades\eclipse\jre\bin\java.dll
0x00007ff8fde70000 - 0x00007ff8fe5af000 	C:\WINDOWS\System32\SHELL32.dll
0x00007ff8fa400000 - 0x00007ff8fab91000 	C:\WINDOWS\SYSTEM32\windows.storage.dll
0x00007ff8fcd70000 - 0x00007ff8fd0c5000 	C:\WINDOWS\System32\combase.dll
0x00007ff8fbd40000 - 0x00007ff8fbd6c000 	C:\WINDOWS\SYSTEM32\Wldp.dll
0x00007ff8fe5b0000 - 0x00007ff8fe65e000 	C:\WINDOWS\System32\SHCORE.dll
0x00007ff8fdd40000 - 0x00007ff8fdd95000 	C:\WINDOWS\System32\shlwapi.dll
0x00007ff8fc210000 - 0x00007ff8fc22f000 	C:\WINDOWS\SYSTEM32\profapi.dll
0x00007ff8e8190000 - 0x00007ff8e81a9000 	C:\Users\沢藤　光\Downloads\pleiades-2021-06-java-win-64bit-jre_20210629\pleiades\eclipse\jre\bin\net.dll
0x00007ff8f6c40000 - 0x00007ff8f6d4a000 	C:\WINDOWS\SYSTEM32\WINHTTP.dll
0x00007ff8fbaa0000 - 0x00007ff8fbb0a000 	C:\WINDOWS\system32\mswsock.dll
0x00007ff8e8170000 - 0x00007ff8e8183000 	C:\Users\沢藤　光\Downloads\pleiades-2021-06-java-win-64bit-jre_20210629\pleiades\eclipse\jre\bin\nio.dll
0x00007ff8ec630000 - 0x00007ff8ec648000 	C:\Users\沢藤　光\Downloads\pleiades-2021-06-java-win-64bit-jre_20210629\pleiades\eclipse\jre\bin\zip.dll

dbghelp: loaded successfully - version: 4.0.5 - missing functions: none
symbol engine: initialized successfully - sym options: 0x614 - pdb path: .;C:\Users\沢藤　光\Downloads\pleiades-2021-06-java-win-64bit-jre_20210629\pleiades\eclipse\jre\bin;C:\WINDOWS\SYSTEM32;C:\WINDOWS\WinSxS\amd64_microsoft.windows.common-controls_6595b64144ccf1df_6.0.19041.1110_none_60b5254171f9507e;C:\Users\沢藤　光\Downloads\pleiades-2021-06-java-win-64bit-jre_20210629\pleiades\eclipse\jre\bi;C:\Users\沢藤　光\Downloads\pleiades-2021-06-java-win-64bit-jre_20210629\pleiades\eclipse\jr;C:\Users\沢藤　光\Downloads\pleiades-2021-06-java-win-64bit-jre_20210629\pleiades\eclips;C:\Users\沢藤　光\Downloads\pleiades-2021-06-java-win-64bit-jre_20210629\pleiades\ec;C:\Users\沢藤　光\Downloads\pleiades-2021-06-java-win-64bit-jre_20210629\pleiade

VM Arguments:
jvm_args: -Dfile.encoding=UTF-8 -XX:+ShowCodeDetailsInExceptionMessages 
java_command: EchoServer
java_class_path (initial): C:\Users\沢藤　光\git\PLe2\bin
Launcher Type: SUN_STANDARD

[Global flags]
     intx CICompilerCount                          = 4                                         {product} {ergonomic}
     uint ConcGCThreads                            = 2                                         {product} {ergonomic}
     uint G1ConcRefinementThreads                  = 8                                         {product} {ergonomic}
   size_t G1HeapRegionSize                         = 1048576                                   {product} {ergonomic}
    uintx GCDrainStackTargetSize                   = 64                                        {product} {ergonomic}
   size_t InitialHeapSize                          = 134217728                                 {product} {ergonomic}
   size_t MarkStackSize                            = 4194304                                   {product} {ergonomic}
   size_t MaxHeapSize                              = 2126512128                                {product} {ergonomic}
   size_t MaxNewSize                               = 1275068416                                {product} {ergonomic}
   size_t MinHeapDeltaBytes                        = 1048576                                   {product} {ergonomic}
   size_t MinHeapSize                              = 8388608                                   {product} {ergonomic}
    uintx NonNMethodCodeHeapSize                   = 5839372                                {pd product} {ergonomic}
    uintx NonProfiledCodeHeapSize                  = 122909434                              {pd product} {ergonomic}
    uintx ProfiledCodeHeapSize                     = 122909434                              {pd product} {ergonomic}
    uintx ReservedCodeCacheSize                    = 251658240                              {pd product} {ergonomic}
     bool SegmentedCodeCache                       = true                                      {product} {ergonomic}
     bool ShowCodeDetailsInExceptionMessages       = true                                   {manageable} {command line}
   size_t SoftMaxHeapSize                          = 2126512128                             {manageable} {ergonomic}
     bool UseCompressedClassPointers               = true                           {product lp64_product} {ergonomic}
     bool UseCompressedOops                        = true                           {product lp64_product} {ergonomic}
     bool UseG1GC                                  = true                                      {product} {ergonomic}
     bool UseLargePagesIndividualAllocation        = false                                  {pd product} {ergonomic}

Logging:
Log output configuration:
 #0: stdout all=warning uptime,level,tags
 #1: stderr all=off uptime,level,tags

Environment Variables:
JAVA_HOME=C:\Program Files\Java\jdk-14.0.1
PATH=C:/Users/沢藤　光/Downloads/pleiades-2021-06-java-win-64bit-jre_20210629/pleiades/eclipse//jre/bin/server;C:/Users/沢藤　光/Downloads/pleiades-2021-06-java-win-64bit-jre_20210629/pleiades/eclipse//jre/bin;C:\Program Files (x86)\Common Files\Intel\Shared Libraries\redist\intel64\compiler;C:\WINDOWS\system32;C:\WINDOWS;C:\WINDOWS\System32\Wbem;C:\WINDOWS\System32\WindowsPowerShell\v1.0\;C:\WINDOWS\System32\OpenSSH\;C:\MinGW\bin;C:\Program Files\Java\jdk-14.0.1\bin;C:\Program Files (x86)\GnuWin32\bin;C:\Program Files\Git\cmd;C:\Anaconda;C:\Anaconda\Library\mingw-w64\bin;C:\Anaconda\Library\usr\bin;C:\Anaconda\Library\bin;C:\Anaconda\Scripts;C:\Users\沢藤　光\AppData\Local\Microsoft\WindowsApps;C:\Users\沢藤　光\AppData\Local\Programs\Microsoft VS Code\bin;C:\MinGW\bin;;C:\Users\沢藤　光\Downloads\pleiades-2021-06-java-win-64bit-jre_20210629\pleiades\eclipse;
USERNAME=沢藤　光
OS=Windows_NT
PROCESSOR_IDENTIFIER=Intel64 Family 6 Model 142 Stepping 10, GenuineIntel



---------------  S Y S T E M  ---------------

OS:
 Windows 10 , 64 bit Build 19041 (10.0.19041.1023)
OS uptime: 5 days 13:32 hours

CPU: total 8 (initial active 8) (4 cores per cpu, 2 threads per core) family 6 model 142 stepping 10 microcode 0xe8, cx8, cmov, fxsr, ht, mmx, 3dnowpref, sse, sse2, sse3, ssse3, sse4.1, sse4.2, popcnt, lzcnt, tsc, tscinvbit, avx, avx2, aes, erms, clmul, bmi1, bmi2, rtm, adx, fma, vzeroupper, clflush, clflushopt

Memory: 4k page, system-wide physical 8108M (792M free)
TotalPageFile size 20665M (AvailPageFile size 5M)
current process WorkingSet (physical memory assigned to process): 59M, peak: 59M
current process commit charge ("private bytes"): 218M, peak: 219M

vm_info: OpenJDK 64-Bit Server VM (16.0.1+9) for windows-amd64 JRE (16.0.1+9), built on Apr 21 2021 12:30:27 by "" with MS VC++ 16.7 (VS2019)

END.
