#
# A fatal error has been detected by the Java Runtime Environment:
#
#  EXCEPTION_ACCESS_VIOLATION (0xc0000005) at pc=0x00007fff51f0f74a, pid=29484, tid=22160
#
# JRE version: OpenJDK Runtime Environment AdoptOpenJDK (14.0.2+12) (build 14.0.2+12)
# Java VM: OpenJDK 64-Bit Server VM AdoptOpenJDK (14.0.2+12, mixed mode, sharing, tiered, compressed oops, g1 gc, windows-amd64)
# Problematic frame:
# C  [awt.dll+0x8f74a]
#
# No core dump will be written. Minidumps are not enabled by default on client versions of Windows
#
# If you would like to submit a bug report, please visit:
#   https://github.com/AdoptOpenJDK/openjdk-support/issues
# The crash happened outside the Java Virtual Machine in native code.
# See problematic frame for where to report the bug.
#

---------------  S U M M A R Y ------------

Command Line: -Dfile.encoding=UTF-8 -XX:+ShowCodeDetailsInExceptionMessages Server

Host: AMD Ryzen 7 3700X 8-Core Processor             , 16 cores, 15G,  Windows 10 , 64 bit Build 19041 (10.0.19041.1023)
Time: Tue Jul 20 03:46:47 2021 ìåãû (ïWèÄéû) elapsed time: 0 seconds (0d 0h 0m 0s)

---------------  T H R E A D  ---------------

Current thread (0x0000016df5ba9000):  JavaThread "main" [_thread_in_native, id=22160, stack(0x0000000100600000,0x0000000100700000)]

Stack: [0x0000000100600000,0x0000000100700000],  sp=0x00000001006fee20,  free space=1019k
Native frames: (J=compiled Java code, j=interpreted, Vv=VM code, C=native code)
C  [awt.dll+0x8f74a]

Java frames: (J=compiled Java code, j=interpreted, Vv=VM code)
j  sun.awt.windows.WComponentPeer._setFont(Ljava/awt/Font;)V+0 java.desktop@14.0.2
j  sun.awt.windows.WComponentPeer.setFont(Ljava/awt/Font;)V+7 java.desktop@14.0.2
j  sun.awt.windows.WWindowPeer.initialize()V+42 java.desktop@14.0.2
j  sun.awt.windows.WFramePeer.initialize()V+1 java.desktop@14.0.2
j  sun.awt.windows.WComponentPeer.<init>(Ljava/awt/Component;)V+83 java.desktop@14.0.2
j  sun.awt.windows.WCanvasPeer.<init>(Ljava/awt/Component;)V+2 java.desktop@14.0.2
j  sun.awt.windows.WPanelPeer.<init>(Ljava/awt/Component;)V+2 java.desktop@14.0.2
j  sun.awt.windows.WWindowPeer.<init>(Ljava/awt/Window;)V+2 java.desktop@14.0.2
j  sun.awt.windows.WFramePeer.<init>(Ljava/awt/Frame;)V+2 java.desktop@14.0.2
j  sun.awt.windows.WToolkit.createFrame(Ljava/awt/Frame;)Ljava/awt/peer/FramePeer;+5 java.desktop@14.0.2
j  java.awt.Frame.addNotify()V+20 java.desktop@14.0.2
j  java.awt.Window.show()V+8 java.desktop@14.0.2
j  java.awt.Component.show(Z)V+5 java.desktop@14.0.2
j  java.awt.Component.setVisible(Z)V+2 java.desktop@14.0.2
j  java.awt.Window.setVisible(Z)V+2 java.desktop@14.0.2
j  Server.<init>(Ljava/lang/String;)V+235
j  Server.main([Ljava/lang/String;)V+6
v  ~StubRoutines::call_stub

siginfo: EXCEPTION_ACCESS_VIOLATION (0xc0000005), reading address 0x0000000000000058


Register to memory mapping:

RIP=0x00007fff51f0f74a awt.dll
RAX=0x00007fff51f8b660 awt.dll
RBX=0x0000016df5ba9310 points into unknown readable memory: 20 dc 27 14 ff 7f 00 00
RCX=0x0000016da33438d0 points into unknown readable memory: 60 b6 f8 51 ff 7f 00 00
RDX=0x0 is NULL
RSP=0x00000001006fee20 is pointing into the stack for thread: 0x0000016df5ba9000
RBP=0x0 is NULL
RSI=0x0000016da332b3f8 is a global jni handle
RDI=0x0000016da332b400 is a global jni handle
R8 =0x0000000000000042 is an unknown value
R9 =0x0000000800b4ddc0 is a pointer to class: 
java.awt.Font {0x0000000800b4ddc8}
R10=0x0000000000008000 is an unknown value
R11=0x00000001006fee20 is pointing into the stack for thread: 0x0000016df5ba9000
R12=0x0 is NULL
R13={method} {0x0000016d9a953c38} '_setFont' '(Ljava/awt/Font;)V' in 'sun/awt/windows/WComponentPeer'
R14=0x0000016da33438d0 points into unknown readable memory: 60 b6 f8 51 ff 7f 00 00
R15=0x0000016da3360750 points into unknown readable memory: f8 b3 32 a3 6d 01 00 00


Registers:
RAX=0x00007fff51f8b660, RBX=0x0000016df5ba9310, RCX=0x0000016da33438d0, RDX=0x0000000000000000
RSP=0x00000001006fee20, RBP=0x0000000000000000, RSI=0x0000016da332b3f8, RDI=0x0000016da332b400
R8 =0x0000000000000042, R9 =0x0000000800b4ddc0, R10=0x0000000000008000, R11=0x00000001006fee20
R12=0x0000000000000000, R13=0x0000016d9a953c30, R14=0x0000016da33438d0, R15=0x0000016da3360750
RIP=0x00007fff51f0f74a, EFLAGS=0x0000000000010202

Top of Stack: (sp=0x00000001006fee20)
0x00000001006fee20:   0000016da3360750 0000016da33438d0
0x00000001006fee30:   0000016da3360750 0000016da33438d0
0x00000001006fee40:   0000016da332b400 00007fff51f14655
0x00000001006fee50:   0000016df5ba9310 0000016df5ba9310
0x00000001006fee60:   0000000000000000 0000016da332b3f8
0x00000001006fee70:   0000016df5ba9000 00000001006fefc8
0x00000001006fee80:   0000016da3360750 00007fff51f4d59b
0x00000001006fee90:   00007fff51fd0018 00000001006fefa0
0x00000001006feea0:   00007fff51f14528 0000000000000000
0x00000001006feeb0:   fffffffffffffffe fffffffffffffffe
0x00000001006feec0:   0000016da332b3f8 00007fff51f1581c
0x00000001006feed0:   0000016da332b400 00000001006fefc0
0x00000001006feee0:   00000001006fefc0 00007fff51fd0018
0x00000001006feef0:   fffffffffffffffe 00007fff13b897c9
0x00000001006fef00:   0000016d8000a1b3 0000016d800100b4
0x00000001006fef10:   0000016d9a953c30 0000000000000000 

Instructions: (pc=0x00007fff51f0f74a)
0x00007fff51f0f64a:   00 48 8b d9 e8 d9 dc ff ff 48 8b f8 48 85 c0 75
0x00007fff51f0f65a:   04 48 8b 7b 48 48 8b cf e8 b3 16 05 00 48 8b d8
0x00007fff51f0f66a:   48 85 c0 74 60 83 64 24 20 00 0f 57 c0 83 64 24
0x00007fff51f0f67a:   34 00 b9 11 00 00 00 83 64 24 38 00 f3 0f 7f 44
0x00007fff51f0f68a:   24 24 ff 15 86 cc 0b 00 4c 8d 44 24 40 ba 5c 00
0x00007fff51f0f69a:   00 00 48 8b c8 ff 15 2b cf 0b 00 83 f8 5c 75 0d
0x00007fff51f0f6aa:   48 8d 54 24 40 48 8b cb e8 12 17 05 00 48 8d 54
0x00007fff51f0f6ba:   24 20 48 8b cb e8 29 17 05 00 48 8b d3 48 8b cf
0x00007fff51f0f6ca:   e8 d6 16 05 00 48 8b 8c 24 a0 00 00 00 48 33 cc
0x00007fff51f0f6da:   e8 01 24 05 00 48 8b 9c 24 c8 00 00 00 48 81 c4
0x00007fff51f0f6ea:   b0 00 00 00 5f c3 40 53 48 83 ec 20 48 8b d9 ff
0x00007fff51f0f6fa:   15 69 d4 0b 00 48 85 c0 75 0a 48 8b 4b 48 ff 15
0x00007fff51f0f70a:   52 d4 0b 00 48 83 c4 20 5b c3 4c 63 c2 48 8b 15
0x00007fff51f0f71a:   2a b8 0b 00 48 ff 25 e3 d2 0b 00 cc cc cc 48 8b
0x00007fff51f0f72a:   d1 48 8b 0d 1e e8 0b 00 48 89 15 17 e8 0b 00 e9
0x00007fff51f0f73a:   f6 63 04 00 cc cc 48 89 5c 24 08 57 48 83 ec 20
0x00007fff51f0f74a:   83 7a 58 00 48 8b da 48 8b f9 7d 08 48 8b ca e8
0x00007fff51f0f75a:   4a 95 01 00 4c 8b 43 48 45 33 c9 48 8b 4f 48 4d
0x00007fff51f0f76a:   8b 00 41 8d 51 30 ff 15 5a d5 0b 00 48 8b 4f 48
0x00007fff51f0f77a:   33 d2 44 8d 42 01 48 8b 5c 24 30 48 83 c4 20 5f
0x00007fff51f0f78a:   48 ff 25 f7 d3 0b 00 cc cc cc 48 8b c4 48 89 58
0x00007fff51f0f79a:   08 48 89 68 10 48 89 70 18 48 89 78 20 41 56 48
0x00007fff51f0f7aa:   83 ec 20 4c 8b f2 48 8b f9 48 8b 0d 3e 06 0c 00
0x00007fff51f0f7ba:   ba 02 00 01 00 41 8b e8 e8 24 22 05 00 48 8b 97
0x00007fff51f0f7ca:   c0 00 00 00 33 db 48 8b f0 48 85 d2 74 0d 4c 8b
0x00007fff51f0f7da:   08 48 8b c8 41 ff 91 b0 00 00 00 4d 85 f6 74 14
0x00007fff51f0f7ea:   48 8b 06 49 8b d6 48 8b ce ff 90 a8 00 00 00 48
0x00007fff51f0f7fa:   8b d8 eb 05 bd 01 00 00 00 48 89 9f c0 00 00 00
0x00007fff51f0f80a:   89 af c8 00 00 00 48 8b 5c 24 30 48 8b 6c 24 38
0x00007fff51f0f81a:   48 8b 74 24 40 48 8b 7c 24 48 48 83 c4 20 41 5e
0x00007fff51f0f82a:   c3 cc 48 89 5c 24 08 48 89 6c 24 10 48 89 74 24
0x00007fff51f0f83a:   18 57 48 83 ec 20 33 db 48 8b f9 48 85 c9 75 09 


Stack slot to memory mapping:
stack at sp + 0 slots: 0x0000016da3360750 points into unknown readable memory: f8 b3 32 a3 6d 01 00 00
stack at sp + 1 slots: 0x0000016da33438d0 points into unknown readable memory: 60 b6 f8 51 ff 7f 00 00
stack at sp + 2 slots: 0x0000016da3360750 points into unknown readable memory: f8 b3 32 a3 6d 01 00 00
stack at sp + 3 slots: 0x0000016da33438d0 points into unknown readable memory: 60 b6 f8 51 ff 7f 00 00
stack at sp + 4 slots: 0x0000016da332b400 is a global jni handle
stack at sp + 5 slots: 0x00007fff51f14655 awt.dll
stack at sp + 6 slots: 0x0000016df5ba9310 points into unknown readable memory: 20 dc 27 14 ff 7f 00 00
stack at sp + 7 slots: 0x0000016df5ba9310 points into unknown readable memory: 20 dc 27 14 ff 7f 00 00


---------------  P R O C E S S  ---------------

Threads class SMR info:
_java_thread_list=0x0000016d9b934990, length=17, elements={
0x0000016df5ba9000, 0x0000016d9b0a4000, 0x0000016d9b0a5000, 0x0000016d9b0c2000,
0x0000016d9b0c7800, 0x0000016d9b0ca000, 0x0000016d9b0cd000, 0x0000016d9b0d4000,
0x0000016d9b0d9800, 0x0000016d9b216000, 0x0000016d9b217800, 0x0000016d9b261800,
0x0000016d9b265000, 0x0000016d9b264000, 0x0000016d9b261000, 0x0000016d9b263000,
0x0000016d9b262800
}

Java Threads: ( => current thread )
=>0x0000016df5ba9000 JavaThread "main" [_thread_in_native, id=22160, stack(0x0000000100600000,0x0000000100700000)]
  0x0000016d9b0a4000 JavaThread "Reference Handler" daemon [_thread_blocked, id=25532, stack(0x0000000100d00000,0x0000000100e00000)]
  0x0000016d9b0a5000 JavaThread "Finalizer" daemon [_thread_blocked, id=33080, stack(0x0000000100e00000,0x0000000100f00000)]
  0x0000016d9b0c2000 JavaThread "Signal Dispatcher" daemon [_thread_blocked, id=20528, stack(0x0000000100f00000,0x0000000101000000)]
  0x0000016d9b0c7800 JavaThread "Attach Listener" daemon [_thread_blocked, id=28880, stack(0x0000000101000000,0x0000000101100000)]
  0x0000016d9b0ca000 JavaThread "Service Thread" daemon [_thread_blocked, id=13548, stack(0x0000000101100000,0x0000000101200000)]
  0x0000016d9b0cd000 JavaThread "C2 CompilerThread0" daemon [_thread_blocked, id=30864, stack(0x0000000101200000,0x0000000101300000)]
  0x0000016d9b0d4000 JavaThread "C1 CompilerThread0" daemon [_thread_blocked, id=26640, stack(0x0000000101300000,0x0000000101400000)]
  0x0000016d9b0d9800 JavaThread "Sweeper thread" daemon [_thread_blocked, id=33024, stack(0x0000000101400000,0x0000000101500000)]
  0x0000016d9b216000 JavaThread "C1 CompilerThread1" daemon [_thread_blocked, id=23216, stack(0x0000000101500000,0x0000000101600000)]
  0x0000016d9b217800 JavaThread "C1 CompilerThread2" daemon [_thread_blocked, id=27192, stack(0x0000000101600000,0x0000000101700000)]
  0x0000016d9b261800 JavaThread "Notification Thread" daemon [_thread_blocked, id=32008, stack(0x0000000101700000,0x0000000101800000)]
  0x0000016d9b265000 JavaThread "Common-Cleaner" daemon [_thread_blocked, id=28760, stack(0x0000000101900000,0x0000000101a00000)]
  0x0000016d9b264000 JavaThread "Java2D Disposer" daemon [_thread_blocked, id=30116, stack(0x0000000101a00000,0x0000000101b00000)]
  0x0000016d9b261000 JavaThread "AWT-Shutdown" [_thread_blocked, id=31600, stack(0x0000000101b00000,0x0000000101c00000)]
  0x0000016d9b263000 JavaThread "AWT-Windows" daemon [_thread_in_native, id=25800, stack(0x0000000101c00000,0x0000000101d00000)]
  0x0000016d9b262800 JavaThread "AWT-EventQueue-0" [_thread_blocked, id=33756, stack(0x0000000101f20000,0x0000000102020000)]

Other Threads:
  0x0000016d9a81d000 VMThread "VM Thread" [stack: 0x0000000100c00000,0x0000000100d00000] [id=31508]
  0x0000016d9b273800 WatcherThread [stack: 0x0000000101800000,0x0000000101900000] [id=26304]
  0x0000016df5c16000 GCTaskThread "GC Thread#0" [stack: 0x0000000100700000,0x0000000100800000] [id=29332]
  0x0000016df5c38000 ConcurrentGCThread "G1 Main Marker" [stack: 0x0000000100800000,0x0000000100900000] [id=30964]
  0x0000016df5c3a000 ConcurrentGCThread "G1 Conc#0" [stack: 0x0000000100900000,0x0000000100a00000] [id=33156]
  0x0000016d9a70d800 ConcurrentGCThread "G1 Refine#0" [stack: 0x0000000100a00000,0x0000000100b00000] [id=10680]
  0x0000016d9a70f000 ConcurrentGCThread "G1 Young RemSet Sampling" [stack: 0x0000000100b00000,0x0000000100c00000] [id=27116]

Threads with active compile tasks:

VM state:not at safepoint (normal execution)

VM Mutex/Monitor currently owned by a thread: None

Heap address: 0x0000000700a00000, size: 4086 MB, Compressed Oops mode: Zero based, Oop shift amount: 3
Narrow klass base: 0x0000000800000000, Narrow klass shift: 3
Compressed class space size: 1073741824 Address: 0x0000000800b30000

Heap:
 garbage-first heap   total 262144K, used 5120K [0x0000000700a00000, 0x0000000800000000)
  region size 1024K, 6 young (6144K), 0 survivors (0K)
 Metaspace       used 5833K, capacity 6098K, committed 6272K, reserved 1056768K
  class space    used 669K, capacity 789K, committed 896K, reserved 1048576K
Heap Regions: E=young(eden), S=young(survivor), O=old, HS=humongous(starts), HC=humongous(continues), CS=collection set, F=free, OA=open archive, CA=closed archive, TAMS=top-at-mark-start (previous, next)
|   0|0x0000000700a00000, 0x0000000700a00000, 0x0000000700b00000|  0%| F|  |TAMS 0x0000000700a00000, 0x0000000700a00000| Untracked 
|   1|0x0000000700b00000, 0x0000000700b00000, 0x0000000700c00000|  0%| F|  |TAMS 0x0000000700b00000, 0x0000000700b00000| Untracked 
|   2|0x0000000700c00000, 0x0000000700c00000, 0x0000000700d00000|  0%| F|  |TAMS 0x0000000700c00000, 0x0000000700c00000| Untracked 
|   3|0x0000000700d00000, 0x0000000700d00000, 0x0000000700e00000|  0%| F|  |TAMS 0x0000000700d00000, 0x0000000700d00000| Untracked 
|   4|0x0000000700e00000, 0x0000000700e00000, 0x0000000700f00000|  0%| F|  |TAMS 0x0000000700e00000, 0x0000000700e00000| Untracked 
|   5|0x0000000700f00000, 0x0000000700f00000, 0x0000000701000000|  0%| F|  |TAMS 0x0000000700f00000, 0x0000000700f00000| Untracked 
|   6|0x0000000701000000, 0x0000000701000000, 0x0000000701100000|  0%| F|  |TAMS 0x0000000701000000, 0x0000000701000000| Untracked 
|   7|0x0000000701100000, 0x0000000701100000, 0x0000000701200000|  0%| F|  |TAMS 0x0000000701100000, 0x0000000701100000| Untracked 
|   8|0x0000000701200000, 0x0000000701200000, 0x0000000701300000|  0%| F|  |TAMS 0x0000000701200000, 0x0000000701200000| Untracked 
|   9|0x0000000701300000, 0x0000000701300000, 0x0000000701400000|  0%| F|  |TAMS 0x0000000701300000, 0x0000000701300000| Untracked 
|  10|0x0000000701400000, 0x0000000701400000, 0x0000000701500000|  0%| F|  |TAMS 0x0000000701400000, 0x0000000701400000| Untracked 
|  11|0x0000000701500000, 0x0000000701500000, 0x0000000701600000|  0%| F|  |TAMS 0x0000000701500000, 0x0000000701500000| Untracked 
|  12|0x0000000701600000, 0x0000000701600000, 0x0000000701700000|  0%| F|  |TAMS 0x0000000701600000, 0x0000000701600000| Untracked 
|  13|0x0000000701700000, 0x0000000701700000, 0x0000000701800000|  0%| F|  |TAMS 0x0000000701700000, 0x0000000701700000| Untracked 
|  14|0x0000000701800000, 0x0000000701800000, 0x0000000701900000|  0%| F|  |TAMS 0x0000000701800000, 0x0000000701800000| Untracked 
|  15|0x0000000701900000, 0x0000000701900000, 0x0000000701a00000|  0%| F|  |TAMS 0x0000000701900000, 0x0000000701900000| Untracked 
|  16|0x0000000701a00000, 0x0000000701a00000, 0x0000000701b00000|  0%| F|  |TAMS 0x0000000701a00000, 0x0000000701a00000| Untracked 
|  17|0x0000000701b00000, 0x0000000701b00000, 0x0000000701c00000|  0%| F|  |TAMS 0x0000000701b00000, 0x0000000701b00000| Untracked 
|  18|0x0000000701c00000, 0x0000000701c00000, 0x0000000701d00000|  0%| F|  |TAMS 0x0000000701c00000, 0x0000000701c00000| Untracked 
|  19|0x0000000701d00000, 0x0000000701d00000, 0x0000000701e00000|  0%| F|  |TAMS 0x0000000701d00000, 0x0000000701d00000| Untracked 
|  20|0x0000000701e00000, 0x0000000701e00000, 0x0000000701f00000|  0%| F|  |TAMS 0x0000000701e00000, 0x0000000701e00000| Untracked 
|  21|0x0000000701f00000, 0x0000000701f00000, 0x0000000702000000|  0%| F|  |TAMS 0x0000000701f00000, 0x0000000701f00000| Untracked 
|  22|0x0000000702000000, 0x0000000702000000, 0x0000000702100000|  0%| F|  |TAMS 0x0000000702000000, 0x0000000702000000| Untracked 
|  23|0x0000000702100000, 0x0000000702100000, 0x0000000702200000|  0%| F|  |TAMS 0x0000000702100000, 0x0000000702100000| Untracked 
|  24|0x0000000702200000, 0x0000000702200000, 0x0000000702300000|  0%| F|  |TAMS 0x0000000702200000, 0x0000000702200000| Untracked 
|  25|0x0000000702300000, 0x0000000702300000, 0x0000000702400000|  0%| F|  |TAMS 0x0000000702300000, 0x0000000702300000| Untracked 
|  26|0x0000000702400000, 0x0000000702400000, 0x0000000702500000|  0%| F|  |TAMS 0x0000000702400000, 0x0000000702400000| Untracked 
|  27|0x0000000702500000, 0x0000000702500000, 0x0000000702600000|  0%| F|  |TAMS 0x0000000702500000, 0x0000000702500000| Untracked 
|  28|0x0000000702600000, 0x0000000702600000, 0x0000000702700000|  0%| F|  |TAMS 0x0000000702600000, 0x0000000702600000| Untracked 
|  29|0x0000000702700000, 0x0000000702700000, 0x0000000702800000|  0%| F|  |TAMS 0x0000000702700000, 0x0000000702700000| Untracked 
|  30|0x0000000702800000, 0x0000000702800000, 0x0000000702900000|  0%| F|  |TAMS 0x0000000702800000, 0x0000000702800000| Untracked 
|  31|0x0000000702900000, 0x0000000702900000, 0x0000000702a00000|  0%| F|  |TAMS 0x0000000702900000, 0x0000000702900000| Untracked 
|  32|0x0000000702a00000, 0x0000000702a00000, 0x0000000702b00000|  0%| F|  |TAMS 0x0000000702a00000, 0x0000000702a00000| Untracked 
|  33|0x0000000702b00000, 0x0000000702b00000, 0x0000000702c00000|  0%| F|  |TAMS 0x0000000702b00000, 0x0000000702b00000| Untracked 
|  34|0x0000000702c00000, 0x0000000702c00000, 0x0000000702d00000|  0%| F|  |TAMS 0x0000000702c00000, 0x0000000702c00000| Untracked 
|  35|0x0000000702d00000, 0x0000000702d00000, 0x0000000702e00000|  0%| F|  |TAMS 0x0000000702d00000, 0x0000000702d00000| Untracked 
|  36|0x0000000702e00000, 0x0000000702e00000, 0x0000000702f00000|  0%| F|  |TAMS 0x0000000702e00000, 0x0000000702e00000| Untracked 
|  37|0x0000000702f00000, 0x0000000702f00000, 0x0000000703000000|  0%| F|  |TAMS 0x0000000702f00000, 0x0000000702f00000| Untracked 
|  38|0x0000000703000000, 0x0000000703000000, 0x0000000703100000|  0%| F|  |TAMS 0x0000000703000000, 0x0000000703000000| Untracked 
|  39|0x0000000703100000, 0x0000000703100000, 0x0000000703200000|  0%| F|  |TAMS 0x0000000703100000, 0x0000000703100000| Untracked 
|  40|0x0000000703200000, 0x0000000703200000, 0x0000000703300000|  0%| F|  |TAMS 0x0000000703200000, 0x0000000703200000| Untracked 
|  41|0x0000000703300000, 0x0000000703300000, 0x0000000703400000|  0%| F|  |TAMS 0x0000000703300000, 0x0000000703300000| Untracked 
|  42|0x0000000703400000, 0x0000000703400000, 0x0000000703500000|  0%| F|  |TAMS 0x0000000703400000, 0x0000000703400000| Untracked 
|  43|0x0000000703500000, 0x0000000703500000, 0x0000000703600000|  0%| F|  |TAMS 0x0000000703500000, 0x0000000703500000| Untracked 
|  44|0x0000000703600000, 0x0000000703600000, 0x0000000703700000|  0%| F|  |TAMS 0x0000000703600000, 0x0000000703600000| Untracked 
|  45|0x0000000703700000, 0x0000000703700000, 0x0000000703800000|  0%| F|  |TAMS 0x0000000703700000, 0x0000000703700000| Untracked 
|  46|0x0000000703800000, 0x0000000703800000, 0x0000000703900000|  0%| F|  |TAMS 0x0000000703800000, 0x0000000703800000| Untracked 
|  47|0x0000000703900000, 0x0000000703900000, 0x0000000703a00000|  0%| F|  |TAMS 0x0000000703900000, 0x0000000703900000| Untracked 
|  48|0x0000000703a00000, 0x0000000703a00000, 0x0000000703b00000|  0%| F|  |TAMS 0x0000000703a00000, 0x0000000703a00000| Untracked 
|  49|0x0000000703b00000, 0x0000000703b00000, 0x0000000703c00000|  0%| F|  |TAMS 0x0000000703b00000, 0x0000000703b00000| Untracked 
|  50|0x0000000703c00000, 0x0000000703c00000, 0x0000000703d00000|  0%| F|  |TAMS 0x0000000703c00000, 0x0000000703c00000| Untracked 
|  51|0x0000000703d00000, 0x0000000703d00000, 0x0000000703e00000|  0%| F|  |TAMS 0x0000000703d00000, 0x0000000703d00000| Untracked 
|  52|0x0000000703e00000, 0x0000000703e00000, 0x0000000703f00000|  0%| F|  |TAMS 0x0000000703e00000, 0x0000000703e00000| Untracked 
|  53|0x0000000703f00000, 0x0000000703f00000, 0x0000000704000000|  0%| F|  |TAMS 0x0000000703f00000, 0x0000000703f00000| Untracked 
|  54|0x0000000704000000, 0x0000000704000000, 0x0000000704100000|  0%| F|  |TAMS 0x0000000704000000, 0x0000000704000000| Untracked 
|  55|0x0000000704100000, 0x0000000704100000, 0x0000000704200000|  0%| F|  |TAMS 0x0000000704100000, 0x0000000704100000| Untracked 
|  56|0x0000000704200000, 0x0000000704200000, 0x0000000704300000|  0%| F|  |TAMS 0x0000000704200000, 0x0000000704200000| Untracked 
|  57|0x0000000704300000, 0x0000000704300000, 0x0000000704400000|  0%| F|  |TAMS 0x0000000704300000, 0x0000000704300000| Untracked 
|  58|0x0000000704400000, 0x0000000704400000, 0x0000000704500000|  0%| F|  |TAMS 0x0000000704400000, 0x0000000704400000| Untracked 
|  59|0x0000000704500000, 0x0000000704500000, 0x0000000704600000|  0%| F|  |TAMS 0x0000000704500000, 0x0000000704500000| Untracked 
|  60|0x0000000704600000, 0x0000000704600000, 0x0000000704700000|  0%| F|  |TAMS 0x0000000704600000, 0x0000000704600000| Untracked 
|  61|0x0000000704700000, 0x0000000704700000, 0x0000000704800000|  0%| F|  |TAMS 0x0000000704700000, 0x0000000704700000| Untracked 
|  62|0x0000000704800000, 0x0000000704800000, 0x0000000704900000|  0%| F|  |TAMS 0x0000000704800000, 0x0000000704800000| Untracked 
|  63|0x0000000704900000, 0x0000000704900000, 0x0000000704a00000|  0%| F|  |TAMS 0x0000000704900000, 0x0000000704900000| Untracked 
|  64|0x0000000704a00000, 0x0000000704a00000, 0x0000000704b00000|  0%| F|  |TAMS 0x0000000704a00000, 0x0000000704a00000| Untracked 
|  65|0x0000000704b00000, 0x0000000704b00000, 0x0000000704c00000|  0%| F|  |TAMS 0x0000000704b00000, 0x0000000704b00000| Untracked 
|  66|0x0000000704c00000, 0x0000000704c00000, 0x0000000704d00000|  0%| F|  |TAMS 0x0000000704c00000, 0x0000000704c00000| Untracked 
|  67|0x0000000704d00000, 0x0000000704d00000, 0x0000000704e00000|  0%| F|  |TAMS 0x0000000704d00000, 0x0000000704d00000| Untracked 
|  68|0x0000000704e00000, 0x0000000704e00000, 0x0000000704f00000|  0%| F|  |TAMS 0x0000000704e00000, 0x0000000704e00000| Untracked 
|  69|0x0000000704f00000, 0x0000000704f00000, 0x0000000705000000|  0%| F|  |TAMS 0x0000000704f00000, 0x0000000704f00000| Untracked 
|  70|0x0000000705000000, 0x0000000705000000, 0x0000000705100000|  0%| F|  |TAMS 0x0000000705000000, 0x0000000705000000| Untracked 
|  71|0x0000000705100000, 0x0000000705100000, 0x0000000705200000|  0%| F|  |TAMS 0x0000000705100000, 0x0000000705100000| Untracked 
|  72|0x0000000705200000, 0x0000000705200000, 0x0000000705300000|  0%| F|  |TAMS 0x0000000705200000, 0x0000000705200000| Untracked 
|  73|0x0000000705300000, 0x0000000705300000, 0x0000000705400000|  0%| F|  |TAMS 0x0000000705300000, 0x0000000705300000| Untracked 
|  74|0x0000000705400000, 0x0000000705400000, 0x0000000705500000|  0%| F|  |TAMS 0x0000000705400000, 0x0000000705400000| Untracked 
|  75|0x0000000705500000, 0x0000000705500000, 0x0000000705600000|  0%| F|  |TAMS 0x0000000705500000, 0x0000000705500000| Untracked 
|  76|0x0000000705600000, 0x0000000705600000, 0x0000000705700000|  0%| F|  |TAMS 0x0000000705600000, 0x0000000705600000| Untracked 
|  77|0x0000000705700000, 0x0000000705700000, 0x0000000705800000|  0%| F|  |TAMS 0x0000000705700000, 0x0000000705700000| Untracked 
|  78|0x0000000705800000, 0x0000000705800000, 0x0000000705900000|  0%| F|  |TAMS 0x0000000705800000, 0x0000000705800000| Untracked 
|  79|0x0000000705900000, 0x0000000705900000, 0x0000000705a00000|  0%| F|  |TAMS 0x0000000705900000, 0x0000000705900000| Untracked 
|  80|0x0000000705a00000, 0x0000000705a00000, 0x0000000705b00000|  0%| F|  |TAMS 0x0000000705a00000, 0x0000000705a00000| Untracked 
|  81|0x0000000705b00000, 0x0000000705b00000, 0x0000000705c00000|  0%| F|  |TAMS 0x0000000705b00000, 0x0000000705b00000| Untracked 
|  82|0x0000000705c00000, 0x0000000705c00000, 0x0000000705d00000|  0%| F|  |TAMS 0x0000000705c00000, 0x0000000705c00000| Untracked 
|  83|0x0000000705d00000, 0x0000000705d00000, 0x0000000705e00000|  0%| F|  |TAMS 0x0000000705d00000, 0x0000000705d00000| Untracked 
|  84|0x0000000705e00000, 0x0000000705e00000, 0x0000000705f00000|  0%| F|  |TAMS 0x0000000705e00000, 0x0000000705e00000| Untracked 
|  85|0x0000000705f00000, 0x0000000705f00000, 0x0000000706000000|  0%| F|  |TAMS 0x0000000705f00000, 0x0000000705f00000| Untracked 
|  86|0x0000000706000000, 0x0000000706000000, 0x0000000706100000|  0%| F|  |TAMS 0x0000000706000000, 0x0000000706000000| Untracked 
|  87|0x0000000706100000, 0x0000000706100000, 0x0000000706200000|  0%| F|  |TAMS 0x0000000706100000, 0x0000000706100000| Untracked 
|  88|0x0000000706200000, 0x0000000706200000, 0x0000000706300000|  0%| F|  |TAMS 0x0000000706200000, 0x0000000706200000| Untracked 
|  89|0x0000000706300000, 0x0000000706300000, 0x0000000706400000|  0%| F|  |TAMS 0x0000000706300000, 0x0000000706300000| Untracked 
|  90|0x0000000706400000, 0x0000000706400000, 0x0000000706500000|  0%| F|  |TAMS 0x0000000706400000, 0x0000000706400000| Untracked 
|  91|0x0000000706500000, 0x0000000706500000, 0x0000000706600000|  0%| F|  |TAMS 0x0000000706500000, 0x0000000706500000| Untracked 
|  92|0x0000000706600000, 0x0000000706600000, 0x0000000706700000|  0%| F|  |TAMS 0x0000000706600000, 0x0000000706600000| Untracked 
|  93|0x0000000706700000, 0x0000000706700000, 0x0000000706800000|  0%| F|  |TAMS 0x0000000706700000, 0x0000000706700000| Untracked 
|  94|0x0000000706800000, 0x0000000706800000, 0x0000000706900000|  0%| F|  |TAMS 0x0000000706800000, 0x0000000706800000| Untracked 
|  95|0x0000000706900000, 0x0000000706900000, 0x0000000706a00000|  0%| F|  |TAMS 0x0000000706900000, 0x0000000706900000| Untracked 
|  96|0x0000000706a00000, 0x0000000706a00000, 0x0000000706b00000|  0%| F|  |TAMS 0x0000000706a00000, 0x0000000706a00000| Untracked 
|  97|0x0000000706b00000, 0x0000000706b00000, 0x0000000706c00000|  0%| F|  |TAMS 0x0000000706b00000, 0x0000000706b00000| Untracked 
|  98|0x0000000706c00000, 0x0000000706c00000, 0x0000000706d00000|  0%| F|  |TAMS 0x0000000706c00000, 0x0000000706c00000| Untracked 
|  99|0x0000000706d00000, 0x0000000706d00000, 0x0000000706e00000|  0%| F|  |TAMS 0x0000000706d00000, 0x0000000706d00000| Untracked 
| 100|0x0000000706e00000, 0x0000000706e00000, 0x0000000706f00000|  0%| F|  |TAMS 0x0000000706e00000, 0x0000000706e00000| Untracked 
| 101|0x0000000706f00000, 0x0000000706f00000, 0x0000000707000000|  0%| F|  |TAMS 0x0000000706f00000, 0x0000000706f00000| Untracked 
| 102|0x0000000707000000, 0x0000000707000000, 0x0000000707100000|  0%| F|  |TAMS 0x0000000707000000, 0x0000000707000000| Untracked 
| 103|0x0000000707100000, 0x0000000707100000, 0x0000000707200000|  0%| F|  |TAMS 0x0000000707100000, 0x0000000707100000| Untracked 
| 104|0x0000000707200000, 0x0000000707200000, 0x0000000707300000|  0%| F|  |TAMS 0x0000000707200000, 0x0000000707200000| Untracked 
| 105|0x0000000707300000, 0x0000000707300000, 0x0000000707400000|  0%| F|  |TAMS 0x0000000707300000, 0x0000000707300000| Untracked 
| 106|0x0000000707400000, 0x0000000707400000, 0x0000000707500000|  0%| F|  |TAMS 0x0000000707400000, 0x0000000707400000| Untracked 
| 107|0x0000000707500000, 0x0000000707500000, 0x0000000707600000|  0%| F|  |TAMS 0x0000000707500000, 0x0000000707500000| Untracked 
| 108|0x0000000707600000, 0x0000000707600000, 0x0000000707700000|  0%| F|  |TAMS 0x0000000707600000, 0x0000000707600000| Untracked 
| 109|0x0000000707700000, 0x0000000707700000, 0x0000000707800000|  0%| F|  |TAMS 0x0000000707700000, 0x0000000707700000| Untracked 
| 110|0x0000000707800000, 0x0000000707800000, 0x0000000707900000|  0%| F|  |TAMS 0x0000000707800000, 0x0000000707800000| Untracked 
| 111|0x0000000707900000, 0x0000000707900000, 0x0000000707a00000|  0%| F|  |TAMS 0x0000000707900000, 0x0000000707900000| Untracked 
| 112|0x0000000707a00000, 0x0000000707a00000, 0x0000000707b00000|  0%| F|  |TAMS 0x0000000707a00000, 0x0000000707a00000| Untracked 
| 113|0x0000000707b00000, 0x0000000707b00000, 0x0000000707c00000|  0%| F|  |TAMS 0x0000000707b00000, 0x0000000707b00000| Untracked 
| 114|0x0000000707c00000, 0x0000000707c00000, 0x0000000707d00000|  0%| F|  |TAMS 0x0000000707c00000, 0x0000000707c00000| Untracked 
| 115|0x0000000707d00000, 0x0000000707d00000, 0x0000000707e00000|  0%| F|  |TAMS 0x0000000707d00000, 0x0000000707d00000| Untracked 
| 116|0x0000000707e00000, 0x0000000707e00000, 0x0000000707f00000|  0%| F|  |TAMS 0x0000000707e00000, 0x0000000707e00000| Untracked 
| 117|0x0000000707f00000, 0x0000000707f00000, 0x0000000708000000|  0%| F|  |TAMS 0x0000000707f00000, 0x0000000707f00000| Untracked 
| 118|0x0000000708000000, 0x0000000708000000, 0x0000000708100000|  0%| F|  |TAMS 0x0000000708000000, 0x0000000708000000| Untracked 
| 119|0x0000000708100000, 0x0000000708100000, 0x0000000708200000|  0%| F|  |TAMS 0x0000000708100000, 0x0000000708100000| Untracked 
| 120|0x0000000708200000, 0x0000000708200000, 0x0000000708300000|  0%| F|  |TAMS 0x0000000708200000, 0x0000000708200000| Untracked 
| 121|0x0000000708300000, 0x0000000708300000, 0x0000000708400000|  0%| F|  |TAMS 0x0000000708300000, 0x0000000708300000| Untracked 
| 122|0x0000000708400000, 0x0000000708400000, 0x0000000708500000|  0%| F|  |TAMS 0x0000000708400000, 0x0000000708400000| Untracked 
| 123|0x0000000708500000, 0x0000000708500000, 0x0000000708600000|  0%| F|  |TAMS 0x0000000708500000, 0x0000000708500000| Untracked 
| 124|0x0000000708600000, 0x0000000708600000, 0x0000000708700000|  0%| F|  |TAMS 0x0000000708600000, 0x0000000708600000| Untracked 
| 125|0x0000000708700000, 0x0000000708700000, 0x0000000708800000|  0%| F|  |TAMS 0x0000000708700000, 0x0000000708700000| Untracked 
| 126|0x0000000708800000, 0x0000000708800000, 0x0000000708900000|  0%| F|  |TAMS 0x0000000708800000, 0x0000000708800000| Untracked 
| 127|0x0000000708900000, 0x0000000708900000, 0x0000000708a00000|  0%| F|  |TAMS 0x0000000708900000, 0x0000000708900000| Untracked 
| 128|0x0000000708a00000, 0x0000000708a00000, 0x0000000708b00000|  0%| F|  |TAMS 0x0000000708a00000, 0x0000000708a00000| Untracked 
| 129|0x0000000708b00000, 0x0000000708b00000, 0x0000000708c00000|  0%| F|  |TAMS 0x0000000708b00000, 0x0000000708b00000| Untracked 
| 130|0x0000000708c00000, 0x0000000708c00000, 0x0000000708d00000|  0%| F|  |TAMS 0x0000000708c00000, 0x0000000708c00000| Untracked 
| 131|0x0000000708d00000, 0x0000000708d00000, 0x0000000708e00000|  0%| F|  |TAMS 0x0000000708d00000, 0x0000000708d00000| Untracked 
| 132|0x0000000708e00000, 0x0000000708e00000, 0x0000000708f00000|  0%| F|  |TAMS 0x0000000708e00000, 0x0000000708e00000| Untracked 
| 133|0x0000000708f00000, 0x0000000708f00000, 0x0000000709000000|  0%| F|  |TAMS 0x0000000708f00000, 0x0000000708f00000| Untracked 
| 134|0x0000000709000000, 0x0000000709000000, 0x0000000709100000|  0%| F|  |TAMS 0x0000000709000000, 0x0000000709000000| Untracked 
| 135|0x0000000709100000, 0x0000000709100000, 0x0000000709200000|  0%| F|  |TAMS 0x0000000709100000, 0x0000000709100000| Untracked 
| 136|0x0000000709200000, 0x0000000709200000, 0x0000000709300000|  0%| F|  |TAMS 0x0000000709200000, 0x0000000709200000| Untracked 
| 137|0x0000000709300000, 0x0000000709300000, 0x0000000709400000|  0%| F|  |TAMS 0x0000000709300000, 0x0000000709300000| Untracked 
| 138|0x0000000709400000, 0x0000000709400000, 0x0000000709500000|  0%| F|  |TAMS 0x0000000709400000, 0x0000000709400000| Untracked 
| 139|0x0000000709500000, 0x0000000709500000, 0x0000000709600000|  0%| F|  |TAMS 0x0000000709500000, 0x0000000709500000| Untracked 
| 140|0x0000000709600000, 0x0000000709600000, 0x0000000709700000|  0%| F|  |TAMS 0x0000000709600000, 0x0000000709600000| Untracked 
| 141|0x0000000709700000, 0x0000000709700000, 0x0000000709800000|  0%| F|  |TAMS 0x0000000709700000, 0x0000000709700000| Untracked 
| 142|0x0000000709800000, 0x0000000709800000, 0x0000000709900000|  0%| F|  |TAMS 0x0000000709800000, 0x0000000709800000| Untracked 
| 143|0x0000000709900000, 0x0000000709900000, 0x0000000709a00000|  0%| F|  |TAMS 0x0000000709900000, 0x0000000709900000| Untracked 
| 144|0x0000000709a00000, 0x0000000709a00000, 0x0000000709b00000|  0%| F|  |TAMS 0x0000000709a00000, 0x0000000709a00000| Untracked 
| 145|0x0000000709b00000, 0x0000000709b00000, 0x0000000709c00000|  0%| F|  |TAMS 0x0000000709b00000, 0x0000000709b00000| Untracked 
| 146|0x0000000709c00000, 0x0000000709c00000, 0x0000000709d00000|  0%| F|  |TAMS 0x0000000709c00000, 0x0000000709c00000| Untracked 
| 147|0x0000000709d00000, 0x0000000709d00000, 0x0000000709e00000|  0%| F|  |TAMS 0x0000000709d00000, 0x0000000709d00000| Untracked 
| 148|0x0000000709e00000, 0x0000000709e00000, 0x0000000709f00000|  0%| F|  |TAMS 0x0000000709e00000, 0x0000000709e00000| Untracked 
| 149|0x0000000709f00000, 0x0000000709f00000, 0x000000070a000000|  0%| F|  |TAMS 0x0000000709f00000, 0x0000000709f00000| Untracked 
| 150|0x000000070a000000, 0x000000070a000000, 0x000000070a100000|  0%| F|  |TAMS 0x000000070a000000, 0x000000070a000000| Untracked 
| 151|0x000000070a100000, 0x000000070a100000, 0x000000070a200000|  0%| F|  |TAMS 0x000000070a100000, 0x000000070a100000| Untracked 
| 152|0x000000070a200000, 0x000000070a200000, 0x000000070a300000|  0%| F|  |TAMS 0x000000070a200000, 0x000000070a200000| Untracked 
| 153|0x000000070a300000, 0x000000070a300000, 0x000000070a400000|  0%| F|  |TAMS 0x000000070a300000, 0x000000070a300000| Untracked 
| 154|0x000000070a400000, 0x000000070a400000, 0x000000070a500000|  0%| F|  |TAMS 0x000000070a400000, 0x000000070a400000| Untracked 
| 155|0x000000070a500000, 0x000000070a500000, 0x000000070a600000|  0%| F|  |TAMS 0x000000070a500000, 0x000000070a500000| Untracked 
| 156|0x000000070a600000, 0x000000070a600000, 0x000000070a700000|  0%| F|  |TAMS 0x000000070a600000, 0x000000070a600000| Untracked 
| 157|0x000000070a700000, 0x000000070a700000, 0x000000070a800000|  0%| F|  |TAMS 0x000000070a700000, 0x000000070a700000| Untracked 
| 158|0x000000070a800000, 0x000000070a800000, 0x000000070a900000|  0%| F|  |TAMS 0x000000070a800000, 0x000000070a800000| Untracked 
| 159|0x000000070a900000, 0x000000070a900000, 0x000000070aa00000|  0%| F|  |TAMS 0x000000070a900000, 0x000000070a900000| Untracked 
| 160|0x000000070aa00000, 0x000000070aa00000, 0x000000070ab00000|  0%| F|  |TAMS 0x000000070aa00000, 0x000000070aa00000| Untracked 
| 161|0x000000070ab00000, 0x000000070ab00000, 0x000000070ac00000|  0%| F|  |TAMS 0x000000070ab00000, 0x000000070ab00000| Untracked 
| 162|0x000000070ac00000, 0x000000070ac00000, 0x000000070ad00000|  0%| F|  |TAMS 0x000000070ac00000, 0x000000070ac00000| Untracked 
| 163|0x000000070ad00000, 0x000000070ad00000, 0x000000070ae00000|  0%| F|  |TAMS 0x000000070ad00000, 0x000000070ad00000| Untracked 
| 164|0x000000070ae00000, 0x000000070ae00000, 0x000000070af00000|  0%| F|  |TAMS 0x000000070ae00000, 0x000000070ae00000| Untracked 
| 165|0x000000070af00000, 0x000000070af00000, 0x000000070b000000|  0%| F|  |TAMS 0x000000070af00000, 0x000000070af00000| Untracked 
| 166|0x000000070b000000, 0x000000070b000000, 0x000000070b100000|  0%| F|  |TAMS 0x000000070b000000, 0x000000070b000000| Untracked 
| 167|0x000000070b100000, 0x000000070b100000, 0x000000070b200000|  0%| F|  |TAMS 0x000000070b100000, 0x000000070b100000| Untracked 
| 168|0x000000070b200000, 0x000000070b200000, 0x000000070b300000|  0%| F|  |TAMS 0x000000070b200000, 0x000000070b200000| Untracked 
| 169|0x000000070b300000, 0x000000070b300000, 0x000000070b400000|  0%| F|  |TAMS 0x000000070b300000, 0x000000070b300000| Untracked 
| 170|0x000000070b400000, 0x000000070b400000, 0x000000070b500000|  0%| F|  |TAMS 0x000000070b400000, 0x000000070b400000| Untracked 
| 171|0x000000070b500000, 0x000000070b500000, 0x000000070b600000|  0%| F|  |TAMS 0x000000070b500000, 0x000000070b500000| Untracked 
| 172|0x000000070b600000, 0x000000070b600000, 0x000000070b700000|  0%| F|  |TAMS 0x000000070b600000, 0x000000070b600000| Untracked 
| 173|0x000000070b700000, 0x000000070b700000, 0x000000070b800000|  0%| F|  |TAMS 0x000000070b700000, 0x000000070b700000| Untracked 
| 174|0x000000070b800000, 0x000000070b800000, 0x000000070b900000|  0%| F|  |TAMS 0x000000070b800000, 0x000000070b800000| Untracked 
| 175|0x000000070b900000, 0x000000070b900000, 0x000000070ba00000|  0%| F|  |TAMS 0x000000070b900000, 0x000000070b900000| Untracked 
| 176|0x000000070ba00000, 0x000000070ba00000, 0x000000070bb00000|  0%| F|  |TAMS 0x000000070ba00000, 0x000000070ba00000| Untracked 
| 177|0x000000070bb00000, 0x000000070bb00000, 0x000000070bc00000|  0%| F|  |TAMS 0x000000070bb00000, 0x000000070bb00000| Untracked 
| 178|0x000000070bc00000, 0x000000070bc00000, 0x000000070bd00000|  0%| F|  |TAMS 0x000000070bc00000, 0x000000070bc00000| Untracked 
| 179|0x000000070bd00000, 0x000000070bd00000, 0x000000070be00000|  0%| F|  |TAMS 0x000000070bd00000, 0x000000070bd00000| Untracked 
| 180|0x000000070be00000, 0x000000070be00000, 0x000000070bf00000|  0%| F|  |TAMS 0x000000070be00000, 0x000000070be00000| Untracked 
| 181|0x000000070bf00000, 0x000000070bf00000, 0x000000070c000000|  0%| F|  |TAMS 0x000000070bf00000, 0x000000070bf00000| Untracked 
| 182|0x000000070c000000, 0x000000070c000000, 0x000000070c100000|  0%| F|  |TAMS 0x000000070c000000, 0x000000070c000000| Untracked 
| 183|0x000000070c100000, 0x000000070c100000, 0x000000070c200000|  0%| F|  |TAMS 0x000000070c100000, 0x000000070c100000| Untracked 
| 184|0x000000070c200000, 0x000000070c200000, 0x000000070c300000|  0%| F|  |TAMS 0x000000070c200000, 0x000000070c200000| Untracked 
| 185|0x000000070c300000, 0x000000070c300000, 0x000000070c400000|  0%| F|  |TAMS 0x000000070c300000, 0x000000070c300000| Untracked 
| 186|0x000000070c400000, 0x000000070c400000, 0x000000070c500000|  0%| F|  |TAMS 0x000000070c400000, 0x000000070c400000| Untracked 
| 187|0x000000070c500000, 0x000000070c500000, 0x000000070c600000|  0%| F|  |TAMS 0x000000070c500000, 0x000000070c500000| Untracked 
| 188|0x000000070c600000, 0x000000070c600000, 0x000000070c700000|  0%| F|  |TAMS 0x000000070c600000, 0x000000070c600000| Untracked 
| 189|0x000000070c700000, 0x000000070c700000, 0x000000070c800000|  0%| F|  |TAMS 0x000000070c700000, 0x000000070c700000| Untracked 
| 190|0x000000070c800000, 0x000000070c800000, 0x000000070c900000|  0%| F|  |TAMS 0x000000070c800000, 0x000000070c800000| Untracked 
| 191|0x000000070c900000, 0x000000070c900000, 0x000000070ca00000|  0%| F|  |TAMS 0x000000070c900000, 0x000000070c900000| Untracked 
| 192|0x000000070ca00000, 0x000000070ca00000, 0x000000070cb00000|  0%| F|  |TAMS 0x000000070ca00000, 0x000000070ca00000| Untracked 
| 193|0x000000070cb00000, 0x000000070cb00000, 0x000000070cc00000|  0%| F|  |TAMS 0x000000070cb00000, 0x000000070cb00000| Untracked 
| 194|0x000000070cc00000, 0x000000070cc00000, 0x000000070cd00000|  0%| F|  |TAMS 0x000000070cc00000, 0x000000070cc00000| Untracked 
| 195|0x000000070cd00000, 0x000000070cd00000, 0x000000070ce00000|  0%| F|  |TAMS 0x000000070cd00000, 0x000000070cd00000| Untracked 
| 196|0x000000070ce00000, 0x000000070ce00000, 0x000000070cf00000|  0%| F|  |TAMS 0x000000070ce00000, 0x000000070ce00000| Untracked 
| 197|0x000000070cf00000, 0x000000070cf00000, 0x000000070d000000|  0%| F|  |TAMS 0x000000070cf00000, 0x000000070cf00000| Untracked 
| 198|0x000000070d000000, 0x000000070d000000, 0x000000070d100000|  0%| F|  |TAMS 0x000000070d000000, 0x000000070d000000| Untracked 
| 199|0x000000070d100000, 0x000000070d100000, 0x000000070d200000|  0%| F|  |TAMS 0x000000070d100000, 0x000000070d100000| Untracked 
| 200|0x000000070d200000, 0x000000070d200000, 0x000000070d300000|  0%| F|  |TAMS 0x000000070d200000, 0x000000070d200000| Untracked 
| 201|0x000000070d300000, 0x000000070d300000, 0x000000070d400000|  0%| F|  |TAMS 0x000000070d300000, 0x000000070d300000| Untracked 
| 202|0x000000070d400000, 0x000000070d400000, 0x000000070d500000|  0%| F|  |TAMS 0x000000070d400000, 0x000000070d400000| Untracked 
| 203|0x000000070d500000, 0x000000070d500000, 0x000000070d600000|  0%| F|  |TAMS 0x000000070d500000, 0x000000070d500000| Untracked 
| 204|0x000000070d600000, 0x000000070d600000, 0x000000070d700000|  0%| F|  |TAMS 0x000000070d600000, 0x000000070d600000| Untracked 
| 205|0x000000070d700000, 0x000000070d700000, 0x000000070d800000|  0%| F|  |TAMS 0x000000070d700000, 0x000000070d700000| Untracked 
| 206|0x000000070d800000, 0x000000070d800000, 0x000000070d900000|  0%| F|  |TAMS 0x000000070d800000, 0x000000070d800000| Untracked 
| 207|0x000000070d900000, 0x000000070d900000, 0x000000070da00000|  0%| F|  |TAMS 0x000000070d900000, 0x000000070d900000| Untracked 
| 208|0x000000070da00000, 0x000000070da00000, 0x000000070db00000|  0%| F|  |TAMS 0x000000070da00000, 0x000000070da00000| Untracked 
| 209|0x000000070db00000, 0x000000070db00000, 0x000000070dc00000|  0%| F|  |TAMS 0x000000070db00000, 0x000000070db00000| Untracked 
| 210|0x000000070dc00000, 0x000000070dc00000, 0x000000070dd00000|  0%| F|  |TAMS 0x000000070dc00000, 0x000000070dc00000| Untracked 
| 211|0x000000070dd00000, 0x000000070dd00000, 0x000000070de00000|  0%| F|  |TAMS 0x000000070dd00000, 0x000000070dd00000| Untracked 
| 212|0x000000070de00000, 0x000000070de00000, 0x000000070df00000|  0%| F|  |TAMS 0x000000070de00000, 0x000000070de00000| Untracked 
| 213|0x000000070df00000, 0x000000070df00000, 0x000000070e000000|  0%| F|  |TAMS 0x000000070df00000, 0x000000070df00000| Untracked 
| 214|0x000000070e000000, 0x000000070e000000, 0x000000070e100000|  0%| F|  |TAMS 0x000000070e000000, 0x000000070e000000| Untracked 
| 215|0x000000070e100000, 0x000000070e100000, 0x000000070e200000|  0%| F|  |TAMS 0x000000070e100000, 0x000000070e100000| Untracked 
| 216|0x000000070e200000, 0x000000070e200000, 0x000000070e300000|  0%| F|  |TAMS 0x000000070e200000, 0x000000070e200000| Untracked 
| 217|0x000000070e300000, 0x000000070e300000, 0x000000070e400000|  0%| F|  |TAMS 0x000000070e300000, 0x000000070e300000| Untracked 
| 218|0x000000070e400000, 0x000000070e400000, 0x000000070e500000|  0%| F|  |TAMS 0x000000070e400000, 0x000000070e400000| Untracked 
| 219|0x000000070e500000, 0x000000070e500000, 0x000000070e600000|  0%| F|  |TAMS 0x000000070e500000, 0x000000070e500000| Untracked 
| 220|0x000000070e600000, 0x000000070e600000, 0x000000070e700000|  0%| F|  |TAMS 0x000000070e600000, 0x000000070e600000| Untracked 
| 221|0x000000070e700000, 0x000000070e700000, 0x000000070e800000|  0%| F|  |TAMS 0x000000070e700000, 0x000000070e700000| Untracked 
| 222|0x000000070e800000, 0x000000070e800000, 0x000000070e900000|  0%| F|  |TAMS 0x000000070e800000, 0x000000070e800000| Untracked 
| 223|0x000000070e900000, 0x000000070e900000, 0x000000070ea00000|  0%| F|  |TAMS 0x000000070e900000, 0x000000070e900000| Untracked 
| 224|0x000000070ea00000, 0x000000070ea00000, 0x000000070eb00000|  0%| F|  |TAMS 0x000000070ea00000, 0x000000070ea00000| Untracked 
| 225|0x000000070eb00000, 0x000000070eb00000, 0x000000070ec00000|  0%| F|  |TAMS 0x000000070eb00000, 0x000000070eb00000| Untracked 
| 226|0x000000070ec00000, 0x000000070ec00000, 0x000000070ed00000|  0%| F|  |TAMS 0x000000070ec00000, 0x000000070ec00000| Untracked 
| 227|0x000000070ed00000, 0x000000070ed00000, 0x000000070ee00000|  0%| F|  |TAMS 0x000000070ed00000, 0x000000070ed00000| Untracked 
| 228|0x000000070ee00000, 0x000000070ee00000, 0x000000070ef00000|  0%| F|  |TAMS 0x000000070ee00000, 0x000000070ee00000| Untracked 
| 229|0x000000070ef00000, 0x000000070ef00000, 0x000000070f000000|  0%| F|  |TAMS 0x000000070ef00000, 0x000000070ef00000| Untracked 
| 230|0x000000070f000000, 0x000000070f000000, 0x000000070f100000|  0%| F|  |TAMS 0x000000070f000000, 0x000000070f000000| Untracked 
| 231|0x000000070f100000, 0x000000070f100000, 0x000000070f200000|  0%| F|  |TAMS 0x000000070f100000, 0x000000070f100000| Untracked 
| 232|0x000000070f200000, 0x000000070f200000, 0x000000070f300000|  0%| F|  |TAMS 0x000000070f200000, 0x000000070f200000| Untracked 
| 233|0x000000070f300000, 0x000000070f300000, 0x000000070f400000|  0%| F|  |TAMS 0x000000070f300000, 0x000000070f300000| Untracked 
| 234|0x000000070f400000, 0x000000070f400000, 0x000000070f500000|  0%| F|  |TAMS 0x000000070f400000, 0x000000070f400000| Untracked 
| 235|0x000000070f500000, 0x000000070f500000, 0x000000070f600000|  0%| F|  |TAMS 0x000000070f500000, 0x000000070f500000| Untracked 
| 236|0x000000070f600000, 0x000000070f600000, 0x000000070f700000|  0%| F|  |TAMS 0x000000070f600000, 0x000000070f600000| Untracked 
| 237|0x000000070f700000, 0x000000070f700000, 0x000000070f800000|  0%| F|  |TAMS 0x000000070f700000, 0x000000070f700000| Untracked 
| 238|0x000000070f800000, 0x000000070f800000, 0x000000070f900000|  0%| F|  |TAMS 0x000000070f800000, 0x000000070f800000| Untracked 
| 239|0x000000070f900000, 0x000000070f900000, 0x000000070fa00000|  0%| F|  |TAMS 0x000000070f900000, 0x000000070f900000| Untracked 
| 240|0x000000070fa00000, 0x000000070fa00000, 0x000000070fb00000|  0%| F|  |TAMS 0x000000070fa00000, 0x000000070fa00000| Untracked 
| 241|0x000000070fb00000, 0x000000070fb00000, 0x000000070fc00000|  0%| F|  |TAMS 0x000000070fb00000, 0x000000070fb00000| Untracked 
| 242|0x000000070fc00000, 0x000000070fc00000, 0x000000070fd00000|  0%| F|  |TAMS 0x000000070fc00000, 0x000000070fc00000| Untracked 
| 243|0x000000070fd00000, 0x000000070fd00000, 0x000000070fe00000|  0%| F|  |TAMS 0x000000070fd00000, 0x000000070fd00000| Untracked 
| 244|0x000000070fe00000, 0x000000070fe00000, 0x000000070ff00000|  0%| F|  |TAMS 0x000000070fe00000, 0x000000070fe00000| Untracked 
| 245|0x000000070ff00000, 0x000000070ff00000, 0x0000000710000000|  0%| F|  |TAMS 0x000000070ff00000, 0x000000070ff00000| Untracked 
| 246|0x0000000710000000, 0x0000000710000000, 0x0000000710100000|  0%| F|  |TAMS 0x0000000710000000, 0x0000000710000000| Untracked 
| 247|0x0000000710100000, 0x0000000710100000, 0x0000000710200000|  0%| F|  |TAMS 0x0000000710100000, 0x0000000710100000| Untracked 
| 248|0x0000000710200000, 0x0000000710200000, 0x0000000710300000|  0%| F|  |TAMS 0x0000000710200000, 0x0000000710200000| Untracked 
| 249|0x0000000710300000, 0x0000000710300000, 0x0000000710400000|  0%| F|  |TAMS 0x0000000710300000, 0x0000000710300000| Untracked 
| 250|0x0000000710400000, 0x0000000710476470, 0x0000000710500000| 46%| E|  |TAMS 0x0000000710400000, 0x0000000710400000| Complete 
| 251|0x0000000710500000, 0x0000000710600000, 0x0000000710600000|100%| E|CS|TAMS 0x0000000710500000, 0x0000000710500000| Complete 
| 252|0x0000000710600000, 0x0000000710700000, 0x0000000710700000|100%| E|CS|TAMS 0x0000000710600000, 0x0000000710600000| Complete 
| 253|0x0000000710700000, 0x0000000710800000, 0x0000000710800000|100%| E|CS|TAMS 0x0000000710700000, 0x0000000710700000| Complete 
| 254|0x0000000710800000, 0x0000000710900000, 0x0000000710900000|100%| E|CS|TAMS 0x0000000710800000, 0x0000000710800000| Complete 
| 255|0x0000000710900000, 0x0000000710a00000, 0x0000000710a00000|100%| E|CS|TAMS 0x0000000710900000, 0x0000000710900000| Complete 

Card table byte_map: [0x0000016dff6b0000,0x0000016dffeb0000] _byte_map_base: 0x0000016dfbeab000

Marking Bits (Prev, Next): (CMBitMap*) 0x0000016df5c16a98, (CMBitMap*) 0x0000016df5c16ad8
 Prev Bits: [0x0000016d8f800000, 0x0000016d937d8000)
 Next Bits: [0x0000016d937e0000, 0x0000016d977b8000)

Polling page: 0x0000016df39f0000

Metaspace:

Usage:
  Non-class:      5.18 MB capacity,     5.04 MB ( 97%) used,   129.29 KB (  2%) free+waste,    15.88 KB ( <1%) overhead. 
      Class:    789.00 KB capacity,   669.59 KB ( 85%) used,   107.91 KB ( 14%) free+waste,    11.50 KB (  1%) overhead. 
       Both:      5.96 MB capacity,     5.70 MB ( 96%) used,   237.20 KB (  4%) free+waste,    27.38 KB ( <1%) overhead. 

Virtual space:
  Non-class space:        8.00 MB reserved,       5.25 MB ( 66%) committed 
      Class space:        1.00 GB reserved,     896.00 KB ( <1%) committed 
             Both:        1.01 GB reserved,       6.13 MB ( <1%) committed 

Chunk freelists:
   Non-Class:  3.00 KB
       Class:  11.00 KB
        Both:  14.00 KB

MaxMetaspaceSize: 17179869184.00 GB
CompressedClassSpaceSize: 1.00 GB

CodeHeap 'non-profiled nmethods': size=119168Kb used=148Kb max_used=148Kb free=119019Kb
 bounds [0x0000016d87ba0000, 0x0000016d87e10000, 0x0000016d8f000000]
CodeHeap 'profiled nmethods': size=119104Kb used=944Kb max_used=944Kb free=118159Kb
 bounds [0x0000016d80750000, 0x0000016d809c0000, 0x0000016d87ba0000]
CodeHeap 'non-nmethods': size=7488Kb used=2355Kb max_used=2369Kb free=5132Kb
 bounds [0x0000016d80000000, 0x0000016d80270000, 0x0000016d80750000]
 total_blobs=1087 nmethods=585 adapters=413
 compilation: enabled
              stopped_count=0, restarted_count=0
 full_count=0

Compilation events (20 events):
Event: 0.338 Thread 0x0000016d9b216000 nmethod 572 0x0000016d80830d10 code [0x0000016d80830f60, 0x0000016d80831978]
Event: 0.338 Thread 0x0000016d9b216000  579       3       java.lang.invoke.LambdaForm$Name::internArguments (59 bytes)
Event: 0.338 Thread 0x0000016d9b0d4000 nmethod 570 0x0000016d80831c90 code [0x0000016d80831f80, 0x0000016d80832e48]
Event: 0.338 Thread 0x0000016d9b0d4000  573       3       java.lang.invoke.InvokerBytecodeGenerator::emitReferenceCast (192 bytes)
Event: 0.338 Thread 0x0000016d9b216000 nmethod 579 0x0000016d80833410 code [0x0000016d80833600, 0x0000016d80833d48]
Event: 0.338 Thread 0x0000016d9b216000  580       3       java.lang.StringBuilder::append (8 bytes)
Event: 0.338 Thread 0x0000016d9b0cd000 nmethod 576 0x0000016d87bc4790 code [0x0000016d87bc4940, 0x0000016d87bc4ad8]
Event: 0.338 Thread 0x0000016d9b216000 nmethod 580 0x0000016d80833f10 code [0x0000016d808340c0, 0x0000016d80834228]
Event: 0.338 Thread 0x0000016d9b216000  581       3       java.lang.AbstractStringBuilder::append (55 bytes)
Event: 0.338 Thread 0x0000016d9b216000 nmethod 581 0x0000016d80834310 code [0x0000016d808344e0, 0x0000016d80834838]
Event: 0.338 Thread 0x0000016d9b216000  575       3       jdk.internal.org.objectweb.asm.AnnotationWriter::visitEnd (44 bytes)
Event: 0.338 Thread 0x0000016d9b217800 nmethod 567 0x0000016d80834990 code [0x0000016d80834e40, 0x0000016d808371b8]
Event: 0.338 Thread 0x0000016d9b216000 nmethod 575 0x0000016d80837b10 code [0x0000016d80837ca0, 0x0000016d80837e58]
Event: 0.338 Thread 0x0000016d9b217800  583       3       java.lang.invoke.MethodTypeForm::canonicalizeAll (63 bytes)
Event: 0.338 Thread 0x0000016d9b0d4000 nmethod 573 0x0000016d80837f90 code [0x0000016d80838260, 0x0000016d80839208]
Event: 0.338 Thread 0x0000016d9b216000  574       3       java.util.AbstractList::<init> (10 bytes)
Event: 0.338 Thread 0x0000016d9b0d4000  577       3       java.util.ArrayList$Itr::next (66 bytes)
Event: 0.338 Thread 0x0000016d9b216000 nmethod 574 0x0000016d80839690 code [0x0000016d80839840, 0x0000016d80839a18]
Event: 0.338 Thread 0x0000016d9b216000  578       3       java.util.ArrayList$Itr::checkForComodification (23 bytes)
Event: 0.339 Thread 0x0000016d9b216000 nmethod 578 0x0000016d80839b10 code [0x0000016d80839cc0, 0x0000016d80839ea8]

GC Heap History (0 events):
No events

Deoptimization events (8 events):
Event: 0.037 Thread 0x0000016df5ba9000 Uncommon trap: trap_request=0xffffff45 fr.pc=0x0000016d87ba4dac relative=0x000000000000024c
Event: 0.037 Thread 0x0000016df5ba9000 Uncommon trap: reason=unstable_if action=reinterpret pc=0x0000016d87ba4dac method=java.lang.String.hashCode()I @ 13 c2
Event: 0.037 Thread 0x0000016df5ba9000 DEOPT PACKING pc=0x0000016d87ba4dac sp=0x00000001006fe370
Event: 0.037 Thread 0x0000016df5ba9000 DEOPT UNPACKING pc=0x0000016d8004912f sp=0x00000001006fe300 mode 2
Event: 0.299 Thread 0x0000016df5ba9000 Uncommon trap: trap_request=0xffffff45 fr.pc=0x0000016d87bbf934 relative=0x0000000000000194
Event: 0.299 Thread 0x0000016df5ba9000 Uncommon trap: reason=unstable_if action=reinterpret pc=0x0000016d87bbf934 method=java.lang.String.equals(Ljava/lang/Object;)Z @ 33 c2
Event: 0.299 Thread 0x0000016df5ba9000 DEOPT PACKING pc=0x0000016d87bbf934 sp=0x00000001006ff450
Event: 0.299 Thread 0x0000016df5ba9000 DEOPT UNPACKING pc=0x0000016d8004912f sp=0x00000001006ff3f0 mode 2

Classes unloaded (0 events):
No events

Classes redefined (0 events):
No events

Internal exceptions (13 events):
Event: 0.057 Thread 0x0000016df5ba9000 Exception <a 'java/lang/ClassNotFoundException'{0x00000007108233b8}: sun/awt/resources/spi/awtProvider> (0x00000007108233b8) 
thrown [./src/hotspot/share/classfile/systemDictionary.cpp, line 226]
Event: 0.073 Thread 0x0000016df5ba9000 Exception <a 'java/io/FileNotFoundException'{0x00000007108edb68}> (0x00000007108edb68) 
thrown [./src/hotspot/share/prims/jni.cpp, line 599]
Event: 0.078 Thread 0x0000016df5ba9000 Exception <a 'java/io/FileNotFoundException'{0x0000000710714c00}> (0x0000000710714c00) 
thrown [./src/hotspot/share/prims/jni.cpp, line 599]
Event: 0.112 Thread 0x0000016d9b263000 Exception <a 'java/lang/NoSuchMethodError'{0x000000071077b3e0}: 'void java.lang.invoke.DirectMethodHandle$Holder.invokeSpecial(java.lang.Object, java.lang.Object)'> (0x000000071077b3e0) 
thrown [./src/hotspot/share/interpreter/linkResolver.cpp, line 766]
Event: 0.278 Thread 0x0000016df5ba9000 Exception <a 'java/lang/NoSuchMethodError'{0x000000071064f620}: 'java.lang.Object java.lang.invoke.DirectMethodHandle$Holder.invokeStatic(java.lang.Object, int, java.lang.Object, java.lang.Object, java.lang.Object, java.lang.Object)'> (0x000000071064f620) 
thrown [./src/hotspot/share/interpreter/linkResolver.cpp, line 766]
Event: 0.279 Thread 0x0000016df5ba9000 Exception <a 'java/lang/NoSuchMethodError'{0x0000000710655f40}: 'java.lang.Object java.lang.invoke.DirectMethodHandle$Holder.invokeStatic(java.lang.Object, int, java.lang.Object, java.lang.Object, java.lang.Object)'> (0x0000000710655f40) 
thrown [./src/hotspot/share/interpreter/linkResolver.cpp, line 766]
Event: 0.279 Thread 0x0000016df5ba9000 Exception <a 'java/lang/NoSuchMethodError'{0x0000000710659790}: 'java.lang.Object java.lang.invoke.DirectMethodHandle$Holder.invokeSpecial(java.lang.Object, java.lang.Object, int, java.lang.Object, java.lang.Object, java.lang.Object)'> (0x0000000710659790) 
thrown [./src/hotspot/share/interpreter/linkResolver.cpp, line 766]
Event: 0.280 Thread 0x0000016df5ba9000 Exception <a 'java/lang/NoSuchMethodError'{0x000000071066fb38}: 'java.lang.Object java.lang.invoke.DirectMethodHandle$Holder.invokeStatic(java.lang.Object, int, java.lang.Object)'> (0x000000071066fb38) 
thrown [./src/hotspot/share/interpreter/linkResolver.cpp, line 766]
Event: 0.292 Thread 0x0000016df5ba9000 Exception <a 'java/lang/ClassNotFoundException'{0x00000007105139b8}: com/sun/swing/internal/plaf/metal/resources/spi/metalProvider> (0x00000007105139b8) 
thrown [./src/hotspot/share/classfile/systemDictionary.cpp, line 226]
Event: 0.293 Thread 0x0000016df5ba9000 Exception <a 'java/lang/ClassNotFoundException'{0x0000000710518418}: com/sun/swing/internal/plaf/basic/resources/spi/basicProvider> (0x0000000710518418) 
thrown [./src/hotspot/share/classfile/systemDictionary.cpp, line 226]
Event: 0.319 Thread 0x0000016df5ba9000 Exception <a 'java/lang/NoSuchMethodError'{0x0000000710560790}: 'void java.lang.invoke.DirectMethodHandle$Holder.invokeStaticInit(java.lang.Object)'> (0x0000000710560790) 
thrown [./src/hotspot/share/interpreter/linkResolver.cpp, line 766]
Event: 0.326 Thread 0x0000016df5ba9000 Exception <a 'java/io/FileNotFoundException'{0x000000071056d100}> (0x000000071056d100) 
thrown [./src/hotspot/share/prims/jni.cpp, line 599]
Event: 0.338 Thread 0x0000016df5ba9000 Exception <a 'java/lang/NoSuchMethodError'{0x0000000710433a80}: 'java.lang.Object java.lang.invoke.Invokers$Holder.linkToTargetMethod(java.lang.Object, int, java.lang.Object)'> (0x0000000710433a80) 
thrown [./src/hotspot/share/interpreter/linkResolver.cpp, line 766]

Events (20 events):
Event: 0.335 loading class sun/awt/FontConfiguration$2
Event: 0.335 loading class sun/awt/FontConfiguration$2 done
Event: 0.335 loading class sun/awt/windows/WDefaultFontCharset
Event: 0.336 loading class sun/awt/AWTCharset
Event: 0.336 loading class sun/awt/AWTCharset done
Event: 0.336 loading class sun/awt/windows/WDefaultFontCharset done
Event: 0.336 loading class sun/awt/windows/WDefaultFontCharset$Encoder
Event: 0.336 loading class sun/awt/AWTCharset$Encoder
Event: 0.336 loading class sun/awt/AWTCharset$Encoder done
Event: 0.336 loading class sun/awt/windows/WDefaultFontCharset$Encoder done
Event: 0.336 loading class java/io/ByteArrayOutputStream
Event: 0.336 loading class java/io/ByteArrayOutputStream done
Event: 0.336 loading class sun/awt/windows/WingDings
Event: 0.336 loading class sun/awt/windows/WingDings done
Event: 0.336 loading class sun/awt/windows/WingDings$Encoder
Event: 0.336 loading class sun/awt/windows/WingDings$Encoder done
Event: 0.336 loading class sun/awt/Symbol
Event: 0.336 loading class sun/awt/Symbol done
Event: 0.337 loading class sun/awt/Symbol$Encoder
Event: 0.337 loading class sun/awt/Symbol$Encoder done


Dynamic libraries:
0x00007ff7ed650000 - 0x00007ff7ed65d000 	C:\Eclipse\pleiades\java\14\bin\javaw.exe
0x00007fff989f0000 - 0x00007fff98be5000 	C:\WINDOWS\SYSTEM32\ntdll.dll
0x00007fff97080000 - 0x00007fff9713d000 	C:\WINDOWS\System32\KERNEL32.DLL
0x00007fff96470000 - 0x00007fff96739000 	C:\WINDOWS\System32\KERNELBASE.dll
0x00007fff96290000 - 0x00007fff96390000 	C:\WINDOWS\System32\ucrtbase.dll
0x00007fff8fe50000 - 0x00007fff8fe68000 	C:\Eclipse\pleiades\java\14\bin\jli.dll
0x00007fff7e130000 - 0x00007fff7e145000 	C:\Eclipse\pleiades\java\14\bin\VCRUNTIME140.dll
0x00007fff96db0000 - 0x00007fff96f50000 	C:\WINDOWS\System32\USER32.dll
0x00007fff7cf00000 - 0x00007fff7d19a000 	C:\WINDOWS\WinSxS\amd64_microsoft.windows.common-controls_6595b64144ccf1df_6.0.19041.1110_none_60b5254171f9507e\COMCTL32.dll
0x00007fff96740000 - 0x00007fff96762000 	C:\WINDOWS\System32\win32u.dll
0x00007fff98350000 - 0x00007fff983ee000 	C:\WINDOWS\System32\msvcrt.dll
0x00007fff96d80000 - 0x00007fff96daa000 	C:\WINDOWS\System32\GDI32.dll
0x00007fff96900000 - 0x00007fff96a0b000 	C:\WINDOWS\System32\gdi32full.dll
0x00007fff967d0000 - 0x00007fff9686d000 	C:\WINDOWS\System32\msvcp_win.dll
0x00007fff98260000 - 0x00007fff98290000 	C:\WINDOWS\System32\IMM32.DLL
0x00007fff7c870000 - 0x00007fff7c90b000 	C:\Eclipse\pleiades\java\14\bin\msvcp140.dll
0x00007fff13850000 - 0x00007fff143e4000 	C:\Eclipse\pleiades\java\14\bin\server\jvm.dll
0x00007fff98900000 - 0x00007fff989ac000 	C:\WINDOWS\System32\ADVAPI32.dll
0x00007fff977d0000 - 0x00007fff9786b000 	C:\WINDOWS\System32\sechost.dll
0x00007fff96f50000 - 0x00007fff9707a000 	C:\WINDOWS\System32\RPCRT4.dll
0x00007fff97270000 - 0x00007fff97278000 	C:\WINDOWS\System32\PSAPI.DLL
0x00007fff7dd10000 - 0x00007fff7dd19000 	C:\WINDOWS\SYSTEM32\WSOCK32.dll
0x00007fff8a550000 - 0x00007fff8a577000 	C:\WINDOWS\SYSTEM32\WINMM.dll
0x00007fff8e980000 - 0x00007fff8e98a000 	C:\WINDOWS\SYSTEM32\VERSION.dll
0x00007fff97870000 - 0x00007fff978db000 	C:\WINDOWS\System32\WS2_32.dll
0x00007fff94080000 - 0x00007fff94092000 	C:\WINDOWS\SYSTEM32\kernel.appcore.dll
0x00007fff7c860000 - 0x00007fff7c86a000 	C:\Eclipse\pleiades\java\14\bin\jimage.dll
0x00007fff8d6f0000 - 0x00007fff8d8d4000 	C:\WINDOWS\SYSTEM32\DBGHELP.DLL
0x00007fff8d6c0000 - 0x00007fff8d6ec000 	C:\WINDOWS\SYSTEM32\dbgcore.DLL
0x00007fff96870000 - 0x00007fff968f3000 	C:\WINDOWS\System32\bcryptPrimitives.dll
0x00007fff7c830000 - 0x00007fff7c855000 	C:\Eclipse\pleiades\java\14\bin\java.dll
0x00007fff7c810000 - 0x00007fff7c826000 	C:\Eclipse\pleiades\java\14\bin\zip.dll
0x00007fff97aa0000 - 0x00007fff981df000 	C:\WINDOWS\System32\SHELL32.dll
0x00007fff94280000 - 0x00007fff94a11000 	C:\WINDOWS\SYSTEM32\windows.storage.dll
0x00007fff983f0000 - 0x00007fff98745000 	C:\WINDOWS\System32\combase.dll
0x00007fff95ba0000 - 0x00007fff95bcc000 	C:\WINDOWS\SYSTEM32\Wldp.dll
0x00007fff96ba0000 - 0x00007fff96c4e000 	C:\WINDOWS\System32\SHCORE.dll
0x00007fff98290000 - 0x00007fff982e5000 	C:\WINDOWS\System32\shlwapi.dll
0x00007fff96070000 - 0x00007fff9608f000 	C:\WINDOWS\SYSTEM32\profapi.dll
0x00007fff51e80000 - 0x00007fff52018000 	C:\Eclipse\pleiades\java\14\bin\awt.dll
0x00007fff978e0000 - 0x00007fff979ad000 	C:\WINDOWS\System32\OLEAUT32.dll
0x00007fff939e0000 - 0x00007fff93a70000 	C:\WINDOWS\SYSTEM32\apphelp.dll
0x00007fff93d90000 - 0x00007fff93dbf000 	C:\WINDOWS\system32\DWMAPI.DLL
0x00007fff93ba0000 - 0x00007fff93c3e000 	C:\WINDOWS\system32\uxtheme.dll
0x00007fff6dec0000 - 0x00007fff6dfe5000 	C:\WINDOWS\system32\opengl32.dll
0x00007fff7f9e0000 - 0x00007fff7fa0c000 	C:\WINDOWS\SYSTEM32\GLU32.dll
0x00007fff96c50000 - 0x00007fff96d65000 	C:\WINDOWS\System32\MSCTF.dll
0x00007fff97140000 - 0x00007fff9726a000 	C:\WINDOWS\System32\ole32.dll
0x00007fff8c110000 - 0x00007fff8c2de000 	C:\WINDOWS\system32\d3d9.dll
0x00007fff8bfb0000 - 0x00007fff8c0b5000 	C:\WINDOWS\System32\DriverStore\FileRepository\nv_dispi.inf_amd64_5be8de9f3373beaf\nvldumdx.dll
0x00007fff95d20000 - 0x00007fff95d32000 	C:\WINDOWS\SYSTEM32\msasn1.dll
0x00007fff8e840000 - 0x00007fff8e871000 	C:\WINDOWS\SYSTEM32\cryptnet.dll
0x00007fff96130000 - 0x00007fff9628f000 	C:\WINDOWS\System32\CRYPT32.dll
0x00007fff95b00000 - 0x00007fff95b0c000 	C:\WINDOWS\SYSTEM32\cryptbase.dll
0x00007fff96770000 - 0x00007fff967d0000 	C:\WINDOWS\System32\WINTRUST.DLL
0x00007fff97280000 - 0x00007fff9729d000 	C:\WINDOWS\System32\imagehlp.dll
0x00007fff95ae0000 - 0x00007fff95af8000 	C:\WINDOWS\SYSTEM32\CRYPTSP.dll
0x00007fff95230000 - 0x00007fff95264000 	C:\WINDOWS\system32\rsaenh.dll
0x00007fff96390000 - 0x00007fff963b7000 	C:\WINDOWS\System32\bcrypt.dll
0x00007fff2c400000 - 0x00007fff2e04a000 	C:\WINDOWS\System32\DriverStore\FileRepository\nv_dispi.inf_amd64_5be8de9f3373beaf\nvd3dumx.dll
0x00007fff5f950000 - 0x00007fff5fc0e000 	C:\WINDOWS\system32\nvspcap64.dll
0x00007fff94e60000 - 0x00007fff94e93000 	C:\WINDOWS\SYSTEM32\ntmarta.dll
0x00007fff94a30000 - 0x00007fff94a53000 	C:\WINDOWS\SYSTEM32\gpapi.dll
0x00007fff90e20000 - 0x00007fff90e5b000 	C:\WINDOWS\SYSTEM32\dxcore.dll
0x00007fff96a10000 - 0x00007fff96a5e000 	C:\WINDOWS\System32\cfgmgr32.dll
0x00007fff7c780000 - 0x00007fff7c802000 	C:\Eclipse\pleiades\java\14\bin\freetype.dll
0x00007fff7c520000 - 0x00007fff7c5c6000 	C:\Eclipse\pleiades\java\14\bin\fontmanager.dll

dbghelp: loaded successfully - version: 4.0.5 - missing functions: none
symbol engine: initialized successfully - sym options: 0x614 - pdb path: .;C:\Eclipse\pleiades\java\14\bin;C:\WINDOWS\SYSTEM32;C:\WINDOWS\WinSxS\amd64_microsoft.windows.common-controls_6595b64144ccf1df_6.0.19041.1110_none_60b5254171f9507e;C:\Eclipse\pleiades\java\14\bin\server;C:\WINDOWS\System32\DriverStore\FileRepository\nv_dispi.inf_amd64_5be8de9f3373beaf

VM Arguments:
jvm_args: -Dfile.encoding=UTF-8 -XX:+ShowCodeDetailsInExceptionMessages 
java_command: Server
java_class_path (initial): C:\Users\iRori\git\PL2ver2\bin
Launcher Type: SUN_STANDARD

[Global flags]
     intx CICompilerCount                          = 12                                        {product} {ergonomic}
     uint ConcGCThreads                            = 3                                         {product} {ergonomic}
     uint G1ConcRefinementThreads                  = 13                                        {product} {ergonomic}
   size_t G1HeapRegionSize                         = 1048576                                   {product} {ergonomic}
    uintx GCDrainStackTargetSize                   = 64                                        {product} {ergonomic}
   size_t InitialHeapSize                          = 268435456                                 {product} {ergonomic}
   size_t MarkStackSize                            = 4194304                                   {product} {ergonomic}
   size_t MaxHeapSize                              = 4284481536                                {product} {ergonomic}
   size_t MaxNewSize                               = 2570059776                                {product} {ergonomic}
   size_t MinHeapDeltaBytes                        = 1048576                                   {product} {ergonomic}
   size_t MinHeapSize                              = 8388608                                   {product} {ergonomic}
    uintx NonNMethodCodeHeapSize                   = 7602480                                {pd product} {ergonomic}
    uintx NonProfiledCodeHeapSize                  = 122027880                              {pd product} {ergonomic}
    uintx ProfiledCodeHeapSize                     = 122027880                              {pd product} {ergonomic}
    uintx ReservedCodeCacheSize                    = 251658240                              {pd product} {ergonomic}
     bool SegmentedCodeCache                       = true                                      {product} {ergonomic}
     bool ShowCodeDetailsInExceptionMessages       = true                                   {manageable} {command line}
   size_t SoftMaxHeapSize                          = 4284481536                             {manageable} {ergonomic}
     bool UseCompressedClassPointers               = true                                 {lp64_product} {ergonomic}
     bool UseCompressedOops                        = true                                 {lp64_product} {ergonomic}
     bool UseG1GC                                  = true                                      {product} {ergonomic}
     bool UseLargePagesIndividualAllocation        = false                                  {pd product} {ergonomic}

Logging:
Log output configuration:
 #0: stdout all=warning uptime,level,tags
 #1: stderr all=off uptime,level,tags

Environment Variables:
JAVA_HOME=C:\Program Files\Java\jdk-11.0.8
PATH=C:/Eclipse/pleiades/eclipse//dropins/EclipseCPP/eclipse/plugins/org.eclipse.justj.openjdk.hotspot.jre.full.win32.x86_64_14.0.2.v20200815-0932/jre/bin/server;C:/Eclipse/pleiades/eclipse//dropins/EclipseCPP/eclipse/plugins/org.eclipse.justj.openjdk.hotspot.jre.full.win32.x86_64_14.0.2.v20200815-0932/jre/bin;C:\Program Files\Common Files\Oracle\Java\javapath;C:\Program Files (x86)\Common Files\Oracle\Java\javapath;C:\Windows\system32;C:\Windows;C:\Windows\System32\Wbem;C:\Windows\System32\WindowsPowerShell\v1.0\;C:\Windows\System32\OpenSSH\;C:\Program Files (x86)\NVIDIA Corporation\PhysX\Common;C:\Program Files\NVIDIA Corporation\NVIDIA NvDLISR;C:\MinGW\bin;C:\Program Files\dotnet\;C:\Program Files\Microsoft SQL Server\130\Tools\Binn\;C:\Program Files\Microsoft SQL Server\Client SDK\ODBC\170\Tools\Binn\;C:\Program Files (x86)\GnuWin32\bin;C:\Program Files (x86)\QuickTime\QTSystem\;C:\WINDOWS\system32;C:\WINDOWS;C:\WINDOWS\System32\Wbem;C:\WINDOWS\System32\WindowsPowerShell\v1.0\;C:\WINDOWS\System32\OpenSSH\;C:\Users\iRori\AppData\Local\Microsoft\WindowsApps;C:\Program Files\Java\jdk-11.0.8\bin;C:\Users\iRori\AppData\Local\atom\bin;C:\Users\iRori\AppData\Local\Microsoft\WindowsApps;;C:\Users\iRori\AppData\Local\Programs\Microsoft VS Code\bin;C:\Eclipse\pleiades\eclipse;
USERNAME=iRori
OS=Windows_NT
PROCESSOR_IDENTIFIER=AMD64 Family 23 Model 113 Stepping 0, AuthenticAMD



---------------  S Y S T E M  ---------------

OS: Windows 10 , 64 bit Build 19041 (10.0.19041.1023)
OS uptime: 1 days 11:48 hours

CPU:total 16 (initial active 16) (16 cores per cpu, 2 threads per core) family 23 model 113 stepping 0, cmov, cx8, fxsr, mmx, sse, sse2, sse3, ssse3, sse4.1, sse4.2, popcnt, avx, avx2, aes, clmul, mmxext, 3dnowpref, lzcnt, sse4a, ht, tsc, tscinvbit, tscinv, bmi1, bmi2, adx, sha, fma

Memory: 4k page, system-wide physical 16337M (8323M free)
TotalPageFile size 33745M (AvailPageFile size 16710M)
current process WorkingSet (physical memory assigned to process): 66M, peak: 66M
current process commit charge ("private bytes"): 383M, peak: 383M

vm_info: OpenJDK 64-Bit Server VM (14.0.2+12) for windows-amd64 JRE (14.0.2+12), built on Jul 15 2020 11:30:16 by "" with MS VC++ 15.9 (VS2017)

END.
